<?xml version="1.0" encoding="UTF-8"?>
<testsuite xmlns:xsi="http://www.w3.org/2001/XMLSchema-instance" xsi:noNamespaceSchemaLocation="https://maven.apache.org/surefire/maven-surefire-plugin/xsd/surefire-test-report.xsd" name="repositories.AddressRepositoryTest" time="7.917" tests="2" errors="2" skipped="0" failures="0">
  <properties>
    <property name="sun.desktop" value="gnome"/>
    <property name="awt.toolkit" value="sun.awt.X11.XToolkit"/>
    <property name="java.specification.version" value="11"/>
    <property name="sun.cpu.isalist" value=""/>
    <property name="sun.jnu.encoding" value="UTF-8"/>
    <property name="java.class.path" value="/home/tmcnamara/IdeaProjects/com.astontech.hr/target/test-classes:/home/tmcnamara/IdeaProjects/com.astontech.hr/target/classes:/home/tmcnamara/.m2/repository/org/springframework/boot/spring-boot-starter-data-jpa/2.3.8.RELEASE/spring-boot-starter-data-jpa-2.3.8.RELEASE.jar:/home/tmcnamara/.m2/repository/org/springframework/boot/spring-boot-starter-aop/2.3.8.RELEASE/spring-boot-starter-aop-2.3.8.RELEASE.jar:/home/tmcnamara/.m2/repository/org/aspectj/aspectjweaver/1.9.6/aspectjweaver-1.9.6.jar:/home/tmcnamara/.m2/repository/org/springframework/boot/spring-boot-starter-jdbc/2.3.8.RELEASE/spring-boot-starter-jdbc-2.3.8.RELEASE.jar:/home/tmcnamara/.m2/repository/com/zaxxer/HikariCP/3.4.5/HikariCP-3.4.5.jar:/home/tmcnamara/.m2/repository/org/springframework/spring-jdbc/5.2.12.RELEASE/spring-jdbc-5.2.12.RELEASE.jar:/home/tmcnamara/.m2/repository/jakarta/transaction/jakarta.transaction-api/1.3.3/jakarta.transaction-api-1.3.3.jar:/home/tmcnamara/.m2/repository/jakarta/persistence/jakarta.persistence-api/2.2.3/jakarta.persistence-api-2.2.3.jar:/home/tmcnamara/.m2/repository/org/hibernate/hibernate-core/5.4.27.Final/hibernate-core-5.4.27.Final.jar:/home/tmcnamara/.m2/repository/org/jboss/logging/jboss-logging/3.4.1.Final/jboss-logging-3.4.1.Final.jar:/home/tmcnamara/.m2/repository/org/javassist/javassist/3.27.0-GA/javassist-3.27.0-GA.jar:/home/tmcnamara/.m2/repository/net/bytebuddy/byte-buddy/1.10.19/byte-buddy-1.10.19.jar:/home/tmcnamara/.m2/repository/antlr/antlr/2.7.7/antlr-2.7.7.jar:/home/tmcnamara/.m2/repository/org/jboss/jandex/2.1.3.Final/jandex-2.1.3.Final.jar:/home/tmcnamara/.m2/repository/org/dom4j/dom4j/2.1.3/dom4j-2.1.3.jar:/home/tmcnamara/.m2/repository/org/hibernate/common/hibernate-commons-annotations/5.1.2.Final/hibernate-commons-annotations-5.1.2.Final.jar:/home/tmcnamara/.m2/repository/org/glassfish/jaxb/jaxb-runtime/2.3.3/jaxb-runtime-2.3.3.jar:/home/tmcnamara/.m2/repository/org/glassfish/jaxb/txw2/2.3.3/txw2-2.3.3.jar:/home/tmcnamara/.m2/repository/com/sun/istack/istack-commons-runtime/3.0.11/istack-commons-runtime-3.0.11.jar:/home/tmcnamara/.m2/repository/com/sun/activation/jakarta.activation/1.2.2/jakarta.activation-1.2.2.jar:/home/tmcnamara/.m2/repository/org/springframework/data/spring-data-jpa/2.3.6.RELEASE/spring-data-jpa-2.3.6.RELEASE.jar:/home/tmcnamara/.m2/repository/org/springframework/data/spring-data-commons/2.3.6.RELEASE/spring-data-commons-2.3.6.RELEASE.jar:/home/tmcnamara/.m2/repository/org/springframework/spring-orm/5.2.12.RELEASE/spring-orm-5.2.12.RELEASE.jar:/home/tmcnamara/.m2/repository/org/springframework/spring-aspects/5.2.12.RELEASE/spring-aspects-5.2.12.RELEASE.jar:/home/tmcnamara/.m2/repository/org/springframework/boot/spring-boot-starter-web/2.3.8.RELEASE/spring-boot-starter-web-2.3.8.RELEASE.jar:/home/tmcnamara/.m2/repository/org/springframework/boot/spring-boot-starter/2.3.8.RELEASE/spring-boot-starter-2.3.8.RELEASE.jar:/home/tmcnamara/.m2/repository/org/springframework/boot/spring-boot/2.3.8.RELEASE/spring-boot-2.3.8.RELEASE.jar:/home/tmcnamara/.m2/repository/org/springframework/boot/spring-boot-autoconfigure/2.3.8.RELEASE/spring-boot-autoconfigure-2.3.8.RELEASE.jar:/home/tmcnamara/.m2/repository/org/springframework/boot/spring-boot-starter-logging/2.3.8.RELEASE/spring-boot-starter-logging-2.3.8.RELEASE.jar:/home/tmcnamara/.m2/repository/ch/qos/logback/logback-classic/1.2.3/logback-classic-1.2.3.jar:/home/tmcnamara/.m2/repository/ch/qos/logback/logback-core/1.2.3/logback-core-1.2.3.jar:/home/tmcnamara/.m2/repository/org/apache/logging/log4j/log4j-to-slf4j/2.13.3/log4j-to-slf4j-2.13.3.jar:/home/tmcnamara/.m2/repository/org/apache/logging/log4j/log4j-api/2.13.3/log4j-api-2.13.3.jar:/home/tmcnamara/.m2/repository/org/slf4j/jul-to-slf4j/1.7.30/jul-to-slf4j-1.7.30.jar:/home/tmcnamara/.m2/repository/jakarta/annotation/jakarta.annotation-api/1.3.5/jakarta.annotation-api-1.3.5.jar:/home/tmcnamara/.m2/repository/org/yaml/snakeyaml/1.26/snakeyaml-1.26.jar:/home/tmcnamara/.m2/repository/org/springframework/boot/spring-boot-starter-json/2.3.8.RELEASE/spring-boot-starter-json-2.3.8.RELEASE.jar:/home/tmcnamara/.m2/repository/com/fasterxml/jackson/core/jackson-databind/2.11.4/jackson-databind-2.11.4.jar:/home/tmcnamara/.m2/repository/com/fasterxml/jackson/core/jackson-core/2.11.4/jackson-core-2.11.4.jar:/home/tmcnamara/.m2/repository/com/fasterxml/jackson/datatype/jackson-datatype-jdk8/2.11.4/jackson-datatype-jdk8-2.11.4.jar:/home/tmcnamara/.m2/repository/com/fasterxml/jackson/datatype/jackson-datatype-jsr310/2.11.4/jackson-datatype-jsr310-2.11.4.jar:/home/tmcnamara/.m2/repository/com/fasterxml/jackson/module/jackson-module-parameter-names/2.11.4/jackson-module-parameter-names-2.11.4.jar:/home/tmcnamara/.m2/repository/org/springframework/boot/spring-boot-starter-tomcat/2.3.8.RELEASE/spring-boot-starter-tomcat-2.3.8.RELEASE.jar:/home/tmcnamara/.m2/repository/org/glassfish/jakarta.el/3.0.3/jakarta.el-3.0.3.jar:/home/tmcnamara/.m2/repository/org/apache/tomcat/embed/tomcat-embed-websocket/9.0.41/tomcat-embed-websocket-9.0.41.jar:/home/tmcnamara/.m2/repository/org/springframework/spring-web/5.2.12.RELEASE/spring-web-5.2.12.RELEASE.jar:/home/tmcnamara/.m2/repository/org/springframework/spring-webmvc/5.2.12.RELEASE/spring-webmvc-5.2.12.RELEASE.jar:/home/tmcnamara/.m2/repository/org/springframework/boot/spring-boot-starter-security/2.3.8.RELEASE/spring-boot-starter-security-2.3.8.RELEASE.jar:/home/tmcnamara/.m2/repository/org/springframework/spring-aop/5.2.12.RELEASE/spring-aop-5.2.12.RELEASE.jar:/home/tmcnamara/.m2/repository/org/springframework/security/spring-security-config/5.3.6.RELEASE/spring-security-config-5.3.6.RELEASE.jar:/home/tmcnamara/.m2/repository/org/springframework/security/spring-security-web/5.3.6.RELEASE/spring-security-web-5.3.6.RELEASE.jar:/home/tmcnamara/.m2/repository/org/springframework/boot/spring-boot-starter-test/2.3.8.RELEASE/spring-boot-starter-test-2.3.8.RELEASE.jar:/home/tmcnamara/.m2/repository/org/springframework/boot/spring-boot-test/2.3.8.RELEASE/spring-boot-test-2.3.8.RELEASE.jar:/home/tmcnamara/.m2/repository/org/springframework/boot/spring-boot-test-autoconfigure/2.3.8.RELEASE/spring-boot-test-autoconfigure-2.3.8.RELEASE.jar:/home/tmcnamara/.m2/repository/com/jayway/jsonpath/json-path/2.4.0/json-path-2.4.0.jar:/home/tmcnamara/.m2/repository/net/minidev/json-smart/2.3/json-smart-2.3.jar:/home/tmcnamara/.m2/repository/net/minidev/accessors-smart/1.2/accessors-smart-1.2.jar:/home/tmcnamara/.m2/repository/org/ow2/asm/asm/5.0.4/asm-5.0.4.jar:/home/tmcnamara/.m2/repository/jakarta/xml/bind/jakarta.xml.bind-api/2.3.3/jakarta.xml.bind-api-2.3.3.jar:/home/tmcnamara/.m2/repository/jakarta/activation/jakarta.activation-api/1.2.2/jakarta.activation-api-1.2.2.jar:/home/tmcnamara/.m2/repository/org/assertj/assertj-core/3.16.1/assertj-core-3.16.1.jar:/home/tmcnamara/.m2/repository/org/hamcrest/hamcrest/2.2/hamcrest-2.2.jar:/home/tmcnamara/.m2/repository/org/junit/jupiter/junit-jupiter/5.6.3/junit-jupiter-5.6.3.jar:/home/tmcnamara/.m2/repository/org/junit/jupiter/junit-jupiter-api/5.6.3/junit-jupiter-api-5.6.3.jar:/home/tmcnamara/.m2/repository/org/opentest4j/opentest4j/1.2.0/opentest4j-1.2.0.jar:/home/tmcnamara/.m2/repository/org/junit/platform/junit-platform-commons/1.6.3/junit-platform-commons-1.6.3.jar:/home/tmcnamara/.m2/repository/org/junit/jupiter/junit-jupiter-params/5.6.3/junit-jupiter-params-5.6.3.jar:/home/tmcnamara/.m2/repository/org/junit/jupiter/junit-jupiter-engine/5.6.3/junit-jupiter-engine-5.6.3.jar:/home/tmcnamara/.m2/repository/org/junit/vintage/junit-vintage-engine/5.6.3/junit-vintage-engine-5.6.3.jar:/home/tmcnamara/.m2/repository/org/apiguardian/apiguardian-api/1.1.0/apiguardian-api-1.1.0.jar:/home/tmcnamara/.m2/repository/org/junit/platform/junit-platform-engine/1.6.3/junit-platform-engine-1.6.3.jar:/home/tmcnamara/.m2/repository/junit/junit/4.13.1/junit-4.13.1.jar:/home/tmcnamara/.m2/repository/org/mockito/mockito-core/3.3.3/mockito-core-3.3.3.jar:/home/tmcnamara/.m2/repository/net/bytebuddy/byte-buddy-agent/1.10.19/byte-buddy-agent-1.10.19.jar:/home/tmcnamara/.m2/repository/org/objenesis/objenesis/2.6/objenesis-2.6.jar:/home/tmcnamara/.m2/repository/org/mockito/mockito-junit-jupiter/3.3.3/mockito-junit-jupiter-3.3.3.jar:/home/tmcnamara/.m2/repository/org/skyscreamer/jsonassert/1.5.0/jsonassert-1.5.0.jar:/home/tmcnamara/.m2/repository/com/vaadin/external/google/android-json/0.0.20131108.vaadin1/android-json-0.0.20131108.vaadin1.jar:/home/tmcnamara/.m2/repository/org/springframework/spring-core/5.2.12.RELEASE/spring-core-5.2.12.RELEASE.jar:/home/tmcnamara/.m2/repository/org/springframework/spring-jcl/5.2.12.RELEASE/spring-jcl-5.2.12.RELEASE.jar:/home/tmcnamara/.m2/repository/org/springframework/spring-test/5.2.12.RELEASE/spring-test-5.2.12.RELEASE.jar:/home/tmcnamara/.m2/repository/org/xmlunit/xmlunit-core/2.7.0/xmlunit-core-2.7.0.jar:/home/tmcnamara/.m2/repository/org/springframework/boot/spring-boot-starter-data-rest/2.3.8.RELEASE/spring-boot-starter-data-rest-2.3.8.RELEASE.jar:/home/tmcnamara/.m2/repository/org/springframework/data/spring-data-rest-webmvc/3.3.6.RELEASE/spring-data-rest-webmvc-3.3.6.RELEASE.jar:/home/tmcnamara/.m2/repository/org/springframework/data/spring-data-rest-core/3.3.6.RELEASE/spring-data-rest-core-3.3.6.RELEASE.jar:/home/tmcnamara/.m2/repository/org/springframework/hateoas/spring-hateoas/1.1.3.RELEASE/spring-hateoas-1.1.3.RELEASE.jar:/home/tmcnamara/.m2/repository/org/atteo/evo-inflector/1.2.2/evo-inflector-1.2.2.jar:/home/tmcnamara/.m2/repository/com/fasterxml/jackson/core/jackson-annotations/2.11.4/jackson-annotations-2.11.4.jar:/home/tmcnamara/.m2/repository/com/h2database/h2/1.4.200/h2-1.4.200.jar:/home/tmcnamara/.m2/repository/mysql/mysql-connector-java/8.0.22/mysql-connector-java-8.0.22.jar:/home/tmcnamara/.m2/repository/javax/servlet/jstl/1.2/jstl-1.2.jar:/home/tmcnamara/.m2/repository/org/apache/tomcat/embed/tomcat-embed-jasper/9.0.41/tomcat-embed-jasper-9.0.41.jar:/home/tmcnamara/.m2/repository/org/apache/tomcat/embed/tomcat-embed-core/9.0.41/tomcat-embed-core-9.0.41.jar:/home/tmcnamara/.m2/repository/org/apache/tomcat/tomcat-annotations-api/9.0.41/tomcat-annotations-api-9.0.41.jar:/home/tmcnamara/.m2/repository/org/apache/tomcat/embed/tomcat-embed-el/9.0.41/tomcat-embed-el-9.0.41.jar:/home/tmcnamara/.m2/repository/org/eclipse/jdt/ecj/3.18.0/ecj-3.18.0.jar:/home/tmcnamara/.m2/repository/org/apache/tomcat/tomcat-jdbc/9.0.41/tomcat-jdbc-9.0.41.jar:/home/tmcnamara/.m2/repository/org/apache/tomcat/tomcat-juli/9.0.41/tomcat-juli-9.0.41.jar:/home/tmcnamara/.m2/repository/org/springframework/security/spring-security-taglibs/4.0.3.RELEASE/spring-security-taglibs-4.0.3.RELEASE.jar:/home/tmcnamara/.m2/repository/org/springframework/security/spring-security-acl/5.3.6.RELEASE/spring-security-acl-5.3.6.RELEASE.jar:/home/tmcnamara/.m2/repository/org/springframework/security/spring-security-core/5.3.6.RELEASE/spring-security-core-5.3.6.RELEASE.jar:/home/tmcnamara/.m2/repository/org/springframework/spring-beans/5.2.12.RELEASE/spring-beans-5.2.12.RELEASE.jar:/home/tmcnamara/.m2/repository/org/springframework/spring-context/5.2.12.RELEASE/spring-context-5.2.12.RELEASE.jar:/home/tmcnamara/.m2/repository/org/springframework/spring-expression/5.2.12.RELEASE/spring-expression-5.2.12.RELEASE.jar:/home/tmcnamara/.m2/repository/org/springframework/security/spring-security-ldap/5.3.6.RELEASE/spring-security-ldap-5.3.6.RELEASE.jar:/home/tmcnamara/.m2/repository/org/springframework/ldap/spring-ldap-core/2.3.3.RELEASE/spring-ldap-core-2.3.3.RELEASE.jar:/home/tmcnamara/.m2/repository/org/springframework/spring-tx/5.2.12.RELEASE/spring-tx-5.2.12.RELEASE.jar:/home/tmcnamara/.m2/repository/org/webjars/bootstrap/3.3.4/bootstrap-3.3.4.jar:/home/tmcnamara/.m2/repository/org/webjars/jquery/2.1.4/jquery-2.1.4.jar:/home/tmcnamara/.m2/repository/io/springfox/springfox-swagger2/2.9.2/springfox-swagger2-2.9.2.jar:/home/tmcnamara/.m2/repository/io/swagger/swagger-annotations/1.5.20/swagger-annotations-1.5.20.jar:/home/tmcnamara/.m2/repository/io/swagger/swagger-models/1.5.20/swagger-models-1.5.20.jar:/home/tmcnamara/.m2/repository/io/springfox/springfox-spi/2.9.2/springfox-spi-2.9.2.jar:/home/tmcnamara/.m2/repository/io/springfox/springfox-core/2.9.2/springfox-core-2.9.2.jar:/home/tmcnamara/.m2/repository/io/springfox/springfox-schema/2.9.2/springfox-schema-2.9.2.jar:/home/tmcnamara/.m2/repository/io/springfox/springfox-swagger-common/2.9.2/springfox-swagger-common-2.9.2.jar:/home/tmcnamara/.m2/repository/io/springfox/springfox-spring-web/2.9.2/springfox-spring-web-2.9.2.jar:/home/tmcnamara/.m2/repository/com/google/guava/guava/20.0/guava-20.0.jar:/home/tmcnamara/.m2/repository/com/fasterxml/classmate/1.5.1/classmate-1.5.1.jar:/home/tmcnamara/.m2/repository/org/slf4j/slf4j-api/1.7.30/slf4j-api-1.7.30.jar:/home/tmcnamara/.m2/repository/org/springframework/plugin/spring-plugin-core/1.2.0.RELEASE/spring-plugin-core-1.2.0.RELEASE.jar:/home/tmcnamara/.m2/repository/org/springframework/plugin/spring-plugin-metadata/1.2.0.RELEASE/spring-plugin-metadata-1.2.0.RELEASE.jar:/home/tmcnamara/.m2/repository/org/mapstruct/mapstruct/1.2.0.Final/mapstruct-1.2.0.Final.jar:/home/tmcnamara/.m2/repository/io/springfox/springfox-swagger-ui/3.0.0/springfox-swagger-ui-3.0.0.jar:/home/tmcnamara/.m2/repository/io/springfox/springfox-spring-webmvc/3.0.0/springfox-spring-webmvc-3.0.0.jar:"/>
    <property name="java.vm.vendor" value="AdoptOpenJDK"/>
    <property name="sun.arch.data.model" value="64"/>
    <property name="java.vendor.url" value="https://adoptopenjdk.net/"/>
    <property name="user.timezone" value=""/>
    <property name="java.vm.specification.version" value="11"/>
    <property name="os.name" value="Linux"/>
    <property name="sun.java.launcher" value="SUN_STANDARD"/>
    <property name="user.country" value="US"/>
    <property name="sun.boot.library.path" value="/home/tmcnamara/.sdkman/candidates/java/11.0.9.hs-adpt/lib"/>
    <property name="sun.java.command" value="/home/tmcnamara/IdeaProjects/com.astontech.hr/target/surefire/surefirebooter10881394002761094660.jar /home/tmcnamara/IdeaProjects/com.astontech.hr/target/surefire 2021-02-11T11-09-12_337-jvmRun1 surefire3810847263316185894tmp surefire_07330378578984055967tmp"/>
    <property name="jdk.debug" value="release"/>
    <property name="surefire.test.class.path" value="/home/tmcnamara/IdeaProjects/com.astontech.hr/target/test-classes:/home/tmcnamara/IdeaProjects/com.astontech.hr/target/classes:/home/tmcnamara/.m2/repository/org/springframework/boot/spring-boot-starter-data-jpa/2.3.8.RELEASE/spring-boot-starter-data-jpa-2.3.8.RELEASE.jar:/home/tmcnamara/.m2/repository/org/springframework/boot/spring-boot-starter-aop/2.3.8.RELEASE/spring-boot-starter-aop-2.3.8.RELEASE.jar:/home/tmcnamara/.m2/repository/org/aspectj/aspectjweaver/1.9.6/aspectjweaver-1.9.6.jar:/home/tmcnamara/.m2/repository/org/springframework/boot/spring-boot-starter-jdbc/2.3.8.RELEASE/spring-boot-starter-jdbc-2.3.8.RELEASE.jar:/home/tmcnamara/.m2/repository/com/zaxxer/HikariCP/3.4.5/HikariCP-3.4.5.jar:/home/tmcnamara/.m2/repository/org/springframework/spring-jdbc/5.2.12.RELEASE/spring-jdbc-5.2.12.RELEASE.jar:/home/tmcnamara/.m2/repository/jakarta/transaction/jakarta.transaction-api/1.3.3/jakarta.transaction-api-1.3.3.jar:/home/tmcnamara/.m2/repository/jakarta/persistence/jakarta.persistence-api/2.2.3/jakarta.persistence-api-2.2.3.jar:/home/tmcnamara/.m2/repository/org/hibernate/hibernate-core/5.4.27.Final/hibernate-core-5.4.27.Final.jar:/home/tmcnamara/.m2/repository/org/jboss/logging/jboss-logging/3.4.1.Final/jboss-logging-3.4.1.Final.jar:/home/tmcnamara/.m2/repository/org/javassist/javassist/3.27.0-GA/javassist-3.27.0-GA.jar:/home/tmcnamara/.m2/repository/net/bytebuddy/byte-buddy/1.10.19/byte-buddy-1.10.19.jar:/home/tmcnamara/.m2/repository/antlr/antlr/2.7.7/antlr-2.7.7.jar:/home/tmcnamara/.m2/repository/org/jboss/jandex/2.1.3.Final/jandex-2.1.3.Final.jar:/home/tmcnamara/.m2/repository/org/dom4j/dom4j/2.1.3/dom4j-2.1.3.jar:/home/tmcnamara/.m2/repository/org/hibernate/common/hibernate-commons-annotations/5.1.2.Final/hibernate-commons-annotations-5.1.2.Final.jar:/home/tmcnamara/.m2/repository/org/glassfish/jaxb/jaxb-runtime/2.3.3/jaxb-runtime-2.3.3.jar:/home/tmcnamara/.m2/repository/org/glassfish/jaxb/txw2/2.3.3/txw2-2.3.3.jar:/home/tmcnamara/.m2/repository/com/sun/istack/istack-commons-runtime/3.0.11/istack-commons-runtime-3.0.11.jar:/home/tmcnamara/.m2/repository/com/sun/activation/jakarta.activation/1.2.2/jakarta.activation-1.2.2.jar:/home/tmcnamara/.m2/repository/org/springframework/data/spring-data-jpa/2.3.6.RELEASE/spring-data-jpa-2.3.6.RELEASE.jar:/home/tmcnamara/.m2/repository/org/springframework/data/spring-data-commons/2.3.6.RELEASE/spring-data-commons-2.3.6.RELEASE.jar:/home/tmcnamara/.m2/repository/org/springframework/spring-orm/5.2.12.RELEASE/spring-orm-5.2.12.RELEASE.jar:/home/tmcnamara/.m2/repository/org/springframework/spring-aspects/5.2.12.RELEASE/spring-aspects-5.2.12.RELEASE.jar:/home/tmcnamara/.m2/repository/org/springframework/boot/spring-boot-starter-web/2.3.8.RELEASE/spring-boot-starter-web-2.3.8.RELEASE.jar:/home/tmcnamara/.m2/repository/org/springframework/boot/spring-boot-starter/2.3.8.RELEASE/spring-boot-starter-2.3.8.RELEASE.jar:/home/tmcnamara/.m2/repository/org/springframework/boot/spring-boot/2.3.8.RELEASE/spring-boot-2.3.8.RELEASE.jar:/home/tmcnamara/.m2/repository/org/springframework/boot/spring-boot-autoconfigure/2.3.8.RELEASE/spring-boot-autoconfigure-2.3.8.RELEASE.jar:/home/tmcnamara/.m2/repository/org/springframework/boot/spring-boot-starter-logging/2.3.8.RELEASE/spring-boot-starter-logging-2.3.8.RELEASE.jar:/home/tmcnamara/.m2/repository/ch/qos/logback/logback-classic/1.2.3/logback-classic-1.2.3.jar:/home/tmcnamara/.m2/repository/ch/qos/logback/logback-core/1.2.3/logback-core-1.2.3.jar:/home/tmcnamara/.m2/repository/org/apache/logging/log4j/log4j-to-slf4j/2.13.3/log4j-to-slf4j-2.13.3.jar:/home/tmcnamara/.m2/repository/org/apache/logging/log4j/log4j-api/2.13.3/log4j-api-2.13.3.jar:/home/tmcnamara/.m2/repository/org/slf4j/jul-to-slf4j/1.7.30/jul-to-slf4j-1.7.30.jar:/home/tmcnamara/.m2/repository/jakarta/annotation/jakarta.annotation-api/1.3.5/jakarta.annotation-api-1.3.5.jar:/home/tmcnamara/.m2/repository/org/yaml/snakeyaml/1.26/snakeyaml-1.26.jar:/home/tmcnamara/.m2/repository/org/springframework/boot/spring-boot-starter-json/2.3.8.RELEASE/spring-boot-starter-json-2.3.8.RELEASE.jar:/home/tmcnamara/.m2/repository/com/fasterxml/jackson/core/jackson-databind/2.11.4/jackson-databind-2.11.4.jar:/home/tmcnamara/.m2/repository/com/fasterxml/jackson/core/jackson-core/2.11.4/jackson-core-2.11.4.jar:/home/tmcnamara/.m2/repository/com/fasterxml/jackson/datatype/jackson-datatype-jdk8/2.11.4/jackson-datatype-jdk8-2.11.4.jar:/home/tmcnamara/.m2/repository/com/fasterxml/jackson/datatype/jackson-datatype-jsr310/2.11.4/jackson-datatype-jsr310-2.11.4.jar:/home/tmcnamara/.m2/repository/com/fasterxml/jackson/module/jackson-module-parameter-names/2.11.4/jackson-module-parameter-names-2.11.4.jar:/home/tmcnamara/.m2/repository/org/springframework/boot/spring-boot-starter-tomcat/2.3.8.RELEASE/spring-boot-starter-tomcat-2.3.8.RELEASE.jar:/home/tmcnamara/.m2/repository/org/glassfish/jakarta.el/3.0.3/jakarta.el-3.0.3.jar:/home/tmcnamara/.m2/repository/org/apache/tomcat/embed/tomcat-embed-websocket/9.0.41/tomcat-embed-websocket-9.0.41.jar:/home/tmcnamara/.m2/repository/org/springframework/spring-web/5.2.12.RELEASE/spring-web-5.2.12.RELEASE.jar:/home/tmcnamara/.m2/repository/org/springframework/spring-webmvc/5.2.12.RELEASE/spring-webmvc-5.2.12.RELEASE.jar:/home/tmcnamara/.m2/repository/org/springframework/boot/spring-boot-starter-security/2.3.8.RELEASE/spring-boot-starter-security-2.3.8.RELEASE.jar:/home/tmcnamara/.m2/repository/org/springframework/spring-aop/5.2.12.RELEASE/spring-aop-5.2.12.RELEASE.jar:/home/tmcnamara/.m2/repository/org/springframework/security/spring-security-config/5.3.6.RELEASE/spring-security-config-5.3.6.RELEASE.jar:/home/tmcnamara/.m2/repository/org/springframework/security/spring-security-web/5.3.6.RELEASE/spring-security-web-5.3.6.RELEASE.jar:/home/tmcnamara/.m2/repository/org/springframework/boot/spring-boot-starter-test/2.3.8.RELEASE/spring-boot-starter-test-2.3.8.RELEASE.jar:/home/tmcnamara/.m2/repository/org/springframework/boot/spring-boot-test/2.3.8.RELEASE/spring-boot-test-2.3.8.RELEASE.jar:/home/tmcnamara/.m2/repository/org/springframework/boot/spring-boot-test-autoconfigure/2.3.8.RELEASE/spring-boot-test-autoconfigure-2.3.8.RELEASE.jar:/home/tmcnamara/.m2/repository/com/jayway/jsonpath/json-path/2.4.0/json-path-2.4.0.jar:/home/tmcnamara/.m2/repository/net/minidev/json-smart/2.3/json-smart-2.3.jar:/home/tmcnamara/.m2/repository/net/minidev/accessors-smart/1.2/accessors-smart-1.2.jar:/home/tmcnamara/.m2/repository/org/ow2/asm/asm/5.0.4/asm-5.0.4.jar:/home/tmcnamara/.m2/repository/jakarta/xml/bind/jakarta.xml.bind-api/2.3.3/jakarta.xml.bind-api-2.3.3.jar:/home/tmcnamara/.m2/repository/jakarta/activation/jakarta.activation-api/1.2.2/jakarta.activation-api-1.2.2.jar:/home/tmcnamara/.m2/repository/org/assertj/assertj-core/3.16.1/assertj-core-3.16.1.jar:/home/tmcnamara/.m2/repository/org/hamcrest/hamcrest/2.2/hamcrest-2.2.jar:/home/tmcnamara/.m2/repository/org/junit/jupiter/junit-jupiter/5.6.3/junit-jupiter-5.6.3.jar:/home/tmcnamara/.m2/repository/org/junit/jupiter/junit-jupiter-api/5.6.3/junit-jupiter-api-5.6.3.jar:/home/tmcnamara/.m2/repository/org/opentest4j/opentest4j/1.2.0/opentest4j-1.2.0.jar:/home/tmcnamara/.m2/repository/org/junit/platform/junit-platform-commons/1.6.3/junit-platform-commons-1.6.3.jar:/home/tmcnamara/.m2/repository/org/junit/jupiter/junit-jupiter-params/5.6.3/junit-jupiter-params-5.6.3.jar:/home/tmcnamara/.m2/repository/org/junit/jupiter/junit-jupiter-engine/5.6.3/junit-jupiter-engine-5.6.3.jar:/home/tmcnamara/.m2/repository/org/junit/vintage/junit-vintage-engine/5.6.3/junit-vintage-engine-5.6.3.jar:/home/tmcnamara/.m2/repository/org/apiguardian/apiguardian-api/1.1.0/apiguardian-api-1.1.0.jar:/home/tmcnamara/.m2/repository/org/junit/platform/junit-platform-engine/1.6.3/junit-platform-engine-1.6.3.jar:/home/tmcnamara/.m2/repository/junit/junit/4.13.1/junit-4.13.1.jar:/home/tmcnamara/.m2/repository/org/mockito/mockito-core/3.3.3/mockito-core-3.3.3.jar:/home/tmcnamara/.m2/repository/net/bytebuddy/byte-buddy-agent/1.10.19/byte-buddy-agent-1.10.19.jar:/home/tmcnamara/.m2/repository/org/objenesis/objenesis/2.6/objenesis-2.6.jar:/home/tmcnamara/.m2/repository/org/mockito/mockito-junit-jupiter/3.3.3/mockito-junit-jupiter-3.3.3.jar:/home/tmcnamara/.m2/repository/org/skyscreamer/jsonassert/1.5.0/jsonassert-1.5.0.jar:/home/tmcnamara/.m2/repository/com/vaadin/external/google/android-json/0.0.20131108.vaadin1/android-json-0.0.20131108.vaadin1.jar:/home/tmcnamara/.m2/repository/org/springframework/spring-core/5.2.12.RELEASE/spring-core-5.2.12.RELEASE.jar:/home/tmcnamara/.m2/repository/org/springframework/spring-jcl/5.2.12.RELEASE/spring-jcl-5.2.12.RELEASE.jar:/home/tmcnamara/.m2/repository/org/springframework/spring-test/5.2.12.RELEASE/spring-test-5.2.12.RELEASE.jar:/home/tmcnamara/.m2/repository/org/xmlunit/xmlunit-core/2.7.0/xmlunit-core-2.7.0.jar:/home/tmcnamara/.m2/repository/org/springframework/boot/spring-boot-starter-data-rest/2.3.8.RELEASE/spring-boot-starter-data-rest-2.3.8.RELEASE.jar:/home/tmcnamara/.m2/repository/org/springframework/data/spring-data-rest-webmvc/3.3.6.RELEASE/spring-data-rest-webmvc-3.3.6.RELEASE.jar:/home/tmcnamara/.m2/repository/org/springframework/data/spring-data-rest-core/3.3.6.RELEASE/spring-data-rest-core-3.3.6.RELEASE.jar:/home/tmcnamara/.m2/repository/org/springframework/hateoas/spring-hateoas/1.1.3.RELEASE/spring-hateoas-1.1.3.RELEASE.jar:/home/tmcnamara/.m2/repository/org/atteo/evo-inflector/1.2.2/evo-inflector-1.2.2.jar:/home/tmcnamara/.m2/repository/com/fasterxml/jackson/core/jackson-annotations/2.11.4/jackson-annotations-2.11.4.jar:/home/tmcnamara/.m2/repository/com/h2database/h2/1.4.200/h2-1.4.200.jar:/home/tmcnamara/.m2/repository/mysql/mysql-connector-java/8.0.22/mysql-connector-java-8.0.22.jar:/home/tmcnamara/.m2/repository/javax/servlet/jstl/1.2/jstl-1.2.jar:/home/tmcnamara/.m2/repository/org/apache/tomcat/embed/tomcat-embed-jasper/9.0.41/tomcat-embed-jasper-9.0.41.jar:/home/tmcnamara/.m2/repository/org/apache/tomcat/embed/tomcat-embed-core/9.0.41/tomcat-embed-core-9.0.41.jar:/home/tmcnamara/.m2/repository/org/apache/tomcat/tomcat-annotations-api/9.0.41/tomcat-annotations-api-9.0.41.jar:/home/tmcnamara/.m2/repository/org/apache/tomcat/embed/tomcat-embed-el/9.0.41/tomcat-embed-el-9.0.41.jar:/home/tmcnamara/.m2/repository/org/eclipse/jdt/ecj/3.18.0/ecj-3.18.0.jar:/home/tmcnamara/.m2/repository/org/apache/tomcat/tomcat-jdbc/9.0.41/tomcat-jdbc-9.0.41.jar:/home/tmcnamara/.m2/repository/org/apache/tomcat/tomcat-juli/9.0.41/tomcat-juli-9.0.41.jar:/home/tmcnamara/.m2/repository/org/springframework/security/spring-security-taglibs/4.0.3.RELEASE/spring-security-taglibs-4.0.3.RELEASE.jar:/home/tmcnamara/.m2/repository/org/springframework/security/spring-security-acl/5.3.6.RELEASE/spring-security-acl-5.3.6.RELEASE.jar:/home/tmcnamara/.m2/repository/org/springframework/security/spring-security-core/5.3.6.RELEASE/spring-security-core-5.3.6.RELEASE.jar:/home/tmcnamara/.m2/repository/org/springframework/spring-beans/5.2.12.RELEASE/spring-beans-5.2.12.RELEASE.jar:/home/tmcnamara/.m2/repository/org/springframework/spring-context/5.2.12.RELEASE/spring-context-5.2.12.RELEASE.jar:/home/tmcnamara/.m2/repository/org/springframework/spring-expression/5.2.12.RELEASE/spring-expression-5.2.12.RELEASE.jar:/home/tmcnamara/.m2/repository/org/springframework/security/spring-security-ldap/5.3.6.RELEASE/spring-security-ldap-5.3.6.RELEASE.jar:/home/tmcnamara/.m2/repository/org/springframework/ldap/spring-ldap-core/2.3.3.RELEASE/spring-ldap-core-2.3.3.RELEASE.jar:/home/tmcnamara/.m2/repository/org/springframework/spring-tx/5.2.12.RELEASE/spring-tx-5.2.12.RELEASE.jar:/home/tmcnamara/.m2/repository/org/webjars/bootstrap/3.3.4/bootstrap-3.3.4.jar:/home/tmcnamara/.m2/repository/org/webjars/jquery/2.1.4/jquery-2.1.4.jar:/home/tmcnamara/.m2/repository/io/springfox/springfox-swagger2/2.9.2/springfox-swagger2-2.9.2.jar:/home/tmcnamara/.m2/repository/io/swagger/swagger-annotations/1.5.20/swagger-annotations-1.5.20.jar:/home/tmcnamara/.m2/repository/io/swagger/swagger-models/1.5.20/swagger-models-1.5.20.jar:/home/tmcnamara/.m2/repository/io/springfox/springfox-spi/2.9.2/springfox-spi-2.9.2.jar:/home/tmcnamara/.m2/repository/io/springfox/springfox-core/2.9.2/springfox-core-2.9.2.jar:/home/tmcnamara/.m2/repository/io/springfox/springfox-schema/2.9.2/springfox-schema-2.9.2.jar:/home/tmcnamara/.m2/repository/io/springfox/springfox-swagger-common/2.9.2/springfox-swagger-common-2.9.2.jar:/home/tmcnamara/.m2/repository/io/springfox/springfox-spring-web/2.9.2/springfox-spring-web-2.9.2.jar:/home/tmcnamara/.m2/repository/com/google/guava/guava/20.0/guava-20.0.jar:/home/tmcnamara/.m2/repository/com/fasterxml/classmate/1.5.1/classmate-1.5.1.jar:/home/tmcnamara/.m2/repository/org/slf4j/slf4j-api/1.7.30/slf4j-api-1.7.30.jar:/home/tmcnamara/.m2/repository/org/springframework/plugin/spring-plugin-core/1.2.0.RELEASE/spring-plugin-core-1.2.0.RELEASE.jar:/home/tmcnamara/.m2/repository/org/springframework/plugin/spring-plugin-metadata/1.2.0.RELEASE/spring-plugin-metadata-1.2.0.RELEASE.jar:/home/tmcnamara/.m2/repository/org/mapstruct/mapstruct/1.2.0.Final/mapstruct-1.2.0.Final.jar:/home/tmcnamara/.m2/repository/io/springfox/springfox-swagger-ui/3.0.0/springfox-swagger-ui-3.0.0.jar:/home/tmcnamara/.m2/repository/io/springfox/springfox-spring-webmvc/3.0.0/springfox-spring-webmvc-3.0.0.jar:"/>
    <property name="sun.cpu.endian" value="little"/>
    <property name="user.home" value="/home/tmcnamara"/>
    <property name="user.language" value="en"/>
    <property name="java.specification.vendor" value="Oracle Corporation"/>
    <property name="java.version.date" value="2020-11-04"/>
    <property name="java.home" value="/home/tmcnamara/.sdkman/candidates/java/11.0.9.hs-adpt"/>
    <property name="file.separator" value="/"/>
    <property name="basedir" value="/home/tmcnamara/IdeaProjects/com.astontech.hr"/>
    <property name="java.vm.compressedOopsMode" value="Zero based"/>
    <property name="line.separator" value="&#10;"/>
    <property name="java.specification.name" value="Java Platform API Specification"/>
    <property name="java.vm.specification.vendor" value="Oracle Corporation"/>
    <property name="java.awt.graphicsenv" value="sun.awt.X11GraphicsEnvironment"/>
    <property name="surefire.real.class.path" value="/home/tmcnamara/IdeaProjects/com.astontech.hr/target/surefire/surefirebooter10881394002761094660.jar"/>
    <property name="sun.management.compiler" value="HotSpot 64-Bit Tiered Compilers"/>
    <property name="java.runtime.version" value="11.0.9.1+1"/>
    <property name="user.name" value="tmcnamara"/>
    <property name="path.separator" value=":"/>
    <property name="os.version" value="4.15.0-135-generic"/>
    <property name="java.runtime.name" value="OpenJDK Runtime Environment"/>
    <property name="file.encoding" value="UTF-8"/>
    <property name="java.vm.name" value="OpenJDK 64-Bit Server VM"/>
    <property name="java.vendor.version" value="AdoptOpenJDK"/>
    <property name="localRepository" value="/home/tmcnamara/.m2/repository"/>
    <property name="java.vendor.url.bug" value="https://github.com/AdoptOpenJDK/openjdk-support/issues"/>
    <property name="java.io.tmpdir" value="/tmp"/>
    <property name="java.version" value="11.0.9.1"/>
    <property name="user.dir" value="/home/tmcnamara/IdeaProjects/com.astontech.hr"/>
    <property name="os.arch" value="amd64"/>
    <property name="java.vm.specification.name" value="Java Virtual Machine Specification"/>
    <property name="java.awt.printerjob" value="sun.print.PSPrinterJob"/>
    <property name="sun.os.patch.level" value="unknown"/>
    <property name="java.library.path" value="/usr/java/packages/lib:/usr/lib64:/lib64:/lib:/usr/lib"/>
    <property name="java.vm.info" value="mixed mode"/>
    <property name="java.vendor" value="AdoptOpenJDK"/>
    <property name="java.vm.version" value="11.0.9.1+1"/>
    <property name="sun.io.unicode.encoding" value="UnicodeLittle"/>
    <property name="java.class.version" value="55.0"/>
  </properties>
  <testcase name="testSaveAddress" classname="repositories.AddressRepositoryTest" time="0.009">
    <error message="Failed to load ApplicationContext" type="java.lang.IllegalStateException">java.lang.IllegalStateException: Failed to load ApplicationContext
Caused by: org.springframework.beans.factory.UnsatisfiedDependencyException: Error creating bean with name 'repositoryEntityController' defined in URL [jar:file:/home/tmcnamara/.m2/repository/org/springframework/data/spring-data-rest-webmvc/3.3.6.RELEASE/spring-data-rest-webmvc-3.3.6.RELEASE.jar!/org/springframework/data/rest/webmvc/RepositoryEntityController.class]: Unsatisfied dependency expressed through constructor parameter 2; nested exception is org.springframework.beans.factory.BeanCreationException: Error creating bean with name 'entityLinks' defined in class path resource [org/springframework/data/rest/webmvc/config/RepositoryRestMvcConfiguration.class]: Bean instantiation via factory method failed; nested exception is org.springframework.beans.BeanInstantiationException: Failed to instantiate [org.springframework.data.rest.webmvc.support.RepositoryEntityLinks]: Factory method 'entityLinks' threw exception; nested exception is org.springframework.beans.factory.BeanCreationException: Error creating bean with name 'backendIdConverterRegistry' defined in class path resource [org/springframework/data/rest/webmvc/config/RepositoryRestMvcConfiguration.class]: Bean instantiation via factory method failed; nested exception is org.springframework.beans.BeanInstantiationException: Failed to instantiate [org.springframework.plugin.core.PluginRegistry]: Factory method 'backendIdConverterRegistry' threw exception; nested exception is java.lang.NoSuchMethodError: 'org.springframework.plugin.core.PluginRegistry org.springframework.plugin.core.PluginRegistry.of(java.util.List)'
Caused by: org.springframework.beans.factory.BeanCreationException: Error creating bean with name 'entityLinks' defined in class path resource [org/springframework/data/rest/webmvc/config/RepositoryRestMvcConfiguration.class]: Bean instantiation via factory method failed; nested exception is org.springframework.beans.BeanInstantiationException: Failed to instantiate [org.springframework.data.rest.webmvc.support.RepositoryEntityLinks]: Factory method 'entityLinks' threw exception; nested exception is org.springframework.beans.factory.BeanCreationException: Error creating bean with name 'backendIdConverterRegistry' defined in class path resource [org/springframework/data/rest/webmvc/config/RepositoryRestMvcConfiguration.class]: Bean instantiation via factory method failed; nested exception is org.springframework.beans.BeanInstantiationException: Failed to instantiate [org.springframework.plugin.core.PluginRegistry]: Factory method 'backendIdConverterRegistry' threw exception; nested exception is java.lang.NoSuchMethodError: 'org.springframework.plugin.core.PluginRegistry org.springframework.plugin.core.PluginRegistry.of(java.util.List)'
Caused by: org.springframework.beans.BeanInstantiationException: Failed to instantiate [org.springframework.data.rest.webmvc.support.RepositoryEntityLinks]: Factory method 'entityLinks' threw exception; nested exception is org.springframework.beans.factory.BeanCreationException: Error creating bean with name 'backendIdConverterRegistry' defined in class path resource [org/springframework/data/rest/webmvc/config/RepositoryRestMvcConfiguration.class]: Bean instantiation via factory method failed; nested exception is org.springframework.beans.BeanInstantiationException: Failed to instantiate [org.springframework.plugin.core.PluginRegistry]: Factory method 'backendIdConverterRegistry' threw exception; nested exception is java.lang.NoSuchMethodError: 'org.springframework.plugin.core.PluginRegistry org.springframework.plugin.core.PluginRegistry.of(java.util.List)'
Caused by: org.springframework.beans.factory.BeanCreationException: Error creating bean with name 'backendIdConverterRegistry' defined in class path resource [org/springframework/data/rest/webmvc/config/RepositoryRestMvcConfiguration.class]: Bean instantiation via factory method failed; nested exception is org.springframework.beans.BeanInstantiationException: Failed to instantiate [org.springframework.plugin.core.PluginRegistry]: Factory method 'backendIdConverterRegistry' threw exception; nested exception is java.lang.NoSuchMethodError: 'org.springframework.plugin.core.PluginRegistry org.springframework.plugin.core.PluginRegistry.of(java.util.List)'
Caused by: org.springframework.beans.BeanInstantiationException: Failed to instantiate [org.springframework.plugin.core.PluginRegistry]: Factory method 'backendIdConverterRegistry' threw exception; nested exception is java.lang.NoSuchMethodError: 'org.springframework.plugin.core.PluginRegistry org.springframework.plugin.core.PluginRegistry.of(java.util.List)'
Caused by: java.lang.NoSuchMethodError: 'org.springframework.plugin.core.PluginRegistry org.springframework.plugin.core.PluginRegistry.of(java.util.List)'
</error>
    <system-out><![CDATA[11:09:15.517 [main] DEBUG org.springframework.test.context.junit4.SpringJUnit4ClassRunner - SpringJUnit4ClassRunner constructor called with [class repositories.AddressRepositoryTest]
11:09:15.521 [main] DEBUG org.springframework.test.context.BootstrapUtils - Instantiating CacheAwareContextLoaderDelegate from class [org.springframework.test.context.cache.DefaultCacheAwareContextLoaderDelegate]
11:09:15.532 [main] DEBUG org.springframework.test.context.BootstrapUtils - Instantiating BootstrapContext using constructor [public org.springframework.test.context.support.DefaultBootstrapContext(java.lang.Class,org.springframework.test.context.CacheAwareContextLoaderDelegate)]
11:09:15.578 [main] DEBUG org.springframework.test.context.BootstrapUtils - Instantiating TestContextBootstrapper for test class [repositories.AddressRepositoryTest] from class [org.springframework.boot.test.context.SpringBootTestContextBootstrapper]
11:09:15.602 [main] INFO org.springframework.boot.test.context.SpringBootTestContextBootstrapper - Neither @ContextConfiguration nor @ContextHierarchy found for test class [repositories.AddressRepositoryTest], using SpringBootContextLoader
11:09:15.607 [main] DEBUG org.springframework.test.context.support.AbstractContextLoader - Did not detect default resource location for test class [repositories.AddressRepositoryTest]: class path resource [repositories/AddressRepositoryTest-context.xml] does not exist
11:09:15.608 [main] DEBUG org.springframework.test.context.support.AbstractContextLoader - Did not detect default resource location for test class [repositories.AddressRepositoryTest]: class path resource [repositories/AddressRepositoryTestContext.groovy] does not exist
11:09:15.609 [main] INFO org.springframework.test.context.support.AbstractContextLoader - Could not detect default resource locations for test class [repositories.AddressRepositoryTest]: no resource found for suffixes {-context.xml, Context.groovy}.
11:09:15.671 [main] DEBUG org.springframework.test.context.support.ActiveProfilesUtils - Could not find an 'annotation declaring class' for annotation type [org.springframework.test.context.ActiveProfiles] and class [repositories.AddressRepositoryTest]
11:09:15.896 [main] DEBUG org.springframework.boot.test.context.SpringBootTestContextBootstrapper - @TestExecutionListeners is not present for class [repositories.AddressRepositoryTest]: using defaults.
11:09:15.898 [main] INFO org.springframework.boot.test.context.SpringBootTestContextBootstrapper - Loaded default TestExecutionListener class names from location [META-INF/spring.factories]: [org.springframework.boot.test.mock.mockito.MockitoTestExecutionListener, org.springframework.boot.test.mock.mockito.ResetMocksTestExecutionListener, org.springframework.boot.test.autoconfigure.restdocs.RestDocsTestExecutionListener, org.springframework.boot.test.autoconfigure.web.client.MockRestServiceServerResetTestExecutionListener, org.springframework.boot.test.autoconfigure.web.servlet.MockMvcPrintOnlyOnFailureTestExecutionListener, org.springframework.boot.test.autoconfigure.web.servlet.WebDriverTestExecutionListener, org.springframework.boot.test.autoconfigure.webservices.client.MockWebServiceServerTestExecutionListener, org.springframework.test.context.web.ServletTestExecutionListener, org.springframework.test.context.support.DirtiesContextBeforeModesTestExecutionListener, org.springframework.test.context.support.DependencyInjectionTestExecutionListener, org.springframework.test.context.support.DirtiesContextTestExecutionListener, org.springframework.test.context.transaction.TransactionalTestExecutionListener, org.springframework.test.context.jdbc.SqlScriptsTestExecutionListener, org.springframework.test.context.event.EventPublishingTestExecutionListener]
11:09:15.928 [main] INFO org.springframework.boot.test.context.SpringBootTestContextBootstrapper - Using TestExecutionListeners: [org.springframework.test.context.web.ServletTestExecutionListener@4b6e2263, org.springframework.test.context.support.DirtiesContextBeforeModesTestExecutionListener@344f4dea, org.springframework.boot.test.mock.mockito.MockitoTestExecutionListener@1b7c473a, org.springframework.boot.test.autoconfigure.SpringBootDependencyInjectionTestExecutionListener@5e4bd84a, org.springframework.test.context.support.DirtiesContextTestExecutionListener@648c94da, org.springframework.test.context.transaction.TransactionalTestExecutionListener@2a62b5bc, org.springframework.test.context.jdbc.SqlScriptsTestExecutionListener@53de625d, org.springframework.test.context.event.EventPublishingTestExecutionListener@535779e4, org.springframework.boot.test.mock.mockito.ResetMocksTestExecutionListener@53fd0d10, org.springframework.boot.test.autoconfigure.restdocs.RestDocsTestExecutionListener@6c0d9d86, org.springframework.boot.test.autoconfigure.web.client.MockRestServiceServerResetTestExecutionListener@4ce1d6d0, org.springframework.boot.test.autoconfigure.web.servlet.MockMvcPrintOnlyOnFailureTestExecutionListener@24111ef1, org.springframework.boot.test.autoconfigure.web.servlet.WebDriverTestExecutionListener@1f3f02ee, org.springframework.boot.test.autoconfigure.webservices.client.MockWebServiceServerTestExecutionListener@1fde5d22]
11:09:15.938 [main] DEBUG org.springframework.test.annotation.ProfileValueUtils - Retrieved @ProfileValueSourceConfiguration [null] for test class [repositories.AddressRepositoryTest]
11:09:15.940 [main] DEBUG org.springframework.test.annotation.ProfileValueUtils - Retrieved ProfileValueSource type [class org.springframework.test.annotation.SystemProfileValueSource] for class [repositories.AddressRepositoryTest]
11:09:15.943 [main] DEBUG org.springframework.test.annotation.ProfileValueUtils - Retrieved @ProfileValueSourceConfiguration [null] for test class [repositories.AddressRepositoryTest]
11:09:15.943 [main] DEBUG org.springframework.test.annotation.ProfileValueUtils - Retrieved ProfileValueSource type [class org.springframework.test.annotation.SystemProfileValueSource] for class [repositories.AddressRepositoryTest]
11:09:15.947 [main] DEBUG org.springframework.test.annotation.ProfileValueUtils - Retrieved @ProfileValueSourceConfiguration [null] for test class [repositories.AddressRepositoryTest]
11:09:15.947 [main] DEBUG org.springframework.test.annotation.ProfileValueUtils - Retrieved ProfileValueSource type [class org.springframework.test.annotation.SystemProfileValueSource] for class [repositories.AddressRepositoryTest]
11:09:16.026 [main] DEBUG org.springframework.test.context.junit4.SpringJUnit4ClassRunner - SpringJUnit4ClassRunner constructor called with [class repositories.ContactRepositoryTest]
11:09:16.026 [main] DEBUG org.springframework.test.context.BootstrapUtils - Instantiating CacheAwareContextLoaderDelegate from class [org.springframework.test.context.cache.DefaultCacheAwareContextLoaderDelegate]
11:09:16.026 [main] DEBUG org.springframework.test.context.BootstrapUtils - Instantiating BootstrapContext using constructor [public org.springframework.test.context.support.DefaultBootstrapContext(java.lang.Class,org.springframework.test.context.CacheAwareContextLoaderDelegate)]
11:09:16.029 [main] DEBUG org.springframework.test.context.BootstrapUtils - Instantiating TestContextBootstrapper for test class [repositories.ContactRepositoryTest] from class [org.springframework.boot.test.context.SpringBootTestContextBootstrapper]
11:09:16.031 [main] INFO org.springframework.boot.test.context.SpringBootTestContextBootstrapper - Neither @ContextConfiguration nor @ContextHierarchy found for test class [repositories.ContactRepositoryTest], using SpringBootContextLoader
11:09:16.032 [main] DEBUG org.springframework.test.context.support.AbstractContextLoader - Did not detect default resource location for test class [repositories.ContactRepositoryTest]: class path resource [repositories/ContactRepositoryTest-context.xml] does not exist
11:09:16.033 [main] DEBUG org.springframework.test.context.support.AbstractContextLoader - Did not detect default resource location for test class [repositories.ContactRepositoryTest]: class path resource [repositories/ContactRepositoryTestContext.groovy] does not exist
11:09:16.034 [main] INFO org.springframework.test.context.support.AbstractContextLoader - Could not detect default resource locations for test class [repositories.ContactRepositoryTest]: no resource found for suffixes {-context.xml, Context.groovy}.
11:09:16.036 [main] DEBUG org.springframework.test.context.support.ActiveProfilesUtils - Could not find an 'annotation declaring class' for annotation type [org.springframework.test.context.ActiveProfiles] and class [repositories.ContactRepositoryTest]
11:09:16.040 [main] DEBUG org.springframework.boot.test.context.SpringBootTestContextBootstrapper - @TestExecutionListeners is not present for class [repositories.ContactRepositoryTest]: using defaults.
11:09:16.040 [main] INFO org.springframework.boot.test.context.SpringBootTestContextBootstrapper - Loaded default TestExecutionListener class names from location [META-INF/spring.factories]: [org.springframework.boot.test.mock.mockito.MockitoTestExecutionListener, org.springframework.boot.test.mock.mockito.ResetMocksTestExecutionListener, org.springframework.boot.test.autoconfigure.restdocs.RestDocsTestExecutionListener, org.springframework.boot.test.autoconfigure.web.client.MockRestServiceServerResetTestExecutionListener, org.springframework.boot.test.autoconfigure.web.servlet.MockMvcPrintOnlyOnFailureTestExecutionListener, org.springframework.boot.test.autoconfigure.web.servlet.WebDriverTestExecutionListener, org.springframework.boot.test.autoconfigure.webservices.client.MockWebServiceServerTestExecutionListener, org.springframework.test.context.web.ServletTestExecutionListener, org.springframework.test.context.support.DirtiesContextBeforeModesTestExecutionListener, org.springframework.test.context.support.DependencyInjectionTestExecutionListener, org.springframework.test.context.support.DirtiesContextTestExecutionListener, org.springframework.test.context.transaction.TransactionalTestExecutionListener, org.springframework.test.context.jdbc.SqlScriptsTestExecutionListener, org.springframework.test.context.event.EventPublishingTestExecutionListener]
11:09:16.041 [main] INFO org.springframework.boot.test.context.SpringBootTestContextBootstrapper - Using TestExecutionListeners: [org.springframework.test.context.web.ServletTestExecutionListener@45fd9a4d, org.springframework.test.context.support.DirtiesContextBeforeModesTestExecutionListener@50468873, org.springframework.boot.test.mock.mockito.MockitoTestExecutionListener@146587a2, org.springframework.boot.test.autoconfigure.SpringBootDependencyInjectionTestExecutionListener@5f0e9815, org.springframework.test.context.support.DirtiesContextTestExecutionListener@76884e4b, org.springframework.test.context.transaction.TransactionalTestExecutionListener@126945f9, org.springframework.test.context.jdbc.SqlScriptsTestExecutionListener@2a898881, org.springframework.test.context.event.EventPublishingTestExecutionListener@16c63f5, org.springframework.boot.test.mock.mockito.ResetMocksTestExecutionListener@35229f85, org.springframework.boot.test.autoconfigure.restdocs.RestDocsTestExecutionListener@6d3c5255, org.springframework.boot.test.autoconfigure.web.client.MockRestServiceServerResetTestExecutionListener@b1712f3, org.springframework.boot.test.autoconfigure.web.servlet.MockMvcPrintOnlyOnFailureTestExecutionListener@6986bbaf, org.springframework.boot.test.autoconfigure.web.servlet.WebDriverTestExecutionListener@4879dfad, org.springframework.boot.test.autoconfigure.webservices.client.MockWebServiceServerTestExecutionListener@4758820d]
11:09:16.041 [main] DEBUG org.springframework.test.annotation.ProfileValueUtils - Retrieved @ProfileValueSourceConfiguration [null] for test class [repositories.ContactRepositoryTest]
11:09:16.042 [main] DEBUG org.springframework.test.annotation.ProfileValueUtils - Retrieved ProfileValueSource type [class org.springframework.test.annotation.SystemProfileValueSource] for class [repositories.ContactRepositoryTest]
11:09:16.045 [main] DEBUG org.springframework.test.annotation.ProfileValueUtils - Retrieved @ProfileValueSourceConfiguration [null] for test class [repositories.ContactRepositoryTest]
11:09:16.046 [main] DEBUG org.springframework.test.annotation.ProfileValueUtils - Retrieved ProfileValueSource type [class org.springframework.test.annotation.SystemProfileValueSource] for class [repositories.ContactRepositoryTest]
11:09:16.046 [main] DEBUG org.springframework.test.annotation.ProfileValueUtils - Retrieved @ProfileValueSourceConfiguration [null] for test class [repositories.ContactRepositoryTest]
11:09:16.046 [main] DEBUG org.springframework.test.annotation.ProfileValueUtils - Retrieved ProfileValueSource type [class org.springframework.test.annotation.SystemProfileValueSource] for class [repositories.ContactRepositoryTest]
11:09:16.052 [main] DEBUG org.springframework.test.context.junit4.SpringJUnit4ClassRunner - SpringJUnit4ClassRunner constructor called with [class repositories.VehicleRepositoryTest]
11:09:16.053 [main] DEBUG org.springframework.test.context.BootstrapUtils - Instantiating CacheAwareContextLoaderDelegate from class [org.springframework.test.context.cache.DefaultCacheAwareContextLoaderDelegate]
11:09:16.053 [main] DEBUG org.springframework.test.context.BootstrapUtils - Instantiating BootstrapContext using constructor [public org.springframework.test.context.support.DefaultBootstrapContext(java.lang.Class,org.springframework.test.context.CacheAwareContextLoaderDelegate)]
11:09:16.055 [main] DEBUG org.springframework.test.context.BootstrapUtils - Instantiating TestContextBootstrapper for test class [repositories.VehicleRepositoryTest] from class [org.springframework.boot.test.context.SpringBootTestContextBootstrapper]
11:09:16.056 [main] INFO org.springframework.boot.test.context.SpringBootTestContextBootstrapper - Neither @ContextConfiguration nor @ContextHierarchy found for test class [repositories.VehicleRepositoryTest], using SpringBootContextLoader
11:09:16.059 [main] DEBUG org.springframework.test.context.support.AbstractContextLoader - Did not detect default resource location for test class [repositories.VehicleRepositoryTest]: class path resource [repositories/VehicleRepositoryTest-context.xml] does not exist
11:09:16.060 [main] DEBUG org.springframework.test.context.support.AbstractContextLoader - Did not detect default resource location for test class [repositories.VehicleRepositoryTest]: class path resource [repositories/VehicleRepositoryTestContext.groovy] does not exist
11:09:16.061 [main] INFO org.springframework.test.context.support.AbstractContextLoader - Could not detect default resource locations for test class [repositories.VehicleRepositoryTest]: no resource found for suffixes {-context.xml, Context.groovy}.
11:09:16.063 [main] DEBUG org.springframework.test.context.support.ActiveProfilesUtils - Could not find an 'annotation declaring class' for annotation type [org.springframework.test.context.ActiveProfiles] and class [repositories.VehicleRepositoryTest]
11:09:16.067 [main] DEBUG org.springframework.boot.test.context.SpringBootTestContextBootstrapper - @TestExecutionListeners is not present for class [repositories.VehicleRepositoryTest]: using defaults.
11:09:16.068 [main] INFO org.springframework.boot.test.context.SpringBootTestContextBootstrapper - Loaded default TestExecutionListener class names from location [META-INF/spring.factories]: [org.springframework.boot.test.mock.mockito.MockitoTestExecutionListener, org.springframework.boot.test.mock.mockito.ResetMocksTestExecutionListener, org.springframework.boot.test.autoconfigure.restdocs.RestDocsTestExecutionListener, org.springframework.boot.test.autoconfigure.web.client.MockRestServiceServerResetTestExecutionListener, org.springframework.boot.test.autoconfigure.web.servlet.MockMvcPrintOnlyOnFailureTestExecutionListener, org.springframework.boot.test.autoconfigure.web.servlet.WebDriverTestExecutionListener, org.springframework.boot.test.autoconfigure.webservices.client.MockWebServiceServerTestExecutionListener, org.springframework.test.context.web.ServletTestExecutionListener, org.springframework.test.context.support.DirtiesContextBeforeModesTestExecutionListener, org.springframework.test.context.support.DependencyInjectionTestExecutionListener, org.springframework.test.context.support.DirtiesContextTestExecutionListener, org.springframework.test.context.transaction.TransactionalTestExecutionListener, org.springframework.test.context.jdbc.SqlScriptsTestExecutionListener, org.springframework.test.context.event.EventPublishingTestExecutionListener]
11:09:16.068 [main] INFO org.springframework.boot.test.context.SpringBootTestContextBootstrapper - Using TestExecutionListeners: [org.springframework.test.context.web.ServletTestExecutionListener@13d9b21f, org.springframework.test.context.support.DirtiesContextBeforeModesTestExecutionListener@2826f61, org.springframework.boot.test.mock.mockito.MockitoTestExecutionListener@62727399, org.springframework.boot.test.autoconfigure.SpringBootDependencyInjectionTestExecutionListener@4d9ac0b4, org.springframework.test.context.support.DirtiesContextTestExecutionListener@130dca52, org.springframework.test.context.transaction.TransactionalTestExecutionListener@2654635, org.springframework.test.context.jdbc.SqlScriptsTestExecutionListener@737a135b, org.springframework.test.context.event.EventPublishingTestExecutionListener@687ef2e0, org.springframework.boot.test.mock.mockito.ResetMocksTestExecutionListener@15dcfae7, org.springframework.boot.test.autoconfigure.restdocs.RestDocsTestExecutionListener@3da05287, org.springframework.boot.test.autoconfigure.web.client.MockRestServiceServerResetTestExecutionListener@1e636ea3, org.springframework.boot.test.autoconfigure.web.servlet.MockMvcPrintOnlyOnFailureTestExecutionListener@115667d, org.springframework.boot.test.autoconfigure.web.servlet.WebDriverTestExecutionListener@736caf7a, org.springframework.boot.test.autoconfigure.webservices.client.MockWebServiceServerTestExecutionListener@4ce7fffa]
11:09:16.083 [main] DEBUG org.springframework.test.annotation.ProfileValueUtils - Retrieved @ProfileValueSourceConfiguration [null] for test class [repositories.VehicleRepositoryTest]
11:09:16.083 [main] DEBUG org.springframework.test.annotation.ProfileValueUtils - Retrieved ProfileValueSource type [class org.springframework.test.annotation.SystemProfileValueSource] for class [repositories.VehicleRepositoryTest]
11:09:16.084 [main] DEBUG org.springframework.test.annotation.ProfileValueUtils - Retrieved @ProfileValueSourceConfiguration [null] for test class [repositories.VehicleRepositoryTest]
11:09:16.086 [main] DEBUG org.springframework.test.annotation.ProfileValueUtils - Retrieved ProfileValueSource type [class org.springframework.test.annotation.SystemProfileValueSource] for class [repositories.VehicleRepositoryTest]
11:09:16.086 [main] DEBUG org.springframework.test.annotation.ProfileValueUtils - Retrieved @ProfileValueSourceConfiguration [null] for test class [repositories.VehicleRepositoryTest]
11:09:16.087 [main] DEBUG org.springframework.test.annotation.ProfileValueUtils - Retrieved ProfileValueSource type [class org.springframework.test.annotation.SystemProfileValueSource] for class [repositories.VehicleRepositoryTest]
11:09:16.106 [main] DEBUG org.springframework.test.context.junit4.SpringJUnit4ClassRunner - SpringJUnit4ClassRunner constructor called with [class repositories.ElementRepositoryTest]
11:09:16.106 [main] DEBUG org.springframework.test.context.BootstrapUtils - Instantiating CacheAwareContextLoaderDelegate from class [org.springframework.test.context.cache.DefaultCacheAwareContextLoaderDelegate]
11:09:16.107 [main] DEBUG org.springframework.test.context.BootstrapUtils - Instantiating BootstrapContext using constructor [public org.springframework.test.context.support.DefaultBootstrapContext(java.lang.Class,org.springframework.test.context.CacheAwareContextLoaderDelegate)]
11:09:16.108 [main] DEBUG org.springframework.test.context.BootstrapUtils - Instantiating TestContextBootstrapper for test class [repositories.ElementRepositoryTest] from class [org.springframework.boot.test.context.SpringBootTestContextBootstrapper]
11:09:16.110 [main] INFO org.springframework.boot.test.context.SpringBootTestContextBootstrapper - Neither @ContextConfiguration nor @ContextHierarchy found for test class [repositories.ElementRepositoryTest], using SpringBootContextLoader
11:09:16.115 [main] DEBUG org.springframework.test.context.support.AbstractContextLoader - Did not detect default resource location for test class [repositories.ElementRepositoryTest]: class path resource [repositories/ElementRepositoryTest-context.xml] does not exist
11:09:16.116 [main] DEBUG org.springframework.test.context.support.AbstractContextLoader - Did not detect default resource location for test class [repositories.ElementRepositoryTest]: class path resource [repositories/ElementRepositoryTestContext.groovy] does not exist
11:09:16.116 [main] INFO org.springframework.test.context.support.AbstractContextLoader - Could not detect default resource locations for test class [repositories.ElementRepositoryTest]: no resource found for suffixes {-context.xml, Context.groovy}.
11:09:16.125 [main] DEBUG org.springframework.test.context.support.ActiveProfilesUtils - Could not find an 'annotation declaring class' for annotation type [org.springframework.test.context.ActiveProfiles] and class [repositories.ElementRepositoryTest]
11:09:16.134 [main] DEBUG org.springframework.boot.test.context.SpringBootTestContextBootstrapper - @TestExecutionListeners is not present for class [repositories.ElementRepositoryTest]: using defaults.
11:09:16.135 [main] INFO org.springframework.boot.test.context.SpringBootTestContextBootstrapper - Loaded default TestExecutionListener class names from location [META-INF/spring.factories]: [org.springframework.boot.test.mock.mockito.MockitoTestExecutionListener, org.springframework.boot.test.mock.mockito.ResetMocksTestExecutionListener, org.springframework.boot.test.autoconfigure.restdocs.RestDocsTestExecutionListener, org.springframework.boot.test.autoconfigure.web.client.MockRestServiceServerResetTestExecutionListener, org.springframework.boot.test.autoconfigure.web.servlet.MockMvcPrintOnlyOnFailureTestExecutionListener, org.springframework.boot.test.autoconfigure.web.servlet.WebDriverTestExecutionListener, org.springframework.boot.test.autoconfigure.webservices.client.MockWebServiceServerTestExecutionListener, org.springframework.test.context.web.ServletTestExecutionListener, org.springframework.test.context.support.DirtiesContextBeforeModesTestExecutionListener, org.springframework.test.context.support.DependencyInjectionTestExecutionListener, org.springframework.test.context.support.DirtiesContextTestExecutionListener, org.springframework.test.context.transaction.TransactionalTestExecutionListener, org.springframework.test.context.jdbc.SqlScriptsTestExecutionListener, org.springframework.test.context.event.EventPublishingTestExecutionListener]
11:09:16.137 [main] INFO org.springframework.boot.test.context.SpringBootTestContextBootstrapper - Using TestExecutionListeners: [org.springframework.test.context.web.ServletTestExecutionListener@79d94571, org.springframework.test.context.support.DirtiesContextBeforeModesTestExecutionListener@4dd02341, org.springframework.boot.test.mock.mockito.MockitoTestExecutionListener@3212a8d7, org.springframework.boot.test.autoconfigure.SpringBootDependencyInjectionTestExecutionListener@7a1a3478, org.springframework.test.context.support.DirtiesContextTestExecutionListener@495b0487, org.springframework.test.context.transaction.TransactionalTestExecutionListener@55dfcc6, org.springframework.test.context.jdbc.SqlScriptsTestExecutionListener@222eb8aa, org.springframework.test.context.event.EventPublishingTestExecutionListener@93cf163, org.springframework.boot.test.mock.mockito.ResetMocksTestExecutionListener@1852a3ff, org.springframework.boot.test.autoconfigure.restdocs.RestDocsTestExecutionListener@7203c7ff, org.springframework.boot.test.autoconfigure.web.client.MockRestServiceServerResetTestExecutionListener@25bfcafd, org.springframework.boot.test.autoconfigure.web.servlet.MockMvcPrintOnlyOnFailureTestExecutionListener@4b6690c0, org.springframework.boot.test.autoconfigure.web.servlet.WebDriverTestExecutionListener@46268f08, org.springframework.boot.test.autoconfigure.webservices.client.MockWebServiceServerTestExecutionListener@2a76840c]
11:09:16.139 [main] DEBUG org.springframework.test.annotation.ProfileValueUtils - Retrieved @ProfileValueSourceConfiguration [null] for test class [repositories.ElementRepositoryTest]
11:09:16.142 [main] DEBUG org.springframework.test.annotation.ProfileValueUtils - Retrieved ProfileValueSource type [class org.springframework.test.annotation.SystemProfileValueSource] for class [repositories.ElementRepositoryTest]
11:09:16.143 [main] DEBUG org.springframework.test.annotation.ProfileValueUtils - Retrieved @ProfileValueSourceConfiguration [null] for test class [repositories.ElementRepositoryTest]
11:09:16.145 [main] DEBUG org.springframework.test.annotation.ProfileValueUtils - Retrieved ProfileValueSource type [class org.springframework.test.annotation.SystemProfileValueSource] for class [repositories.ElementRepositoryTest]
11:09:16.145 [main] DEBUG org.springframework.test.annotation.ProfileValueUtils - Retrieved @ProfileValueSourceConfiguration [null] for test class [repositories.ElementRepositoryTest]
11:09:16.145 [main] DEBUG org.springframework.test.annotation.ProfileValueUtils - Retrieved ProfileValueSource type [class org.springframework.test.annotation.SystemProfileValueSource] for class [repositories.ElementRepositoryTest]
11:09:16.164 [main] DEBUG org.springframework.test.context.junit4.SpringJUnit4ClassRunner - SpringJUnit4ClassRunner constructor called with [class repositories.ElementTypeRepositoryTest]
11:09:16.164 [main] DEBUG org.springframework.test.context.BootstrapUtils - Instantiating CacheAwareContextLoaderDelegate from class [org.springframework.test.context.cache.DefaultCacheAwareContextLoaderDelegate]
11:09:16.164 [main] DEBUG org.springframework.test.context.BootstrapUtils - Instantiating BootstrapContext using constructor [public org.springframework.test.context.support.DefaultBootstrapContext(java.lang.Class,org.springframework.test.context.CacheAwareContextLoaderDelegate)]
11:09:16.165 [main] DEBUG org.springframework.test.context.BootstrapUtils - Instantiating TestContextBootstrapper for test class [repositories.ElementTypeRepositoryTest] from class [org.springframework.boot.test.context.SpringBootTestContextBootstrapper]
11:09:16.167 [main] INFO org.springframework.boot.test.context.SpringBootTestContextBootstrapper - Neither @ContextConfiguration nor @ContextHierarchy found for test class [repositories.ElementTypeRepositoryTest], using SpringBootContextLoader
11:09:16.175 [main] DEBUG org.springframework.test.context.support.AbstractContextLoader - Did not detect default resource location for test class [repositories.ElementTypeRepositoryTest]: class path resource [repositories/ElementTypeRepositoryTest-context.xml] does not exist
11:09:16.176 [main] DEBUG org.springframework.test.context.support.AbstractContextLoader - Did not detect default resource location for test class [repositories.ElementTypeRepositoryTest]: class path resource [repositories/ElementTypeRepositoryTestContext.groovy] does not exist
11:09:16.176 [main] INFO org.springframework.test.context.support.AbstractContextLoader - Could not detect default resource locations for test class [repositories.ElementTypeRepositoryTest]: no resource found for suffixes {-context.xml, Context.groovy}.
11:09:16.179 [main] DEBUG org.springframework.test.context.support.ActiveProfilesUtils - Could not find an 'annotation declaring class' for annotation type [org.springframework.test.context.ActiveProfiles] and class [repositories.ElementTypeRepositoryTest]
11:09:16.194 [main] DEBUG org.springframework.boot.test.context.SpringBootTestContextBootstrapper - @TestExecutionListeners is not present for class [repositories.ElementTypeRepositoryTest]: using defaults.
11:09:16.194 [main] INFO org.springframework.boot.test.context.SpringBootTestContextBootstrapper - Loaded default TestExecutionListener class names from location [META-INF/spring.factories]: [org.springframework.boot.test.mock.mockito.MockitoTestExecutionListener, org.springframework.boot.test.mock.mockito.ResetMocksTestExecutionListener, org.springframework.boot.test.autoconfigure.restdocs.RestDocsTestExecutionListener, org.springframework.boot.test.autoconfigure.web.client.MockRestServiceServerResetTestExecutionListener, org.springframework.boot.test.autoconfigure.web.servlet.MockMvcPrintOnlyOnFailureTestExecutionListener, org.springframework.boot.test.autoconfigure.web.servlet.WebDriverTestExecutionListener, org.springframework.boot.test.autoconfigure.webservices.client.MockWebServiceServerTestExecutionListener, org.springframework.test.context.web.ServletTestExecutionListener, org.springframework.test.context.support.DirtiesContextBeforeModesTestExecutionListener, org.springframework.test.context.support.DependencyInjectionTestExecutionListener, org.springframework.test.context.support.DirtiesContextTestExecutionListener, org.springframework.test.context.transaction.TransactionalTestExecutionListener, org.springframework.test.context.jdbc.SqlScriptsTestExecutionListener, org.springframework.test.context.event.EventPublishingTestExecutionListener]
11:09:16.197 [main] INFO org.springframework.boot.test.context.SpringBootTestContextBootstrapper - Using TestExecutionListeners: [org.springframework.test.context.web.ServletTestExecutionListener@66565121, org.springframework.test.context.support.DirtiesContextBeforeModesTestExecutionListener@2fc6f97f, org.springframework.boot.test.mock.mockito.MockitoTestExecutionListener@3d2ee678, org.springframework.boot.test.autoconfigure.SpringBootDependencyInjectionTestExecutionListener@6179e425, org.springframework.test.context.support.DirtiesContextTestExecutionListener@35f26e72, org.springframework.test.context.transaction.TransactionalTestExecutionListener@2d6764b2, org.springframework.test.context.jdbc.SqlScriptsTestExecutionListener@67304a40, org.springframework.test.context.event.EventPublishingTestExecutionListener@49c6c24f, org.springframework.boot.test.mock.mockito.ResetMocksTestExecutionListener@6fe1b4fb, org.springframework.boot.test.autoconfigure.restdocs.RestDocsTestExecutionListener@79351f41, org.springframework.boot.test.autoconfigure.web.client.MockRestServiceServerResetTestExecutionListener@1c32386d, org.springframework.boot.test.autoconfigure.web.servlet.MockMvcPrintOnlyOnFailureTestExecutionListener@6399551e, org.springframework.boot.test.autoconfigure.web.servlet.WebDriverTestExecutionListener@13d73fa, org.springframework.boot.test.autoconfigure.webservices.client.MockWebServiceServerTestExecutionListener@5023bb8b]
11:09:16.199 [main] DEBUG org.springframework.test.annotation.ProfileValueUtils - Retrieved @ProfileValueSourceConfiguration [null] for test class [repositories.ElementTypeRepositoryTest]
11:09:16.199 [main] DEBUG org.springframework.test.annotation.ProfileValueUtils - Retrieved ProfileValueSource type [class org.springframework.test.annotation.SystemProfileValueSource] for class [repositories.ElementTypeRepositoryTest]
11:09:16.200 [main] DEBUG org.springframework.test.annotation.ProfileValueUtils - Retrieved @ProfileValueSourceConfiguration [null] for test class [repositories.ElementTypeRepositoryTest]
11:09:16.201 [main] DEBUG org.springframework.test.annotation.ProfileValueUtils - Retrieved ProfileValueSource type [class org.springframework.test.annotation.SystemProfileValueSource] for class [repositories.ElementTypeRepositoryTest]
11:09:16.202 [main] DEBUG org.springframework.test.annotation.ProfileValueUtils - Retrieved @ProfileValueSourceConfiguration [null] for test class [repositories.ElementTypeRepositoryTest]
11:09:16.202 [main] DEBUG org.springframework.test.annotation.ProfileValueUtils - Retrieved ProfileValueSource type [class org.springframework.test.annotation.SystemProfileValueSource] for class [repositories.ElementTypeRepositoryTest]
11:09:16.216 [main] DEBUG org.springframework.test.context.junit4.SpringJUnit4ClassRunner - SpringJUnit4ClassRunner constructor called with [class repositories.VehicleMakeRepositoryTest]
11:09:16.216 [main] DEBUG org.springframework.test.context.BootstrapUtils - Instantiating CacheAwareContextLoaderDelegate from class [org.springframework.test.context.cache.DefaultCacheAwareContextLoaderDelegate]
11:09:16.216 [main] DEBUG org.springframework.test.context.BootstrapUtils - Instantiating BootstrapContext using constructor [public org.springframework.test.context.support.DefaultBootstrapContext(java.lang.Class,org.springframework.test.context.CacheAwareContextLoaderDelegate)]
11:09:16.219 [main] DEBUG org.springframework.test.context.BootstrapUtils - Instantiating TestContextBootstrapper for test class [repositories.VehicleMakeRepositoryTest] from class [org.springframework.boot.test.context.SpringBootTestContextBootstrapper]
11:09:16.220 [main] INFO org.springframework.boot.test.context.SpringBootTestContextBootstrapper - Neither @ContextConfiguration nor @ContextHierarchy found for test class [repositories.VehicleMakeRepositoryTest], using SpringBootContextLoader
11:09:16.221 [main] DEBUG org.springframework.test.context.support.AbstractContextLoader - Did not detect default resource location for test class [repositories.VehicleMakeRepositoryTest]: class path resource [repositories/VehicleMakeRepositoryTest-context.xml] does not exist
11:09:16.222 [main] DEBUG org.springframework.test.context.support.AbstractContextLoader - Did not detect default resource location for test class [repositories.VehicleMakeRepositoryTest]: class path resource [repositories/VehicleMakeRepositoryTestContext.groovy] does not exist
11:09:16.222 [main] INFO org.springframework.test.context.support.AbstractContextLoader - Could not detect default resource locations for test class [repositories.VehicleMakeRepositoryTest]: no resource found for suffixes {-context.xml, Context.groovy}.
11:09:16.226 [main] DEBUG org.springframework.test.context.support.ActiveProfilesUtils - Could not find an 'annotation declaring class' for annotation type [org.springframework.test.context.ActiveProfiles] and class [repositories.VehicleMakeRepositoryTest]
11:09:16.229 [main] DEBUG org.springframework.boot.test.context.SpringBootTestContextBootstrapper - @TestExecutionListeners is not present for class [repositories.VehicleMakeRepositoryTest]: using defaults.
11:09:16.230 [main] INFO org.springframework.boot.test.context.SpringBootTestContextBootstrapper - Loaded default TestExecutionListener class names from location [META-INF/spring.factories]: [org.springframework.boot.test.mock.mockito.MockitoTestExecutionListener, org.springframework.boot.test.mock.mockito.ResetMocksTestExecutionListener, org.springframework.boot.test.autoconfigure.restdocs.RestDocsTestExecutionListener, org.springframework.boot.test.autoconfigure.web.client.MockRestServiceServerResetTestExecutionListener, org.springframework.boot.test.autoconfigure.web.servlet.MockMvcPrintOnlyOnFailureTestExecutionListener, org.springframework.boot.test.autoconfigure.web.servlet.WebDriverTestExecutionListener, org.springframework.boot.test.autoconfigure.webservices.client.MockWebServiceServerTestExecutionListener, org.springframework.test.context.web.ServletTestExecutionListener, org.springframework.test.context.support.DirtiesContextBeforeModesTestExecutionListener, org.springframework.test.context.support.DependencyInjectionTestExecutionListener, org.springframework.test.context.support.DirtiesContextTestExecutionListener, org.springframework.test.context.transaction.TransactionalTestExecutionListener, org.springframework.test.context.jdbc.SqlScriptsTestExecutionListener, org.springframework.test.context.event.EventPublishingTestExecutionListener]
11:09:16.230 [main] INFO org.springframework.boot.test.context.SpringBootTestContextBootstrapper - Using TestExecutionListeners: [org.springframework.test.context.web.ServletTestExecutionListener@1199fe66, org.springframework.test.context.support.DirtiesContextBeforeModesTestExecutionListener@614df0a4, org.springframework.boot.test.mock.mockito.MockitoTestExecutionListener@1fdf1c5, org.springframework.boot.test.autoconfigure.SpringBootDependencyInjectionTestExecutionListener@2d96543c, org.springframework.test.context.support.DirtiesContextTestExecutionListener@73a2e526, org.springframework.test.context.transaction.TransactionalTestExecutionListener@7d64e326, org.springframework.test.context.jdbc.SqlScriptsTestExecutionListener@13f95696, org.springframework.test.context.event.EventPublishingTestExecutionListener@cd1d761, org.springframework.boot.test.mock.mockito.ResetMocksTestExecutionListener@68be8808, org.springframework.boot.test.autoconfigure.restdocs.RestDocsTestExecutionListener@32193bea, org.springframework.boot.test.autoconfigure.web.client.MockRestServiceServerResetTestExecutionListener@6b8d96d9, org.springframework.boot.test.autoconfigure.web.servlet.MockMvcPrintOnlyOnFailureTestExecutionListener@69653e16, org.springframework.boot.test.autoconfigure.web.servlet.WebDriverTestExecutionListener@758705fa, org.springframework.boot.test.autoconfigure.webservices.client.MockWebServiceServerTestExecutionListener@ebaa6cb]
11:09:16.231 [main] DEBUG org.springframework.test.annotation.ProfileValueUtils - Retrieved @ProfileValueSourceConfiguration [null] for test class [repositories.VehicleMakeRepositoryTest]
11:09:16.231 [main] DEBUG org.springframework.test.annotation.ProfileValueUtils - Retrieved ProfileValueSource type [class org.springframework.test.annotation.SystemProfileValueSource] for class [repositories.VehicleMakeRepositoryTest]
11:09:16.231 [main] DEBUG org.springframework.test.annotation.ProfileValueUtils - Retrieved @ProfileValueSourceConfiguration [null] for test class [repositories.VehicleMakeRepositoryTest]
11:09:16.231 [main] DEBUG org.springframework.test.annotation.ProfileValueUtils - Retrieved ProfileValueSource type [class org.springframework.test.annotation.SystemProfileValueSource] for class [repositories.VehicleMakeRepositoryTest]
11:09:16.233 [main] DEBUG org.springframework.test.annotation.ProfileValueUtils - Retrieved @ProfileValueSourceConfiguration [null] for test class [repositories.VehicleMakeRepositoryTest]
11:09:16.233 [main] DEBUG org.springframework.test.annotation.ProfileValueUtils - Retrieved ProfileValueSource type [class org.springframework.test.annotation.SystemProfileValueSource] for class [repositories.VehicleMakeRepositoryTest]
11:09:16.239 [main] DEBUG org.springframework.test.context.junit4.SpringJUnit4ClassRunner - SpringJUnit4ClassRunner constructor called with [class repositories.VehicleModelRepositoryTest]
11:09:16.239 [main] DEBUG org.springframework.test.context.BootstrapUtils - Instantiating CacheAwareContextLoaderDelegate from class [org.springframework.test.context.cache.DefaultCacheAwareContextLoaderDelegate]
11:09:16.239 [main] DEBUG org.springframework.test.context.BootstrapUtils - Instantiating BootstrapContext using constructor [public org.springframework.test.context.support.DefaultBootstrapContext(java.lang.Class,org.springframework.test.context.CacheAwareContextLoaderDelegate)]
11:09:16.240 [main] DEBUG org.springframework.test.context.BootstrapUtils - Instantiating TestContextBootstrapper for test class [repositories.VehicleModelRepositoryTest] from class [org.springframework.boot.test.context.SpringBootTestContextBootstrapper]
11:09:16.240 [main] INFO org.springframework.boot.test.context.SpringBootTestContextBootstrapper - Neither @ContextConfiguration nor @ContextHierarchy found for test class [repositories.VehicleModelRepositoryTest], using SpringBootContextLoader
11:09:16.241 [main] DEBUG org.springframework.test.context.support.AbstractContextLoader - Did not detect default resource location for test class [repositories.VehicleModelRepositoryTest]: class path resource [repositories/VehicleModelRepositoryTest-context.xml] does not exist
11:09:16.242 [main] DEBUG org.springframework.test.context.support.AbstractContextLoader - Did not detect default resource location for test class [repositories.VehicleModelRepositoryTest]: class path resource [repositories/VehicleModelRepositoryTestContext.groovy] does not exist
11:09:16.246 [main] INFO org.springframework.test.context.support.AbstractContextLoader - Could not detect default resource locations for test class [repositories.VehicleModelRepositoryTest]: no resource found for suffixes {-context.xml, Context.groovy}.
11:09:16.248 [main] DEBUG org.springframework.test.context.support.ActiveProfilesUtils - Could not find an 'annotation declaring class' for annotation type [org.springframework.test.context.ActiveProfiles] and class [repositories.VehicleModelRepositoryTest]
11:09:16.251 [main] DEBUG org.springframework.boot.test.context.SpringBootTestContextBootstrapper - @TestExecutionListeners is not present for class [repositories.VehicleModelRepositoryTest]: using defaults.
11:09:16.251 [main] INFO org.springframework.boot.test.context.SpringBootTestContextBootstrapper - Loaded default TestExecutionListener class names from location [META-INF/spring.factories]: [org.springframework.boot.test.mock.mockito.MockitoTestExecutionListener, org.springframework.boot.test.mock.mockito.ResetMocksTestExecutionListener, org.springframework.boot.test.autoconfigure.restdocs.RestDocsTestExecutionListener, org.springframework.boot.test.autoconfigure.web.client.MockRestServiceServerResetTestExecutionListener, org.springframework.boot.test.autoconfigure.web.servlet.MockMvcPrintOnlyOnFailureTestExecutionListener, org.springframework.boot.test.autoconfigure.web.servlet.WebDriverTestExecutionListener, org.springframework.boot.test.autoconfigure.webservices.client.MockWebServiceServerTestExecutionListener, org.springframework.test.context.web.ServletTestExecutionListener, org.springframework.test.context.support.DirtiesContextBeforeModesTestExecutionListener, org.springframework.test.context.support.DependencyInjectionTestExecutionListener, org.springframework.test.context.support.DirtiesContextTestExecutionListener, org.springframework.test.context.transaction.TransactionalTestExecutionListener, org.springframework.test.context.jdbc.SqlScriptsTestExecutionListener, org.springframework.test.context.event.EventPublishingTestExecutionListener]
11:09:16.263 [main] INFO org.springframework.boot.test.context.SpringBootTestContextBootstrapper - Using TestExecutionListeners: [org.springframework.test.context.web.ServletTestExecutionListener@37091312, org.springframework.test.context.support.DirtiesContextBeforeModesTestExecutionListener@66fdec9, org.springframework.boot.test.mock.mockito.MockitoTestExecutionListener@57abad67, org.springframework.boot.test.autoconfigure.SpringBootDependencyInjectionTestExecutionListener@550a1967, org.springframework.test.context.support.DirtiesContextTestExecutionListener@2a640157, org.springframework.test.context.transaction.TransactionalTestExecutionListener@52851b44, org.springframework.test.context.jdbc.SqlScriptsTestExecutionListener@584f54e6, org.springframework.test.context.event.EventPublishingTestExecutionListener@5d8bafa9, org.springframework.boot.test.mock.mockito.ResetMocksTestExecutionListener@576f63f6, org.springframework.boot.test.autoconfigure.restdocs.RestDocsTestExecutionListener@2dca0d64, org.springframework.boot.test.autoconfigure.web.client.MockRestServiceServerResetTestExecutionListener@f80945f, org.springframework.boot.test.autoconfigure.web.servlet.MockMvcPrintOnlyOnFailureTestExecutionListener@ff684e1, org.springframework.boot.test.autoconfigure.web.servlet.WebDriverTestExecutionListener@23aa363a, org.springframework.boot.test.autoconfigure.webservices.client.MockWebServiceServerTestExecutionListener@5ef6ae06]
11:09:16.263 [main] DEBUG org.springframework.test.annotation.ProfileValueUtils - Retrieved @ProfileValueSourceConfiguration [null] for test class [repositories.VehicleModelRepositoryTest]
11:09:16.263 [main] DEBUG org.springframework.test.annotation.ProfileValueUtils - Retrieved ProfileValueSource type [class org.springframework.test.annotation.SystemProfileValueSource] for class [repositories.VehicleModelRepositoryTest]
11:09:16.263 [main] DEBUG org.springframework.test.annotation.ProfileValueUtils - Retrieved @ProfileValueSourceConfiguration [null] for test class [repositories.VehicleModelRepositoryTest]
11:09:16.264 [main] DEBUG org.springframework.test.annotation.ProfileValueUtils - Retrieved ProfileValueSource type [class org.springframework.test.annotation.SystemProfileValueSource] for class [repositories.VehicleModelRepositoryTest]
11:09:16.264 [main] DEBUG org.springframework.test.annotation.ProfileValueUtils - Retrieved @ProfileValueSourceConfiguration [null] for test class [repositories.VehicleModelRepositoryTest]
11:09:16.264 [main] DEBUG org.springframework.test.annotation.ProfileValueUtils - Retrieved ProfileValueSource type [class org.springframework.test.annotation.SystemProfileValueSource] for class [repositories.VehicleModelRepositoryTest]
11:09:16.286 [main] DEBUG org.springframework.test.context.junit4.SpringJUnit4ClassRunner - SpringJUnit4ClassRunner constructor called with [class repositories.AddressRepositoryTest]
11:09:16.287 [main] DEBUG org.springframework.test.context.BootstrapUtils - Instantiating CacheAwareContextLoaderDelegate from class [org.springframework.test.context.cache.DefaultCacheAwareContextLoaderDelegate]
11:09:16.287 [main] DEBUG org.springframework.test.context.BootstrapUtils - Instantiating BootstrapContext using constructor [public org.springframework.test.context.support.DefaultBootstrapContext(java.lang.Class,org.springframework.test.context.CacheAwareContextLoaderDelegate)]
11:09:16.288 [main] DEBUG org.springframework.test.context.BootstrapUtils - Instantiating TestContextBootstrapper for test class [repositories.AddressRepositoryTest] from class [org.springframework.boot.test.context.SpringBootTestContextBootstrapper]
11:09:16.291 [main] INFO org.springframework.boot.test.context.SpringBootTestContextBootstrapper - Neither @ContextConfiguration nor @ContextHierarchy found for test class [repositories.AddressRepositoryTest], using SpringBootContextLoader
11:09:16.294 [main] DEBUG org.springframework.test.context.support.AbstractContextLoader - Did not detect default resource location for test class [repositories.AddressRepositoryTest]: class path resource [repositories/AddressRepositoryTest-context.xml] does not exist
11:09:16.294 [main] DEBUG org.springframework.test.context.support.AbstractContextLoader - Did not detect default resource location for test class [repositories.AddressRepositoryTest]: class path resource [repositories/AddressRepositoryTestContext.groovy] does not exist
11:09:16.294 [main] INFO org.springframework.test.context.support.AbstractContextLoader - Could not detect default resource locations for test class [repositories.AddressRepositoryTest]: no resource found for suffixes {-context.xml, Context.groovy}.
11:09:16.298 [main] DEBUG org.springframework.test.context.support.ActiveProfilesUtils - Could not find an 'annotation declaring class' for annotation type [org.springframework.test.context.ActiveProfiles] and class [repositories.AddressRepositoryTest]
11:09:16.305 [main] DEBUG org.springframework.boot.test.context.SpringBootTestContextBootstrapper - @TestExecutionListeners is not present for class [repositories.AddressRepositoryTest]: using defaults.
11:09:16.306 [main] INFO org.springframework.boot.test.context.SpringBootTestContextBootstrapper - Loaded default TestExecutionListener class names from location [META-INF/spring.factories]: [org.springframework.boot.test.mock.mockito.MockitoTestExecutionListener, org.springframework.boot.test.mock.mockito.ResetMocksTestExecutionListener, org.springframework.boot.test.autoconfigure.restdocs.RestDocsTestExecutionListener, org.springframework.boot.test.autoconfigure.web.client.MockRestServiceServerResetTestExecutionListener, org.springframework.boot.test.autoconfigure.web.servlet.MockMvcPrintOnlyOnFailureTestExecutionListener, org.springframework.boot.test.autoconfigure.web.servlet.WebDriverTestExecutionListener, org.springframework.boot.test.autoconfigure.webservices.client.MockWebServiceServerTestExecutionListener, org.springframework.test.context.web.ServletTestExecutionListener, org.springframework.test.context.support.DirtiesContextBeforeModesTestExecutionListener, org.springframework.test.context.support.DependencyInjectionTestExecutionListener, org.springframework.test.context.support.DirtiesContextTestExecutionListener, org.springframework.test.context.transaction.TransactionalTestExecutionListener, org.springframework.test.context.jdbc.SqlScriptsTestExecutionListener, org.springframework.test.context.event.EventPublishingTestExecutionListener]
11:09:16.306 [main] INFO org.springframework.boot.test.context.SpringBootTestContextBootstrapper - Using TestExecutionListeners: [org.springframework.test.context.web.ServletTestExecutionListener@59d2400d, org.springframework.test.context.support.DirtiesContextBeforeModesTestExecutionListener@75cd8043, org.springframework.boot.test.mock.mockito.MockitoTestExecutionListener@33b1c5c5, org.springframework.boot.test.autoconfigure.SpringBootDependencyInjectionTestExecutionListener@5b202a3a, org.springframework.test.context.support.DirtiesContextTestExecutionListener@10b9db7b, org.springframework.test.context.transaction.TransactionalTestExecutionListener@9ef8eb7, org.springframework.test.context.jdbc.SqlScriptsTestExecutionListener@34cdeda2, org.springframework.test.context.event.EventPublishingTestExecutionListener@6ee660fb, org.springframework.boot.test.mock.mockito.ResetMocksTestExecutionListener@305a0c5f, org.springframework.boot.test.autoconfigure.restdocs.RestDocsTestExecutionListener@4535b6d5, org.springframework.boot.test.autoconfigure.web.client.MockRestServiceServerResetTestExecutionListener@1ecee32c, org.springframework.boot.test.autoconfigure.web.servlet.MockMvcPrintOnlyOnFailureTestExecutionListener@4372b9b6, org.springframework.boot.test.autoconfigure.web.servlet.WebDriverTestExecutionListener@232a7d73, org.springframework.boot.test.autoconfigure.webservices.client.MockWebServiceServerTestExecutionListener@4b41e4dd]
11:09:16.306 [main] DEBUG org.springframework.test.annotation.ProfileValueUtils - Retrieved @ProfileValueSourceConfiguration [null] for test class [repositories.AddressRepositoryTest]
11:09:16.306 [main] DEBUG org.springframework.test.annotation.ProfileValueUtils - Retrieved ProfileValueSource type [class org.springframework.test.annotation.SystemProfileValueSource] for class [repositories.AddressRepositoryTest]
11:09:16.307 [main] DEBUG org.springframework.test.annotation.ProfileValueUtils - Retrieved @ProfileValueSourceConfiguration [null] for test class [repositories.AddressRepositoryTest]
11:09:16.307 [main] DEBUG org.springframework.test.annotation.ProfileValueUtils - Retrieved ProfileValueSource type [class org.springframework.test.annotation.SystemProfileValueSource] for class [repositories.AddressRepositoryTest]
11:09:16.307 [main] DEBUG org.springframework.test.annotation.ProfileValueUtils - Retrieved @ProfileValueSourceConfiguration [null] for test class [repositories.AddressRepositoryTest]
11:09:16.307 [main] DEBUG org.springframework.test.annotation.ProfileValueUtils - Retrieved ProfileValueSource type [class org.springframework.test.annotation.SystemProfileValueSource] for class [repositories.AddressRepositoryTest]
11:09:16.308 [main] DEBUG org.springframework.test.context.junit4.SpringJUnit4ClassRunner - SpringJUnit4ClassRunner constructor called with [class repositories.ContactRepositoryTest]
11:09:16.308 [main] DEBUG org.springframework.test.context.BootstrapUtils - Instantiating CacheAwareContextLoaderDelegate from class [org.springframework.test.context.cache.DefaultCacheAwareContextLoaderDelegate]
11:09:16.308 [main] DEBUG org.springframework.test.context.BootstrapUtils - Instantiating BootstrapContext using constructor [public org.springframework.test.context.support.DefaultBootstrapContext(java.lang.Class,org.springframework.test.context.CacheAwareContextLoaderDelegate)]
11:09:16.309 [main] DEBUG org.springframework.test.context.BootstrapUtils - Instantiating TestContextBootstrapper for test class [repositories.ContactRepositoryTest] from class [org.springframework.boot.test.context.SpringBootTestContextBootstrapper]
11:09:16.310 [main] INFO org.springframework.boot.test.context.SpringBootTestContextBootstrapper - Neither @ContextConfiguration nor @ContextHierarchy found for test class [repositories.ContactRepositoryTest], using SpringBootContextLoader
11:09:16.326 [main] DEBUG org.springframework.test.context.support.AbstractContextLoader - Did not detect default resource location for test class [repositories.ContactRepositoryTest]: class path resource [repositories/ContactRepositoryTest-context.xml] does not exist
11:09:16.330 [main] DEBUG org.springframework.test.context.support.AbstractContextLoader - Did not detect default resource location for test class [repositories.ContactRepositoryTest]: class path resource [repositories/ContactRepositoryTestContext.groovy] does not exist
11:09:16.334 [main] INFO org.springframework.test.context.support.AbstractContextLoader - Could not detect default resource locations for test class [repositories.ContactRepositoryTest]: no resource found for suffixes {-context.xml, Context.groovy}.
11:09:16.336 [main] DEBUG org.springframework.test.context.support.ActiveProfilesUtils - Could not find an 'annotation declaring class' for annotation type [org.springframework.test.context.ActiveProfiles] and class [repositories.ContactRepositoryTest]
11:09:16.341 [main] DEBUG org.springframework.boot.test.context.SpringBootTestContextBootstrapper - @TestExecutionListeners is not present for class [repositories.ContactRepositoryTest]: using defaults.
11:09:16.341 [main] INFO org.springframework.boot.test.context.SpringBootTestContextBootstrapper - Loaded default TestExecutionListener class names from location [META-INF/spring.factories]: [org.springframework.boot.test.mock.mockito.MockitoTestExecutionListener, org.springframework.boot.test.mock.mockito.ResetMocksTestExecutionListener, org.springframework.boot.test.autoconfigure.restdocs.RestDocsTestExecutionListener, org.springframework.boot.test.autoconfigure.web.client.MockRestServiceServerResetTestExecutionListener, org.springframework.boot.test.autoconfigure.web.servlet.MockMvcPrintOnlyOnFailureTestExecutionListener, org.springframework.boot.test.autoconfigure.web.servlet.WebDriverTestExecutionListener, org.springframework.boot.test.autoconfigure.webservices.client.MockWebServiceServerTestExecutionListener, org.springframework.test.context.web.ServletTestExecutionListener, org.springframework.test.context.support.DirtiesContextBeforeModesTestExecutionListener, org.springframework.test.context.support.DependencyInjectionTestExecutionListener, org.springframework.test.context.support.DirtiesContextTestExecutionListener, org.springframework.test.context.transaction.TransactionalTestExecutionListener, org.springframework.test.context.jdbc.SqlScriptsTestExecutionListener, org.springframework.test.context.event.EventPublishingTestExecutionListener]
11:09:16.342 [main] INFO org.springframework.boot.test.context.SpringBootTestContextBootstrapper - Using TestExecutionListeners: [org.springframework.test.context.web.ServletTestExecutionListener@74960bfa, org.springframework.test.context.support.DirtiesContextBeforeModesTestExecutionListener@42721fe, org.springframework.boot.test.mock.mockito.MockitoTestExecutionListener@40844aab, org.springframework.boot.test.autoconfigure.SpringBootDependencyInjectionTestExecutionListener@1f6c9cd8, org.springframework.test.context.support.DirtiesContextTestExecutionListener@5b619d14, org.springframework.test.context.transaction.TransactionalTestExecutionListener@66746f57, org.springframework.test.context.jdbc.SqlScriptsTestExecutionListener@447a020, org.springframework.test.context.event.EventPublishingTestExecutionListener@7f36662c, org.springframework.boot.test.mock.mockito.ResetMocksTestExecutionListener@28e8dde3, org.springframework.boot.test.autoconfigure.restdocs.RestDocsTestExecutionListener@6d23017e, org.springframework.boot.test.autoconfigure.web.client.MockRestServiceServerResetTestExecutionListener@54dcfa5a, org.springframework.boot.test.autoconfigure.web.servlet.MockMvcPrintOnlyOnFailureTestExecutionListener@1817f1eb, org.springframework.boot.test.autoconfigure.web.servlet.WebDriverTestExecutionListener@767e20cf, org.springframework.boot.test.autoconfigure.webservices.client.MockWebServiceServerTestExecutionListener@3a3e78f]
11:09:16.342 [main] DEBUG org.springframework.test.annotation.ProfileValueUtils - Retrieved @ProfileValueSourceConfiguration [null] for test class [repositories.ContactRepositoryTest]
11:09:16.342 [main] DEBUG org.springframework.test.annotation.ProfileValueUtils - Retrieved ProfileValueSource type [class org.springframework.test.annotation.SystemProfileValueSource] for class [repositories.ContactRepositoryTest]
11:09:16.342 [main] DEBUG org.springframework.test.annotation.ProfileValueUtils - Retrieved @ProfileValueSourceConfiguration [null] for test class [repositories.ContactRepositoryTest]
11:09:16.342 [main] DEBUG org.springframework.test.annotation.ProfileValueUtils - Retrieved ProfileValueSource type [class org.springframework.test.annotation.SystemProfileValueSource] for class [repositories.ContactRepositoryTest]
11:09:16.343 [main] DEBUG org.springframework.test.annotation.ProfileValueUtils - Retrieved @ProfileValueSourceConfiguration [null] for test class [repositories.ContactRepositoryTest]
11:09:16.343 [main] DEBUG org.springframework.test.annotation.ProfileValueUtils - Retrieved ProfileValueSource type [class org.springframework.test.annotation.SystemProfileValueSource] for class [repositories.ContactRepositoryTest]
11:09:16.343 [main] DEBUG org.springframework.test.context.junit4.SpringJUnit4ClassRunner - SpringJUnit4ClassRunner constructor called with [class repositories.VehicleRepositoryTest]
11:09:16.343 [main] DEBUG org.springframework.test.context.BootstrapUtils - Instantiating CacheAwareContextLoaderDelegate from class [org.springframework.test.context.cache.DefaultCacheAwareContextLoaderDelegate]
11:09:16.343 [main] DEBUG org.springframework.test.context.BootstrapUtils - Instantiating BootstrapContext using constructor [public org.springframework.test.context.support.DefaultBootstrapContext(java.lang.Class,org.springframework.test.context.CacheAwareContextLoaderDelegate)]
11:09:16.344 [main] DEBUG org.springframework.test.context.BootstrapUtils - Instantiating TestContextBootstrapper for test class [repositories.VehicleRepositoryTest] from class [org.springframework.boot.test.context.SpringBootTestContextBootstrapper]
11:09:16.344 [main] INFO org.springframework.boot.test.context.SpringBootTestContextBootstrapper - Neither @ContextConfiguration nor @ContextHierarchy found for test class [repositories.VehicleRepositoryTest], using SpringBootContextLoader
11:09:16.345 [main] DEBUG org.springframework.test.context.support.AbstractContextLoader - Did not detect default resource location for test class [repositories.VehicleRepositoryTest]: class path resource [repositories/VehicleRepositoryTest-context.xml] does not exist
11:09:16.345 [main] DEBUG org.springframework.test.context.support.AbstractContextLoader - Did not detect default resource location for test class [repositories.VehicleRepositoryTest]: class path resource [repositories/VehicleRepositoryTestContext.groovy] does not exist
11:09:16.345 [main] INFO org.springframework.test.context.support.AbstractContextLoader - Could not detect default resource locations for test class [repositories.VehicleRepositoryTest]: no resource found for suffixes {-context.xml, Context.groovy}.
11:09:16.347 [main] DEBUG org.springframework.test.context.support.ActiveProfilesUtils - Could not find an 'annotation declaring class' for annotation type [org.springframework.test.context.ActiveProfiles] and class [repositories.VehicleRepositoryTest]
11:09:16.349 [main] DEBUG org.springframework.boot.test.context.SpringBootTestContextBootstrapper - @TestExecutionListeners is not present for class [repositories.VehicleRepositoryTest]: using defaults.
11:09:16.350 [main] INFO org.springframework.boot.test.context.SpringBootTestContextBootstrapper - Loaded default TestExecutionListener class names from location [META-INF/spring.factories]: [org.springframework.boot.test.mock.mockito.MockitoTestExecutionListener, org.springframework.boot.test.mock.mockito.ResetMocksTestExecutionListener, org.springframework.boot.test.autoconfigure.restdocs.RestDocsTestExecutionListener, org.springframework.boot.test.autoconfigure.web.client.MockRestServiceServerResetTestExecutionListener, org.springframework.boot.test.autoconfigure.web.servlet.MockMvcPrintOnlyOnFailureTestExecutionListener, org.springframework.boot.test.autoconfigure.web.servlet.WebDriverTestExecutionListener, org.springframework.boot.test.autoconfigure.webservices.client.MockWebServiceServerTestExecutionListener, org.springframework.test.context.web.ServletTestExecutionListener, org.springframework.test.context.support.DirtiesContextBeforeModesTestExecutionListener, org.springframework.test.context.support.DependencyInjectionTestExecutionListener, org.springframework.test.context.support.DirtiesContextTestExecutionListener, org.springframework.test.context.transaction.TransactionalTestExecutionListener, org.springframework.test.context.jdbc.SqlScriptsTestExecutionListener, org.springframework.test.context.event.EventPublishingTestExecutionListener]
11:09:16.350 [main] INFO org.springframework.boot.test.context.SpringBootTestContextBootstrapper - Using TestExecutionListeners: [org.springframework.test.context.web.ServletTestExecutionListener@17a1e4ca, org.springframework.test.context.support.DirtiesContextBeforeModesTestExecutionListener@10ded6a9, org.springframework.boot.test.mock.mockito.MockitoTestExecutionListener@c5dc4a2, org.springframework.boot.test.autoconfigure.SpringBootDependencyInjectionTestExecutionListener@4a194c39, org.springframework.test.context.support.DirtiesContextTestExecutionListener@52066604, org.springframework.test.context.transaction.TransactionalTestExecutionListener@340b9973, org.springframework.test.context.jdbc.SqlScriptsTestExecutionListener@56113384, org.springframework.test.context.event.EventPublishingTestExecutionListener@5669c5fb, org.springframework.boot.test.mock.mockito.ResetMocksTestExecutionListener@373ebf74, org.springframework.boot.test.autoconfigure.restdocs.RestDocsTestExecutionListener@5f9678e1, org.springframework.boot.test.autoconfigure.web.client.MockRestServiceServerResetTestExecutionListener@c4ed84, org.springframework.boot.test.autoconfigure.web.servlet.MockMvcPrintOnlyOnFailureTestExecutionListener@189aa67a, org.springframework.boot.test.autoconfigure.web.servlet.WebDriverTestExecutionListener@5a9d6f02, org.springframework.boot.test.autoconfigure.webservices.client.MockWebServiceServerTestExecutionListener@362045c0]
11:09:16.350 [main] DEBUG org.springframework.test.annotation.ProfileValueUtils - Retrieved @ProfileValueSourceConfiguration [null] for test class [repositories.VehicleRepositoryTest]
11:09:16.351 [main] DEBUG org.springframework.test.annotation.ProfileValueUtils - Retrieved ProfileValueSource type [class org.springframework.test.annotation.SystemProfileValueSource] for class [repositories.VehicleRepositoryTest]
11:09:16.351 [main] DEBUG org.springframework.test.annotation.ProfileValueUtils - Retrieved @ProfileValueSourceConfiguration [null] for test class [repositories.VehicleRepositoryTest]
11:09:16.351 [main] DEBUG org.springframework.test.annotation.ProfileValueUtils - Retrieved ProfileValueSource type [class org.springframework.test.annotation.SystemProfileValueSource] for class [repositories.VehicleRepositoryTest]
11:09:16.351 [main] DEBUG org.springframework.test.annotation.ProfileValueUtils - Retrieved @ProfileValueSourceConfiguration [null] for test class [repositories.VehicleRepositoryTest]
11:09:16.351 [main] DEBUG org.springframework.test.annotation.ProfileValueUtils - Retrieved ProfileValueSource type [class org.springframework.test.annotation.SystemProfileValueSource] for class [repositories.VehicleRepositoryTest]
11:09:16.353 [main] DEBUG org.springframework.test.context.junit4.SpringJUnit4ClassRunner - SpringJUnit4ClassRunner constructor called with [class repositories.ElementRepositoryTest]
11:09:16.353 [main] DEBUG org.springframework.test.context.BootstrapUtils - Instantiating CacheAwareContextLoaderDelegate from class [org.springframework.test.context.cache.DefaultCacheAwareContextLoaderDelegate]
11:09:16.353 [main] DEBUG org.springframework.test.context.BootstrapUtils - Instantiating BootstrapContext using constructor [public org.springframework.test.context.support.DefaultBootstrapContext(java.lang.Class,org.springframework.test.context.CacheAwareContextLoaderDelegate)]
11:09:16.353 [main] DEBUG org.springframework.test.context.BootstrapUtils - Instantiating TestContextBootstrapper for test class [repositories.ElementRepositoryTest] from class [org.springframework.boot.test.context.SpringBootTestContextBootstrapper]
11:09:16.354 [main] INFO org.springframework.boot.test.context.SpringBootTestContextBootstrapper - Neither @ContextConfiguration nor @ContextHierarchy found for test class [repositories.ElementRepositoryTest], using SpringBootContextLoader
11:09:16.355 [main] DEBUG org.springframework.test.context.support.AbstractContextLoader - Did not detect default resource location for test class [repositories.ElementRepositoryTest]: class path resource [repositories/ElementRepositoryTest-context.xml] does not exist
11:09:16.355 [main] DEBUG org.springframework.test.context.support.AbstractContextLoader - Did not detect default resource location for test class [repositories.ElementRepositoryTest]: class path resource [repositories/ElementRepositoryTestContext.groovy] does not exist
11:09:16.355 [main] INFO org.springframework.test.context.support.AbstractContextLoader - Could not detect default resource locations for test class [repositories.ElementRepositoryTest]: no resource found for suffixes {-context.xml, Context.groovy}.
11:09:16.358 [main] DEBUG org.springframework.test.context.support.ActiveProfilesUtils - Could not find an 'annotation declaring class' for annotation type [org.springframework.test.context.ActiveProfiles] and class [repositories.ElementRepositoryTest]
11:09:16.360 [main] DEBUG org.springframework.boot.test.context.SpringBootTestContextBootstrapper - @TestExecutionListeners is not present for class [repositories.ElementRepositoryTest]: using defaults.
11:09:16.361 [main] INFO org.springframework.boot.test.context.SpringBootTestContextBootstrapper - Loaded default TestExecutionListener class names from location [META-INF/spring.factories]: [org.springframework.boot.test.mock.mockito.MockitoTestExecutionListener, org.springframework.boot.test.mock.mockito.ResetMocksTestExecutionListener, org.springframework.boot.test.autoconfigure.restdocs.RestDocsTestExecutionListener, org.springframework.boot.test.autoconfigure.web.client.MockRestServiceServerResetTestExecutionListener, org.springframework.boot.test.autoconfigure.web.servlet.MockMvcPrintOnlyOnFailureTestExecutionListener, org.springframework.boot.test.autoconfigure.web.servlet.WebDriverTestExecutionListener, org.springframework.boot.test.autoconfigure.webservices.client.MockWebServiceServerTestExecutionListener, org.springframework.test.context.web.ServletTestExecutionListener, org.springframework.test.context.support.DirtiesContextBeforeModesTestExecutionListener, org.springframework.test.context.support.DependencyInjectionTestExecutionListener, org.springframework.test.context.support.DirtiesContextTestExecutionListener, org.springframework.test.context.transaction.TransactionalTestExecutionListener, org.springframework.test.context.jdbc.SqlScriptsTestExecutionListener, org.springframework.test.context.event.EventPublishingTestExecutionListener]
11:09:16.361 [main] INFO org.springframework.boot.test.context.SpringBootTestContextBootstrapper - Using TestExecutionListeners: [org.springframework.test.context.web.ServletTestExecutionListener@5ccbeb64, org.springframework.test.context.support.DirtiesContextBeforeModesTestExecutionListener@6d9f7a80, org.springframework.boot.test.mock.mockito.MockitoTestExecutionListener@59252cb6, org.springframework.boot.test.autoconfigure.SpringBootDependencyInjectionTestExecutionListener@31d0e481, org.springframework.test.context.support.DirtiesContextTestExecutionListener@3243b914, org.springframework.test.context.transaction.TransactionalTestExecutionListener@241e8ea6, org.springframework.test.context.jdbc.SqlScriptsTestExecutionListener@542e560f, org.springframework.test.context.event.EventPublishingTestExecutionListener@626c44e7, org.springframework.boot.test.mock.mockito.ResetMocksTestExecutionListener@4dc8caa7, org.springframework.boot.test.autoconfigure.restdocs.RestDocsTestExecutionListener@1d730606, org.springframework.boot.test.autoconfigure.web.client.MockRestServiceServerResetTestExecutionListener@3bcbb589, org.springframework.boot.test.autoconfigure.web.servlet.MockMvcPrintOnlyOnFailureTestExecutionListener@3b00856b, org.springframework.boot.test.autoconfigure.web.servlet.WebDriverTestExecutionListener@3016fd5e, org.springframework.boot.test.autoconfigure.webservices.client.MockWebServiceServerTestExecutionListener@35d08e6c]
11:09:16.361 [main] DEBUG org.springframework.test.annotation.ProfileValueUtils - Retrieved @ProfileValueSourceConfiguration [null] for test class [repositories.ElementRepositoryTest]
11:09:16.361 [main] DEBUG org.springframework.test.annotation.ProfileValueUtils - Retrieved ProfileValueSource type [class org.springframework.test.annotation.SystemProfileValueSource] for class [repositories.ElementRepositoryTest]
11:09:16.362 [main] DEBUG org.springframework.test.annotation.ProfileValueUtils - Retrieved @ProfileValueSourceConfiguration [null] for test class [repositories.ElementRepositoryTest]
11:09:16.362 [main] DEBUG org.springframework.test.annotation.ProfileValueUtils - Retrieved ProfileValueSource type [class org.springframework.test.annotation.SystemProfileValueSource] for class [repositories.ElementRepositoryTest]
11:09:16.362 [main] DEBUG org.springframework.test.annotation.ProfileValueUtils - Retrieved @ProfileValueSourceConfiguration [null] for test class [repositories.ElementRepositoryTest]
11:09:16.362 [main] DEBUG org.springframework.test.annotation.ProfileValueUtils - Retrieved ProfileValueSource type [class org.springframework.test.annotation.SystemProfileValueSource] for class [repositories.ElementRepositoryTest]
11:09:16.363 [main] DEBUG org.springframework.test.context.junit4.SpringJUnit4ClassRunner - SpringJUnit4ClassRunner constructor called with [class repositories.ElementTypeRepositoryTest]
11:09:16.363 [main] DEBUG org.springframework.test.context.BootstrapUtils - Instantiating CacheAwareContextLoaderDelegate from class [org.springframework.test.context.cache.DefaultCacheAwareContextLoaderDelegate]
11:09:16.364 [main] DEBUG org.springframework.test.context.BootstrapUtils - Instantiating BootstrapContext using constructor [public org.springframework.test.context.support.DefaultBootstrapContext(java.lang.Class,org.springframework.test.context.CacheAwareContextLoaderDelegate)]
11:09:16.364 [main] DEBUG org.springframework.test.context.BootstrapUtils - Instantiating TestContextBootstrapper for test class [repositories.ElementTypeRepositoryTest] from class [org.springframework.boot.test.context.SpringBootTestContextBootstrapper]
11:09:16.365 [main] INFO org.springframework.boot.test.context.SpringBootTestContextBootstrapper - Neither @ContextConfiguration nor @ContextHierarchy found for test class [repositories.ElementTypeRepositoryTest], using SpringBootContextLoader
11:09:16.365 [main] DEBUG org.springframework.test.context.support.AbstractContextLoader - Did not detect default resource location for test class [repositories.ElementTypeRepositoryTest]: class path resource [repositories/ElementTypeRepositoryTest-context.xml] does not exist
11:09:16.366 [main] DEBUG org.springframework.test.context.support.AbstractContextLoader - Did not detect default resource location for test class [repositories.ElementTypeRepositoryTest]: class path resource [repositories/ElementTypeRepositoryTestContext.groovy] does not exist
11:09:16.366 [main] INFO org.springframework.test.context.support.AbstractContextLoader - Could not detect default resource locations for test class [repositories.ElementTypeRepositoryTest]: no resource found for suffixes {-context.xml, Context.groovy}.
11:09:16.368 [main] DEBUG org.springframework.test.context.support.ActiveProfilesUtils - Could not find an 'annotation declaring class' for annotation type [org.springframework.test.context.ActiveProfiles] and class [repositories.ElementTypeRepositoryTest]
11:09:16.370 [main] DEBUG org.springframework.boot.test.context.SpringBootTestContextBootstrapper - @TestExecutionListeners is not present for class [repositories.ElementTypeRepositoryTest]: using defaults.
11:09:16.370 [main] INFO org.springframework.boot.test.context.SpringBootTestContextBootstrapper - Loaded default TestExecutionListener class names from location [META-INF/spring.factories]: [org.springframework.boot.test.mock.mockito.MockitoTestExecutionListener, org.springframework.boot.test.mock.mockito.ResetMocksTestExecutionListener, org.springframework.boot.test.autoconfigure.restdocs.RestDocsTestExecutionListener, org.springframework.boot.test.autoconfigure.web.client.MockRestServiceServerResetTestExecutionListener, org.springframework.boot.test.autoconfigure.web.servlet.MockMvcPrintOnlyOnFailureTestExecutionListener, org.springframework.boot.test.autoconfigure.web.servlet.WebDriverTestExecutionListener, org.springframework.boot.test.autoconfigure.webservices.client.MockWebServiceServerTestExecutionListener, org.springframework.test.context.web.ServletTestExecutionListener, org.springframework.test.context.support.DirtiesContextBeforeModesTestExecutionListener, org.springframework.test.context.support.DependencyInjectionTestExecutionListener, org.springframework.test.context.support.DirtiesContextTestExecutionListener, org.springframework.test.context.transaction.TransactionalTestExecutionListener, org.springframework.test.context.jdbc.SqlScriptsTestExecutionListener, org.springframework.test.context.event.EventPublishingTestExecutionListener]
11:09:16.371 [main] INFO org.springframework.boot.test.context.SpringBootTestContextBootstrapper - Using TestExecutionListeners: [org.springframework.test.context.web.ServletTestExecutionListener@6c45ee6e, org.springframework.test.context.support.DirtiesContextBeforeModesTestExecutionListener@6b3e12b5, org.springframework.boot.test.mock.mockito.MockitoTestExecutionListener@5aac4250, org.springframework.boot.test.autoconfigure.SpringBootDependencyInjectionTestExecutionListener@1338fb5, org.springframework.test.context.support.DirtiesContextTestExecutionListener@42463763, org.springframework.test.context.transaction.TransactionalTestExecutionListener@59f63e24, org.springframework.test.context.jdbc.SqlScriptsTestExecutionListener@61f05988, org.springframework.test.context.event.EventPublishingTestExecutionListener@7ca33c24, org.springframework.boot.test.mock.mockito.ResetMocksTestExecutionListener@fade1fc, org.springframework.boot.test.autoconfigure.restdocs.RestDocsTestExecutionListener@67c2e933, org.springframework.boot.test.autoconfigure.web.client.MockRestServiceServerResetTestExecutionListener@41dd05a, org.springframework.boot.test.autoconfigure.web.servlet.MockMvcPrintOnlyOnFailureTestExecutionListener@613a8ee1, org.springframework.boot.test.autoconfigure.web.servlet.WebDriverTestExecutionListener@178213b, org.springframework.boot.test.autoconfigure.webservices.client.MockWebServiceServerTestExecutionListener@7103cb56]
11:09:16.371 [main] DEBUG org.springframework.test.annotation.ProfileValueUtils - Retrieved @ProfileValueSourceConfiguration [null] for test class [repositories.ElementTypeRepositoryTest]
11:09:16.371 [main] DEBUG org.springframework.test.annotation.ProfileValueUtils - Retrieved ProfileValueSource type [class org.springframework.test.annotation.SystemProfileValueSource] for class [repositories.ElementTypeRepositoryTest]
11:09:16.371 [main] DEBUG org.springframework.test.annotation.ProfileValueUtils - Retrieved @ProfileValueSourceConfiguration [null] for test class [repositories.ElementTypeRepositoryTest]
11:09:16.372 [main] DEBUG org.springframework.test.annotation.ProfileValueUtils - Retrieved ProfileValueSource type [class org.springframework.test.annotation.SystemProfileValueSource] for class [repositories.ElementTypeRepositoryTest]
11:09:16.372 [main] DEBUG org.springframework.test.annotation.ProfileValueUtils - Retrieved @ProfileValueSourceConfiguration [null] for test class [repositories.ElementTypeRepositoryTest]
11:09:16.372 [main] DEBUG org.springframework.test.annotation.ProfileValueUtils - Retrieved ProfileValueSource type [class org.springframework.test.annotation.SystemProfileValueSource] for class [repositories.ElementTypeRepositoryTest]
11:09:16.373 [main] DEBUG org.springframework.test.context.junit4.SpringJUnit4ClassRunner - SpringJUnit4ClassRunner constructor called with [class repositories.VehicleMakeRepositoryTest]
11:09:16.373 [main] DEBUG org.springframework.test.context.BootstrapUtils - Instantiating CacheAwareContextLoaderDelegate from class [org.springframework.test.context.cache.DefaultCacheAwareContextLoaderDelegate]
11:09:16.373 [main] DEBUG org.springframework.test.context.BootstrapUtils - Instantiating BootstrapContext using constructor [public org.springframework.test.context.support.DefaultBootstrapContext(java.lang.Class,org.springframework.test.context.CacheAwareContextLoaderDelegate)]
11:09:16.374 [main] DEBUG org.springframework.test.context.BootstrapUtils - Instantiating TestContextBootstrapper for test class [repositories.VehicleMakeRepositoryTest] from class [org.springframework.boot.test.context.SpringBootTestContextBootstrapper]
11:09:16.374 [main] INFO org.springframework.boot.test.context.SpringBootTestContextBootstrapper - Neither @ContextConfiguration nor @ContextHierarchy found for test class [repositories.VehicleMakeRepositoryTest], using SpringBootContextLoader
11:09:16.375 [main] DEBUG org.springframework.test.context.support.AbstractContextLoader - Did not detect default resource location for test class [repositories.VehicleMakeRepositoryTest]: class path resource [repositories/VehicleMakeRepositoryTest-context.xml] does not exist
11:09:16.375 [main] DEBUG org.springframework.test.context.support.AbstractContextLoader - Did not detect default resource location for test class [repositories.VehicleMakeRepositoryTest]: class path resource [repositories/VehicleMakeRepositoryTestContext.groovy] does not exist
11:09:16.375 [main] INFO org.springframework.test.context.support.AbstractContextLoader - Could not detect default resource locations for test class [repositories.VehicleMakeRepositoryTest]: no resource found for suffixes {-context.xml, Context.groovy}.
11:09:16.377 [main] DEBUG org.springframework.test.context.support.ActiveProfilesUtils - Could not find an 'annotation declaring class' for annotation type [org.springframework.test.context.ActiveProfiles] and class [repositories.VehicleMakeRepositoryTest]
11:09:16.380 [main] DEBUG org.springframework.boot.test.context.SpringBootTestContextBootstrapper - @TestExecutionListeners is not present for class [repositories.VehicleMakeRepositoryTest]: using defaults.
11:09:16.380 [main] INFO org.springframework.boot.test.context.SpringBootTestContextBootstrapper - Loaded default TestExecutionListener class names from location [META-INF/spring.factories]: [org.springframework.boot.test.mock.mockito.MockitoTestExecutionListener, org.springframework.boot.test.mock.mockito.ResetMocksTestExecutionListener, org.springframework.boot.test.autoconfigure.restdocs.RestDocsTestExecutionListener, org.springframework.boot.test.autoconfigure.web.client.MockRestServiceServerResetTestExecutionListener, org.springframework.boot.test.autoconfigure.web.servlet.MockMvcPrintOnlyOnFailureTestExecutionListener, org.springframework.boot.test.autoconfigure.web.servlet.WebDriverTestExecutionListener, org.springframework.boot.test.autoconfigure.webservices.client.MockWebServiceServerTestExecutionListener, org.springframework.test.context.web.ServletTestExecutionListener, org.springframework.test.context.support.DirtiesContextBeforeModesTestExecutionListener, org.springframework.test.context.support.DependencyInjectionTestExecutionListener, org.springframework.test.context.support.DirtiesContextTestExecutionListener, org.springframework.test.context.transaction.TransactionalTestExecutionListener, org.springframework.test.context.jdbc.SqlScriptsTestExecutionListener, org.springframework.test.context.event.EventPublishingTestExecutionListener]
11:09:16.380 [main] INFO org.springframework.boot.test.context.SpringBootTestContextBootstrapper - Using TestExecutionListeners: [org.springframework.test.context.web.ServletTestExecutionListener@2e8e8225, org.springframework.test.context.support.DirtiesContextBeforeModesTestExecutionListener@6ebf0f36, org.springframework.boot.test.mock.mockito.MockitoTestExecutionListener@18920cc, org.springframework.boot.test.autoconfigure.SpringBootDependencyInjectionTestExecutionListener@2807bdeb, org.springframework.test.context.support.DirtiesContextTestExecutionListener@72c28d64, org.springframework.test.context.transaction.TransactionalTestExecutionListener@6492fab5, org.springframework.test.context.jdbc.SqlScriptsTestExecutionListener@2c5529ab, org.springframework.test.context.event.EventPublishingTestExecutionListener@39a8312f, org.springframework.boot.test.mock.mockito.ResetMocksTestExecutionListener@5f6722d3, org.springframework.boot.test.autoconfigure.restdocs.RestDocsTestExecutionListener@2c532cd8, org.springframework.boot.test.autoconfigure.web.client.MockRestServiceServerResetTestExecutionListener@294e5088, org.springframework.boot.test.autoconfigure.web.servlet.MockMvcPrintOnlyOnFailureTestExecutionListener@51972dc7, org.springframework.boot.test.autoconfigure.web.servlet.WebDriverTestExecutionListener@3700ec9c, org.springframework.boot.test.autoconfigure.webservices.client.MockWebServiceServerTestExecutionListener@2002348]
11:09:16.380 [main] DEBUG org.springframework.test.annotation.ProfileValueUtils - Retrieved @ProfileValueSourceConfiguration [null] for test class [repositories.VehicleMakeRepositoryTest]
11:09:16.380 [main] DEBUG org.springframework.test.annotation.ProfileValueUtils - Retrieved ProfileValueSource type [class org.springframework.test.annotation.SystemProfileValueSource] for class [repositories.VehicleMakeRepositoryTest]
11:09:16.381 [main] DEBUG org.springframework.test.annotation.ProfileValueUtils - Retrieved @ProfileValueSourceConfiguration [null] for test class [repositories.VehicleMakeRepositoryTest]
11:09:16.381 [main] DEBUG org.springframework.test.annotation.ProfileValueUtils - Retrieved ProfileValueSource type [class org.springframework.test.annotation.SystemProfileValueSource] for class [repositories.VehicleMakeRepositoryTest]
11:09:16.381 [main] DEBUG org.springframework.test.annotation.ProfileValueUtils - Retrieved @ProfileValueSourceConfiguration [null] for test class [repositories.VehicleMakeRepositoryTest]
11:09:16.381 [main] DEBUG org.springframework.test.annotation.ProfileValueUtils - Retrieved ProfileValueSource type [class org.springframework.test.annotation.SystemProfileValueSource] for class [repositories.VehicleMakeRepositoryTest]
11:09:16.382 [main] DEBUG org.springframework.test.context.junit4.SpringJUnit4ClassRunner - SpringJUnit4ClassRunner constructor called with [class repositories.VehicleModelRepositoryTest]
11:09:16.382 [main] DEBUG org.springframework.test.context.BootstrapUtils - Instantiating CacheAwareContextLoaderDelegate from class [org.springframework.test.context.cache.DefaultCacheAwareContextLoaderDelegate]
11:09:16.382 [main] DEBUG org.springframework.test.context.BootstrapUtils - Instantiating BootstrapContext using constructor [public org.springframework.test.context.support.DefaultBootstrapContext(java.lang.Class,org.springframework.test.context.CacheAwareContextLoaderDelegate)]
11:09:16.383 [main] DEBUG org.springframework.test.context.BootstrapUtils - Instantiating TestContextBootstrapper for test class [repositories.VehicleModelRepositoryTest] from class [org.springframework.boot.test.context.SpringBootTestContextBootstrapper]
11:09:16.383 [main] INFO org.springframework.boot.test.context.SpringBootTestContextBootstrapper - Neither @ContextConfiguration nor @ContextHierarchy found for test class [repositories.VehicleModelRepositoryTest], using SpringBootContextLoader
11:09:16.384 [main] DEBUG org.springframework.test.context.support.AbstractContextLoader - Did not detect default resource location for test class [repositories.VehicleModelRepositoryTest]: class path resource [repositories/VehicleModelRepositoryTest-context.xml] does not exist
11:09:16.384 [main] DEBUG org.springframework.test.context.support.AbstractContextLoader - Did not detect default resource location for test class [repositories.VehicleModelRepositoryTest]: class path resource [repositories/VehicleModelRepositoryTestContext.groovy] does not exist
11:09:16.384 [main] INFO org.springframework.test.context.support.AbstractContextLoader - Could not detect default resource locations for test class [repositories.VehicleModelRepositoryTest]: no resource found for suffixes {-context.xml, Context.groovy}.
11:09:16.386 [main] DEBUG org.springframework.test.context.support.ActiveProfilesUtils - Could not find an 'annotation declaring class' for annotation type [org.springframework.test.context.ActiveProfiles] and class [repositories.VehicleModelRepositoryTest]
11:09:16.389 [main] DEBUG org.springframework.boot.test.context.SpringBootTestContextBootstrapper - @TestExecutionListeners is not present for class [repositories.VehicleModelRepositoryTest]: using defaults.
11:09:16.389 [main] INFO org.springframework.boot.test.context.SpringBootTestContextBootstrapper - Loaded default TestExecutionListener class names from location [META-INF/spring.factories]: [org.springframework.boot.test.mock.mockito.MockitoTestExecutionListener, org.springframework.boot.test.mock.mockito.ResetMocksTestExecutionListener, org.springframework.boot.test.autoconfigure.restdocs.RestDocsTestExecutionListener, org.springframework.boot.test.autoconfigure.web.client.MockRestServiceServerResetTestExecutionListener, org.springframework.boot.test.autoconfigure.web.servlet.MockMvcPrintOnlyOnFailureTestExecutionListener, org.springframework.boot.test.autoconfigure.web.servlet.WebDriverTestExecutionListener, org.springframework.boot.test.autoconfigure.webservices.client.MockWebServiceServerTestExecutionListener, org.springframework.test.context.web.ServletTestExecutionListener, org.springframework.test.context.support.DirtiesContextBeforeModesTestExecutionListener, org.springframework.test.context.support.DependencyInjectionTestExecutionListener, org.springframework.test.context.support.DirtiesContextTestExecutionListener, org.springframework.test.context.transaction.TransactionalTestExecutionListener, org.springframework.test.context.jdbc.SqlScriptsTestExecutionListener, org.springframework.test.context.event.EventPublishingTestExecutionListener]
11:09:16.390 [main] INFO org.springframework.boot.test.context.SpringBootTestContextBootstrapper - Using TestExecutionListeners: [org.springframework.test.context.web.ServletTestExecutionListener@31000e60, org.springframework.test.context.support.DirtiesContextBeforeModesTestExecutionListener@1d470d0, org.springframework.boot.test.mock.mockito.MockitoTestExecutionListener@24d09c1, org.springframework.boot.test.autoconfigure.SpringBootDependencyInjectionTestExecutionListener@54c62d71, org.springframework.test.context.support.DirtiesContextTestExecutionListener@65045a87, org.springframework.test.context.transaction.TransactionalTestExecutionListener@47f4e407, org.springframework.test.context.jdbc.SqlScriptsTestExecutionListener@2d1dee39, org.springframework.test.context.event.EventPublishingTestExecutionListener@48d5f34e, org.springframework.boot.test.mock.mockito.ResetMocksTestExecutionListener@fc258b1, org.springframework.boot.test.autoconfigure.restdocs.RestDocsTestExecutionListener@6ff65192, org.springframework.boot.test.autoconfigure.web.client.MockRestServiceServerResetTestExecutionListener@2dd80673, org.springframework.boot.test.autoconfigure.web.servlet.MockMvcPrintOnlyOnFailureTestExecutionListener@4af0df05, org.springframework.boot.test.autoconfigure.web.servlet.WebDriverTestExecutionListener@57ea113a, org.springframework.boot.test.autoconfigure.webservices.client.MockWebServiceServerTestExecutionListener@acdb094]
11:09:16.390 [main] DEBUG org.springframework.test.annotation.ProfileValueUtils - Retrieved @ProfileValueSourceConfiguration [null] for test class [repositories.VehicleModelRepositoryTest]
11:09:16.390 [main] DEBUG org.springframework.test.annotation.ProfileValueUtils - Retrieved ProfileValueSource type [class org.springframework.test.annotation.SystemProfileValueSource] for class [repositories.VehicleModelRepositoryTest]
11:09:16.390 [main] DEBUG org.springframework.test.annotation.ProfileValueUtils - Retrieved @ProfileValueSourceConfiguration [null] for test class [repositories.VehicleModelRepositoryTest]
11:09:16.391 [main] DEBUG org.springframework.test.annotation.ProfileValueUtils - Retrieved ProfileValueSource type [class org.springframework.test.annotation.SystemProfileValueSource] for class [repositories.VehicleModelRepositoryTest]
11:09:16.391 [main] DEBUG org.springframework.test.annotation.ProfileValueUtils - Retrieved @ProfileValueSourceConfiguration [null] for test class [repositories.VehicleModelRepositoryTest]
11:09:16.391 [main] DEBUG org.springframework.test.annotation.ProfileValueUtils - Retrieved ProfileValueSource type [class org.springframework.test.annotation.SystemProfileValueSource] for class [repositories.VehicleModelRepositoryTest]
11:09:16.474 [main] DEBUG org.springframework.test.annotation.ProfileValueUtils - Retrieved @ProfileValueSourceConfiguration [null] for test class [repositories.AddressRepositoryTest]
11:09:16.474 [main] DEBUG org.springframework.test.annotation.ProfileValueUtils - Retrieved ProfileValueSource type [class org.springframework.test.annotation.SystemProfileValueSource] for class [repositories.AddressRepositoryTest]
11:09:16.478 [main] DEBUG org.springframework.test.annotation.ProfileValueUtils - Retrieved @ProfileValueSourceConfiguration [null] for test class [repositories.AddressRepositoryTest]
11:09:16.478 [main] DEBUG org.springframework.test.annotation.ProfileValueUtils - Retrieved ProfileValueSource type [class org.springframework.test.annotation.SystemProfileValueSource] for class [repositories.AddressRepositoryTest]
11:09:16.479 [main] DEBUG org.springframework.test.annotation.ProfileValueUtils - Retrieved @ProfileValueSourceConfiguration [null] for test class [repositories.AddressRepositoryTest]
11:09:16.479 [main] DEBUG org.springframework.test.annotation.ProfileValueUtils - Retrieved ProfileValueSource type [class org.springframework.test.annotation.SystemProfileValueSource] for class [repositories.AddressRepositoryTest]
11:09:16.486 [main] DEBUG org.springframework.test.context.support.AbstractDirtiesContextTestExecutionListener - Before test class: context [DefaultTestContext@3fa2213 testClass = AddressRepositoryTest, testInstance = [null], testMethod = [null], testException = [null], mergedContextConfiguration = [WebMergedContextConfiguration@3e7634b9 testClass = AddressRepositoryTest, locations = '{}', classes = '{class com.astontech.hr.configuration.RepositoryConfiguration}', contextInitializerClasses = '[]', activeProfiles = '{}', propertySourceLocations = '{}', propertySourceProperties = '{org.springframework.boot.test.context.SpringBootTestContextBootstrapper=true}', contextCustomizers = set[org.springframework.boot.test.context.filter.ExcludeFilterContextCustomizer@61c4eee0, org.springframework.boot.test.json.DuplicateJsonObjectContextCustomizerFactory$DuplicateJsonObjectContextCustomizer@548a24a, org.springframework.boot.test.mock.mockito.MockitoContextCustomizer@0, org.springframework.boot.test.web.client.TestRestTemplateContextCustomizer@1a245833, org.springframework.boot.test.autoconfigure.properties.PropertyMappingContextCustomizer@0, org.springframework.boot.test.autoconfigure.web.servlet.WebDriverContextCustomizerFactory$Customizer@5e7cd6cc, org.springframework.boot.test.context.SpringBootTestArgs@1, org.springframework.boot.test.context.SpringBootTestWebEnvironment@4686afc2], resourceBasePath = 'src/main/webapp', contextLoader = 'org.springframework.boot.test.context.SpringBootContextLoader', parent = [null]], attributes = map['org.springframework.test.context.web.ServletTestExecutionListener.activateListener' -> true]], class annotated with @DirtiesContext [false] with mode [null].
11:09:16.488 [main] DEBUG org.springframework.test.annotation.ProfileValueUtils - Retrieved @ProfileValueSourceConfiguration [null] for test class [repositories.AddressRepositoryTest]
11:09:16.488 [main] DEBUG org.springframework.test.annotation.ProfileValueUtils - Retrieved ProfileValueSource type [class org.springframework.test.annotation.SystemProfileValueSource] for class [repositories.AddressRepositoryTest]
11:09:16.530 [main] DEBUG org.springframework.test.context.support.TestPropertySourceUtils - Adding inlined properties to environment: {spring.jmx.enabled=false, org.springframework.boot.test.context.SpringBootTestContextBootstrapper=true}

  .   ____          _            __ _ _
 /\\ / ___'_ __ _ _(_)_ __  __ _ \ \ \ \
( ( )\___ | '_ | '_| | '_ \/ _` | \ \ \ \
 \\/  ___)| |_)| | | | | || (_| |  ) ) ) )
  '  |____| .__|_| |_|_| |_\__, | / / / /
 =========|_|==============|___/=/_/_/_/
 :: Spring Boot ::        (v2.3.8.RELEASE)

2021-02-11 11:09:17.263  INFO 736 --- [           main] repositories.AddressRepositoryTest       : Starting AddressRepositoryTest on tmcnamara-Latitude-E7470 with PID 736 (started by tmcnamara in /home/tmcnamara/IdeaProjects/com.astontech.hr)
2021-02-11 11:09:17.266  INFO 736 --- [           main] repositories.AddressRepositoryTest       : No active profile set, falling back to default profiles: default
2021-02-11 11:09:18.325  INFO 736 --- [           main] .s.d.r.c.RepositoryConfigurationDelegate : Bootstrapping Spring Data JPA repositories in DEFAULT mode.
2021-02-11 11:09:18.413  INFO 736 --- [           main] .s.d.r.c.RepositoryConfigurationDelegate : Finished Spring Data repository scanning in 77ms. Found 9 JPA repository interfaces.
2021-02-11 11:09:19.664  INFO 736 --- [           main] o.hibernate.jpa.internal.util.LogHelper  : HHH000204: Processing PersistenceUnitInfo [name: default]
2021-02-11 11:09:19.747  INFO 736 --- [           main] org.hibernate.Version                    : HHH000412: Hibernate ORM core version 5.4.27.Final
2021-02-11 11:09:19.904  INFO 736 --- [           main] o.hibernate.annotations.common.Version   : HCANN000001: Hibernate Commons Annotations {5.1.2.Final}
2021-02-11 11:09:20.038  INFO 736 --- [           main] com.zaxxer.hikari.HikariDataSource       : HikariPool-1 - Starting...
2021-02-11 11:09:20.587  INFO 736 --- [           main] com.zaxxer.hikari.HikariDataSource       : HikariPool-1 - Start completed.
2021-02-11 11:09:20.631  INFO 736 --- [           main] org.hibernate.dialect.Dialect            : HHH000400: Using dialect: org.hibernate.dialect.MySQL57Dialect
2021-02-11 11:09:21.947  INFO 736 --- [           main] o.h.e.t.j.p.i.JtaPlatformInitiator       : HHH000490: Using JtaPlatform implementation: [org.hibernate.engine.transaction.jta.platform.internal.NoJtaPlatform]
2021-02-11 11:09:21.959  INFO 736 --- [           main] j.LocalContainerEntityManagerFactoryBean : Initialized JPA EntityManagerFactory for persistence unit 'default'
2021-02-11 11:09:22.954  WARN 736 --- [           main] o.s.w.c.s.GenericWebApplicationContext   : Exception encountered during context initialization - cancelling refresh attempt: org.springframework.beans.factory.UnsatisfiedDependencyException: Error creating bean with name 'repositoryEntityController' defined in URL [jar:file:/home/tmcnamara/.m2/repository/org/springframework/data/spring-data-rest-webmvc/3.3.6.RELEASE/spring-data-rest-webmvc-3.3.6.RELEASE.jar!/org/springframework/data/rest/webmvc/RepositoryEntityController.class]: Unsatisfied dependency expressed through constructor parameter 2; nested exception is org.springframework.beans.factory.BeanCreationException: Error creating bean with name 'entityLinks' defined in class path resource [org/springframework/data/rest/webmvc/config/RepositoryRestMvcConfiguration.class]: Bean instantiation via factory method failed; nested exception is org.springframework.beans.BeanInstantiationException: Failed to instantiate [org.springframework.data.rest.webmvc.support.RepositoryEntityLinks]: Factory method 'entityLinks' threw exception; nested exception is org.springframework.beans.factory.BeanCreationException: Error creating bean with name 'backendIdConverterRegistry' defined in class path resource [org/springframework/data/rest/webmvc/config/RepositoryRestMvcConfiguration.class]: Bean instantiation via factory method failed; nested exception is org.springframework.beans.BeanInstantiationException: Failed to instantiate [org.springframework.plugin.core.PluginRegistry]: Factory method 'backendIdConverterRegistry' threw exception; nested exception is java.lang.NoSuchMethodError: 'org.springframework.plugin.core.PluginRegistry org.springframework.plugin.core.PluginRegistry.of(java.util.List)'
2021-02-11 11:09:22.956  INFO 736 --- [           main] j.LocalContainerEntityManagerFactoryBean : Closing JPA EntityManagerFactory for persistence unit 'default'
2021-02-11 11:09:22.965  INFO 736 --- [           main] com.zaxxer.hikari.HikariDataSource       : HikariPool-1 - Shutdown initiated...
2021-02-11 11:09:23.001  INFO 736 --- [           main] com.zaxxer.hikari.HikariDataSource       : HikariPool-1 - Shutdown completed.
2021-02-11 11:09:23.020  INFO 736 --- [           main] ConditionEvaluationReportLoggingListener : 

Error starting ApplicationContext. To display the conditions report re-run your application with 'debug' enabled.
2021-02-11 11:09:23.024 ERROR 736 --- [           main] o.s.b.d.LoggingFailureAnalysisReporter   : 

***************************
APPLICATION FAILED TO START
***************************

Description:

An attempt was made to call a method that does not exist. The attempt was made from the following location:

    org.springframework.data.rest.webmvc.config.RepositoryRestMvcConfiguration.backendIdConverterRegistry(RepositoryRestMvcConfiguration.java:702)

The following method did not exist:

    'org.springframework.plugin.core.PluginRegistry org.springframework.plugin.core.PluginRegistry.of(java.util.List)'

The method's class, org.springframework.plugin.core.PluginRegistry, is available from the following locations:

    jar:file:/home/tmcnamara/.m2/repository/org/springframework/plugin/spring-plugin-core/1.2.0.RELEASE/spring-plugin-core-1.2.0.RELEASE.jar!/org/springframework/plugin/core/PluginRegistry.class

The class hierarchy was loaded from the following locations:

    org.springframework.plugin.core.PluginRegistry: file:/home/tmcnamara/.m2/repository/org/springframework/plugin/spring-plugin-core/1.2.0.RELEASE/spring-plugin-core-1.2.0.RELEASE.jar


Action:

Correct the classpath of your application so that it contains a single, compatible version of org.springframework.plugin.core.PluginRegistry

2021-02-11 11:09:23.043 ERROR 736 --- [           main] o.s.test.context.TestContextManager      : Caught exception while allowing TestExecutionListener [org.springframework.test.context.web.ServletTestExecutionListener@59d2400d] to prepare test instance [repositories.AddressRepositoryTest@4d7fba20]

java.lang.IllegalStateException: Failed to load ApplicationContext
	at org.springframework.test.context.cache.DefaultCacheAwareContextLoaderDelegate.loadContext(DefaultCacheAwareContextLoaderDelegate.java:132) ~[spring-test-5.2.12.RELEASE.jar:5.2.12.RELEASE]
	at org.springframework.test.context.support.DefaultTestContext.getApplicationContext(DefaultTestContext.java:123) ~[spring-test-5.2.12.RELEASE.jar:5.2.12.RELEASE]
	at org.springframework.test.context.web.ServletTestExecutionListener.setUpRequestContextIfNecessary(ServletTestExecutionListener.java:190) ~[spring-test-5.2.12.RELEASE.jar:5.2.12.RELEASE]
	at org.springframework.test.context.web.ServletTestExecutionListener.prepareTestInstance(ServletTestExecutionListener.java:132) ~[spring-test-5.2.12.RELEASE.jar:5.2.12.RELEASE]
	at org.springframework.test.context.TestContextManager.prepareTestInstance(TestContextManager.java:244) ~[spring-test-5.2.12.RELEASE.jar:5.2.12.RELEASE]
	at org.springframework.test.context.junit4.SpringJUnit4ClassRunner.createTest(SpringJUnit4ClassRunner.java:227) ~[spring-test-5.2.12.RELEASE.jar:5.2.12.RELEASE]
	at org.springframework.test.context.junit4.SpringJUnit4ClassRunner$1.runReflectiveCall(SpringJUnit4ClassRunner.java:289) ~[spring-test-5.2.12.RELEASE.jar:5.2.12.RELEASE]
	at org.junit.internal.runners.model.ReflectiveCallable.run(ReflectiveCallable.java:12) ~[junit-4.13.1.jar:4.13.1]
	at org.springframework.test.context.junit4.SpringJUnit4ClassRunner.methodBlock(SpringJUnit4ClassRunner.java:291) ~[spring-test-5.2.12.RELEASE.jar:5.2.12.RELEASE]
	at org.springframework.test.context.junit4.SpringJUnit4ClassRunner.runChild(SpringJUnit4ClassRunner.java:246) ~[spring-test-5.2.12.RELEASE.jar:5.2.12.RELEASE]
	at org.springframework.test.context.junit4.SpringJUnit4ClassRunner.runChild(SpringJUnit4ClassRunner.java:97) ~[spring-test-5.2.12.RELEASE.jar:5.2.12.RELEASE]
	at org.junit.runners.ParentRunner$4.run(ParentRunner.java:331) ~[junit-4.13.1.jar:4.13.1]
	at org.junit.runners.ParentRunner$1.schedule(ParentRunner.java:79) ~[junit-4.13.1.jar:4.13.1]
	at org.junit.runners.ParentRunner.runChildren(ParentRunner.java:329) ~[junit-4.13.1.jar:4.13.1]
	at org.junit.runners.ParentRunner.access$100(ParentRunner.java:66) ~[junit-4.13.1.jar:4.13.1]
	at org.junit.runners.ParentRunner$2.evaluate(ParentRunner.java:293) ~[junit-4.13.1.jar:4.13.1]
	at org.springframework.test.context.junit4.statements.RunBeforeTestClassCallbacks.evaluate(RunBeforeTestClassCallbacks.java:61) ~[spring-test-5.2.12.RELEASE.jar:5.2.12.RELEASE]
	at org.springframework.test.context.junit4.statements.RunAfterTestClassCallbacks.evaluate(RunAfterTestClassCallbacks.java:70) ~[spring-test-5.2.12.RELEASE.jar:5.2.12.RELEASE]
	at org.junit.runners.ParentRunner$3.evaluate(ParentRunner.java:306) ~[junit-4.13.1.jar:4.13.1]
	at org.junit.runners.ParentRunner.run(ParentRunner.java:413) ~[junit-4.13.1.jar:4.13.1]
	at org.springframework.test.context.junit4.SpringJUnit4ClassRunner.run(SpringJUnit4ClassRunner.java:190) ~[spring-test-5.2.12.RELEASE.jar:5.2.12.RELEASE]
	at org.junit.runner.JUnitCore.run(JUnitCore.java:137) ~[junit-4.13.1.jar:4.13.1]
	at org.junit.runner.JUnitCore.run(JUnitCore.java:115) ~[junit-4.13.1.jar:4.13.1]
	at org.junit.vintage.engine.execution.RunnerExecutor.execute(RunnerExecutor.java:43) ~[junit-vintage-engine-5.6.3.jar:5.6.3]
	at java.base/java.util.stream.ForEachOps$ForEachOp$OfRef.accept(ForEachOps.java:183) ~[na:na]
	at java.base/java.util.stream.ReferencePipeline$3$1.accept(ReferencePipeline.java:195) ~[na:na]
	at java.base/java.util.Iterator.forEachRemaining(Iterator.java:133) ~[na:na]
	at java.base/java.util.Spliterators$IteratorSpliterator.forEachRemaining(Spliterators.java:1801) ~[na:na]
	at java.base/java.util.stream.AbstractPipeline.copyInto(AbstractPipeline.java:484) ~[na:na]
	at java.base/java.util.stream.AbstractPipeline.wrapAndCopyInto(AbstractPipeline.java:474) ~[na:na]
	at java.base/java.util.stream.ForEachOps$ForEachOp.evaluateSequential(ForEachOps.java:150) ~[na:na]
	at java.base/java.util.stream.ForEachOps$ForEachOp$OfRef.evaluateSequential(ForEachOps.java:173) ~[na:na]
	at java.base/java.util.stream.AbstractPipeline.evaluate(AbstractPipeline.java:234) ~[na:na]
	at java.base/java.util.stream.ReferencePipeline.forEach(ReferencePipeline.java:497) ~[na:na]
	at org.junit.vintage.engine.VintageTestEngine.executeAllChildren(VintageTestEngine.java:82) ~[junit-vintage-engine-5.6.3.jar:5.6.3]
	at org.junit.vintage.engine.VintageTestEngine.execute(VintageTestEngine.java:73) ~[junit-vintage-engine-5.6.3.jar:5.6.3]
	at org.junit.platform.launcher.core.DefaultLauncher.execute(DefaultLauncher.java:220) ~[junit-platform-launcher-1.3.1.jar:1.3.1]
	at org.junit.platform.launcher.core.DefaultLauncher.lambda$execute$6(DefaultLauncher.java:188) ~[junit-platform-launcher-1.3.1.jar:1.3.1]
	at org.junit.platform.launcher.core.DefaultLauncher.withInterceptedStreams(DefaultLauncher.java:202) ~[junit-platform-launcher-1.3.1.jar:1.3.1]
	at org.junit.platform.launcher.core.DefaultLauncher.execute(DefaultLauncher.java:181) ~[junit-platform-launcher-1.3.1.jar:1.3.1]
	at org.junit.platform.launcher.core.DefaultLauncher.execute(DefaultLauncher.java:128) ~[junit-platform-launcher-1.3.1.jar:1.3.1]
	at org.apache.maven.surefire.junitplatform.JUnitPlatformProvider.invokeAllTests(JUnitPlatformProvider.java:150) ~[surefire-junit-platform-2.22.2.jar:2.22.2]
	at org.apache.maven.surefire.junitplatform.JUnitPlatformProvider.invoke(JUnitPlatformProvider.java:124) ~[surefire-junit-platform-2.22.2.jar:2.22.2]
	at org.apache.maven.surefire.booter.ForkedBooter.invokeProviderInSameClassLoader(ForkedBooter.java:384) ~[surefire-booter-2.22.2.jar:2.22.2]
	at org.apache.maven.surefire.booter.ForkedBooter.runSuitesInProcess(ForkedBooter.java:345) ~[surefire-booter-2.22.2.jar:2.22.2]
	at org.apache.maven.surefire.booter.ForkedBooter.execute(ForkedBooter.java:126) ~[surefire-booter-2.22.2.jar:2.22.2]
	at org.apache.maven.surefire.booter.ForkedBooter.main(ForkedBooter.java:418) ~[surefire-booter-2.22.2.jar:2.22.2]
Caused by: org.springframework.beans.factory.UnsatisfiedDependencyException: Error creating bean with name 'repositoryEntityController' defined in URL [jar:file:/home/tmcnamara/.m2/repository/org/springframework/data/spring-data-rest-webmvc/3.3.6.RELEASE/spring-data-rest-webmvc-3.3.6.RELEASE.jar!/org/springframework/data/rest/webmvc/RepositoryEntityController.class]: Unsatisfied dependency expressed through constructor parameter 2; nested exception is org.springframework.beans.factory.BeanCreationException: Error creating bean with name 'entityLinks' defined in class path resource [org/springframework/data/rest/webmvc/config/RepositoryRestMvcConfiguration.class]: Bean instantiation via factory method failed; nested exception is org.springframework.beans.BeanInstantiationException: Failed to instantiate [org.springframework.data.rest.webmvc.support.RepositoryEntityLinks]: Factory method 'entityLinks' threw exception; nested exception is org.springframework.beans.factory.BeanCreationException: Error creating bean with name 'backendIdConverterRegistry' defined in class path resource [org/springframework/data/rest/webmvc/config/RepositoryRestMvcConfiguration.class]: Bean instantiation via factory method failed; nested exception is org.springframework.beans.BeanInstantiationException: Failed to instantiate [org.springframework.plugin.core.PluginRegistry]: Factory method 'backendIdConverterRegistry' threw exception; nested exception is java.lang.NoSuchMethodError: 'org.springframework.plugin.core.PluginRegistry org.springframework.plugin.core.PluginRegistry.of(java.util.List)'
	at org.springframework.beans.factory.support.ConstructorResolver.createArgumentArray(ConstructorResolver.java:799) ~[spring-beans-5.2.12.RELEASE.jar:5.2.12.RELEASE]
	at org.springframework.beans.factory.support.ConstructorResolver.autowireConstructor(ConstructorResolver.java:228) ~[spring-beans-5.2.12.RELEASE.jar:5.2.12.RELEASE]
	at org.springframework.beans.factory.support.AbstractAutowireCapableBeanFactory.autowireConstructor(AbstractAutowireCapableBeanFactory.java:1356) ~[spring-beans-5.2.12.RELEASE.jar:5.2.12.RELEASE]
	at org.springframework.beans.factory.support.AbstractAutowireCapableBeanFactory.createBeanInstance(AbstractAutowireCapableBeanFactory.java:1203) ~[spring-beans-5.2.12.RELEASE.jar:5.2.12.RELEASE]
	at org.springframework.beans.factory.support.AbstractAutowireCapableBeanFactory.doCreateBean(AbstractAutowireCapableBeanFactory.java:556) ~[spring-beans-5.2.12.RELEASE.jar:5.2.12.RELEASE]
	at org.springframework.beans.factory.support.AbstractAutowireCapableBeanFactory.createBean(AbstractAutowireCapableBeanFactory.java:516) ~[spring-beans-5.2.12.RELEASE.jar:5.2.12.RELEASE]
	at org.springframework.beans.factory.support.AbstractBeanFactory.lambda$doGetBean$0(AbstractBeanFactory.java:324) ~[spring-beans-5.2.12.RELEASE.jar:5.2.12.RELEASE]
	at org.springframework.beans.factory.support.DefaultSingletonBeanRegistry.getSingleton(DefaultSingletonBeanRegistry.java:234) ~[spring-beans-5.2.12.RELEASE.jar:5.2.12.RELEASE]
	at org.springframework.beans.factory.support.AbstractBeanFactory.doGetBean(AbstractBeanFactory.java:322) ~[spring-beans-5.2.12.RELEASE.jar:5.2.12.RELEASE]
	at org.springframework.beans.factory.support.AbstractBeanFactory.getBean(AbstractBeanFactory.java:202) ~[spring-beans-5.2.12.RELEASE.jar:5.2.12.RELEASE]
	at org.springframework.beans.factory.support.DefaultListableBeanFactory.preInstantiateSingletons(DefaultListableBeanFactory.java:897) ~[spring-beans-5.2.12.RELEASE.jar:5.2.12.RELEASE]
	at org.springframework.context.support.AbstractApplicationContext.finishBeanFactoryInitialization(AbstractApplicationContext.java:879) ~[spring-context-5.2.12.RELEASE.jar:5.2.12.RELEASE]
	at org.springframework.context.support.AbstractApplicationContext.refresh(AbstractApplicationContext.java:551) ~[spring-context-5.2.12.RELEASE.jar:5.2.12.RELEASE]
	at org.springframework.boot.SpringApplication.refresh(SpringApplication.java:758) ~[spring-boot-2.3.8.RELEASE.jar:2.3.8.RELEASE]
	at org.springframework.boot.SpringApplication.refresh(SpringApplication.java:750) ~[spring-boot-2.3.8.RELEASE.jar:2.3.8.RELEASE]
	at org.springframework.boot.SpringApplication.refreshContext(SpringApplication.java:405) ~[spring-boot-2.3.8.RELEASE.jar:2.3.8.RELEASE]
	at org.springframework.boot.SpringApplication.run(SpringApplication.java:315) ~[spring-boot-2.3.8.RELEASE.jar:2.3.8.RELEASE]
	at org.springframework.boot.test.context.SpringBootContextLoader.loadContext(SpringBootContextLoader.java:120) ~[spring-boot-test-2.3.8.RELEASE.jar:2.3.8.RELEASE]
	at org.springframework.test.context.cache.DefaultCacheAwareContextLoaderDelegate.loadContextInternal(DefaultCacheAwareContextLoaderDelegate.java:99) ~[spring-test-5.2.12.RELEASE.jar:5.2.12.RELEASE]
	at org.springframework.test.context.cache.DefaultCacheAwareContextLoaderDelegate.loadContext(DefaultCacheAwareContextLoaderDelegate.java:124) ~[spring-test-5.2.12.RELEASE.jar:5.2.12.RELEASE]
	... 46 common frames omitted
Caused by: org.springframework.beans.factory.BeanCreationException: Error creating bean with name 'entityLinks' defined in class path resource [org/springframework/data/rest/webmvc/config/RepositoryRestMvcConfiguration.class]: Bean instantiation via factory method failed; nested exception is org.springframework.beans.BeanInstantiationException: Failed to instantiate [org.springframework.data.rest.webmvc.support.RepositoryEntityLinks]: Factory method 'entityLinks' threw exception; nested exception is org.springframework.beans.factory.BeanCreationException: Error creating bean with name 'backendIdConverterRegistry' defined in class path resource [org/springframework/data/rest/webmvc/config/RepositoryRestMvcConfiguration.class]: Bean instantiation via factory method failed; nested exception is org.springframework.beans.BeanInstantiationException: Failed to instantiate [org.springframework.plugin.core.PluginRegistry]: Factory method 'backendIdConverterRegistry' threw exception; nested exception is java.lang.NoSuchMethodError: 'org.springframework.plugin.core.PluginRegistry org.springframework.plugin.core.PluginRegistry.of(java.util.List)'
	at org.springframework.beans.factory.support.ConstructorResolver.instantiate(ConstructorResolver.java:657) ~[spring-beans-5.2.12.RELEASE.jar:5.2.12.RELEASE]
	at org.springframework.beans.factory.support.ConstructorResolver.instantiateUsingFactoryMethod(ConstructorResolver.java:485) ~[spring-beans-5.2.12.RELEASE.jar:5.2.12.RELEASE]
	at org.springframework.beans.factory.support.AbstractAutowireCapableBeanFactory.instantiateUsingFactoryMethod(AbstractAutowireCapableBeanFactory.java:1336) ~[spring-beans-5.2.12.RELEASE.jar:5.2.12.RELEASE]
	at org.springframework.beans.factory.support.AbstractAutowireCapableBeanFactory.createBeanInstance(AbstractAutowireCapableBeanFactory.java:1176) ~[spring-beans-5.2.12.RELEASE.jar:5.2.12.RELEASE]
	at org.springframework.beans.factory.support.AbstractAutowireCapableBeanFactory.doCreateBean(AbstractAutowireCapableBeanFactory.java:556) ~[spring-beans-5.2.12.RELEASE.jar:5.2.12.RELEASE]
	at org.springframework.beans.factory.support.AbstractAutowireCapableBeanFactory.createBean(AbstractAutowireCapableBeanFactory.java:516) ~[spring-beans-5.2.12.RELEASE.jar:5.2.12.RELEASE]
	at org.springframework.beans.factory.support.AbstractBeanFactory.lambda$doGetBean$0(AbstractBeanFactory.java:324) ~[spring-beans-5.2.12.RELEASE.jar:5.2.12.RELEASE]
	at org.springframework.beans.factory.support.DefaultSingletonBeanRegistry.getSingleton(DefaultSingletonBeanRegistry.java:234) ~[spring-beans-5.2.12.RELEASE.jar:5.2.12.RELEASE]
	at org.springframework.beans.factory.support.AbstractBeanFactory.doGetBean(AbstractBeanFactory.java:322) ~[spring-beans-5.2.12.RELEASE.jar:5.2.12.RELEASE]
	at org.springframework.beans.factory.support.AbstractBeanFactory.getBean(AbstractBeanFactory.java:202) ~[spring-beans-5.2.12.RELEASE.jar:5.2.12.RELEASE]
	at org.springframework.beans.factory.config.DependencyDescriptor.resolveCandidate(DependencyDescriptor.java:276) ~[spring-beans-5.2.12.RELEASE.jar:5.2.12.RELEASE]
	at org.springframework.beans.factory.support.DefaultListableBeanFactory.doResolveDependency(DefaultListableBeanFactory.java:1307) ~[spring-beans-5.2.12.RELEASE.jar:5.2.12.RELEASE]
	at org.springframework.beans.factory.support.DefaultListableBeanFactory.resolveDependency(DefaultListableBeanFactory.java:1227) ~[spring-beans-5.2.12.RELEASE.jar:5.2.12.RELEASE]
	at org.springframework.beans.factory.support.ConstructorResolver.resolveAutowiredArgument(ConstructorResolver.java:886) ~[spring-beans-5.2.12.RELEASE.jar:5.2.12.RELEASE]
	at org.springframework.beans.factory.support.ConstructorResolver.createArgumentArray(ConstructorResolver.java:790) ~[spring-beans-5.2.12.RELEASE.jar:5.2.12.RELEASE]
	... 65 common frames omitted
Caused by: org.springframework.beans.BeanInstantiationException: Failed to instantiate [org.springframework.data.rest.webmvc.support.RepositoryEntityLinks]: Factory method 'entityLinks' threw exception; nested exception is org.springframework.beans.factory.BeanCreationException: Error creating bean with name 'backendIdConverterRegistry' defined in class path resource [org/springframework/data/rest/webmvc/config/RepositoryRestMvcConfiguration.class]: Bean instantiation via factory method failed; nested exception is org.springframework.beans.BeanInstantiationException: Failed to instantiate [org.springframework.plugin.core.PluginRegistry]: Factory method 'backendIdConverterRegistry' threw exception; nested exception is java.lang.NoSuchMethodError: 'org.springframework.plugin.core.PluginRegistry org.springframework.plugin.core.PluginRegistry.of(java.util.List)'
	at org.springframework.beans.factory.support.SimpleInstantiationStrategy.instantiate(SimpleInstantiationStrategy.java:185) ~[spring-beans-5.2.12.RELEASE.jar:5.2.12.RELEASE]
	at org.springframework.beans.factory.support.ConstructorResolver.instantiate(ConstructorResolver.java:652) ~[spring-beans-5.2.12.RELEASE.jar:5.2.12.RELEASE]
	... 79 common frames omitted
Caused by: org.springframework.beans.factory.BeanCreationException: Error creating bean with name 'backendIdConverterRegistry' defined in class path resource [org/springframework/data/rest/webmvc/config/RepositoryRestMvcConfiguration.class]: Bean instantiation via factory method failed; nested exception is org.springframework.beans.BeanInstantiationException: Failed to instantiate [org.springframework.plugin.core.PluginRegistry]: Factory method 'backendIdConverterRegistry' threw exception; nested exception is java.lang.NoSuchMethodError: 'org.springframework.plugin.core.PluginRegistry org.springframework.plugin.core.PluginRegistry.of(java.util.List)'
	at org.springframework.beans.factory.support.ConstructorResolver.instantiate(ConstructorResolver.java:657) ~[spring-beans-5.2.12.RELEASE.jar:5.2.12.RELEASE]
	at org.springframework.beans.factory.support.ConstructorResolver.instantiateUsingFactoryMethod(ConstructorResolver.java:485) ~[spring-beans-5.2.12.RELEASE.jar:5.2.12.RELEASE]
	at org.springframework.beans.factory.support.AbstractAutowireCapableBeanFactory.instantiateUsingFactoryMethod(AbstractAutowireCapableBeanFactory.java:1336) ~[spring-beans-5.2.12.RELEASE.jar:5.2.12.RELEASE]
	at org.springframework.beans.factory.support.AbstractAutowireCapableBeanFactory.createBeanInstance(AbstractAutowireCapableBeanFactory.java:1176) ~[spring-beans-5.2.12.RELEASE.jar:5.2.12.RELEASE]
	at org.springframework.beans.factory.support.AbstractAutowireCapableBeanFactory.doCreateBean(AbstractAutowireCapableBeanFactory.java:556) ~[spring-beans-5.2.12.RELEASE.jar:5.2.12.RELEASE]
	at org.springframework.beans.factory.support.AbstractAutowireCapableBeanFactory.createBean(AbstractAutowireCapableBeanFactory.java:516) ~[spring-beans-5.2.12.RELEASE.jar:5.2.12.RELEASE]
	at org.springframework.beans.factory.support.AbstractBeanFactory.lambda$doGetBean$0(AbstractBeanFactory.java:324) ~[spring-beans-5.2.12.RELEASE.jar:5.2.12.RELEASE]
	at org.springframework.beans.factory.support.DefaultSingletonBeanRegistry.getSingleton(DefaultSingletonBeanRegistry.java:234) ~[spring-beans-5.2.12.RELEASE.jar:5.2.12.RELEASE]
	at org.springframework.beans.factory.support.AbstractBeanFactory.doGetBean(AbstractBeanFactory.java:322) ~[spring-beans-5.2.12.RELEASE.jar:5.2.12.RELEASE]
	at org.springframework.beans.factory.support.AbstractBeanFactory.getBean(AbstractBeanFactory.java:202) ~[spring-beans-5.2.12.RELEASE.jar:5.2.12.RELEASE]
	at org.springframework.context.annotation.ConfigurationClassEnhancer$BeanMethodInterceptor.resolveBeanReference(ConfigurationClassEnhancer.java:362) ~[spring-context-5.2.12.RELEASE.jar:5.2.12.RELEASE]
	at org.springframework.context.annotation.ConfigurationClassEnhancer$BeanMethodInterceptor.intercept(ConfigurationClassEnhancer.java:334) ~[spring-context-5.2.12.RELEASE.jar:5.2.12.RELEASE]
	at org.springframework.data.rest.webmvc.config.RepositoryRestMvcConfiguration$$EnhancerBySpringCGLIB$$bf465672.backendIdConverterRegistry(<generated>) ~[spring-data-rest-webmvc-3.3.6.RELEASE.jar:3.3.6.RELEASE]
	at org.springframework.data.rest.webmvc.config.RepositoryRestMvcConfiguration.entityLinks(RepositoryRestMvcConfiguration.java:378) ~[spring-data-rest-webmvc-3.3.6.RELEASE.jar:3.3.6.RELEASE]
	at org.springframework.data.rest.webmvc.config.RepositoryRestMvcConfiguration$$EnhancerBySpringCGLIB$$bf465672.CGLIB$entityLinks$13(<generated>) ~[spring-data-rest-webmvc-3.3.6.RELEASE.jar:3.3.6.RELEASE]
	at org.springframework.data.rest.webmvc.config.RepositoryRestMvcConfiguration$$EnhancerBySpringCGLIB$$bf465672$$FastClassBySpringCGLIB$$e732fcc0.invoke(<generated>) ~[spring-data-rest-webmvc-3.3.6.RELEASE.jar:3.3.6.RELEASE]
	at org.springframework.cglib.proxy.MethodProxy.invokeSuper(MethodProxy.java:244) ~[spring-core-5.2.12.RELEASE.jar:5.2.12.RELEASE]
	at org.springframework.context.annotation.ConfigurationClassEnhancer$BeanMethodInterceptor.intercept(ConfigurationClassEnhancer.java:331) ~[spring-context-5.2.12.RELEASE.jar:5.2.12.RELEASE]
	at org.springframework.data.rest.webmvc.config.RepositoryRestMvcConfiguration$$EnhancerBySpringCGLIB$$bf465672.entityLinks(<generated>) ~[spring-data-rest-webmvc-3.3.6.RELEASE.jar:3.3.6.RELEASE]
	at java.base/jdk.internal.reflect.NativeMethodAccessorImpl.invoke0(Native Method) ~[na:na]
	at java.base/jdk.internal.reflect.NativeMethodAccessorImpl.invoke(NativeMethodAccessorImpl.java:62) ~[na:na]
	at java.base/jdk.internal.reflect.DelegatingMethodAccessorImpl.invoke(DelegatingMethodAccessorImpl.java:43) ~[na:na]
	at java.base/java.lang.reflect.Method.invoke(Method.java:566) ~[na:na]
	at org.springframework.beans.factory.support.SimpleInstantiationStrategy.instantiate(SimpleInstantiationStrategy.java:154) ~[spring-beans-5.2.12.RELEASE.jar:5.2.12.RELEASE]
	... 80 common frames omitted
Caused by: org.springframework.beans.BeanInstantiationException: Failed to instantiate [org.springframework.plugin.core.PluginRegistry]: Factory method 'backendIdConverterRegistry' threw exception; nested exception is java.lang.NoSuchMethodError: 'org.springframework.plugin.core.PluginRegistry org.springframework.plugin.core.PluginRegistry.of(java.util.List)'
	at org.springframework.beans.factory.support.SimpleInstantiationStrategy.instantiate(SimpleInstantiationStrategy.java:185) ~[spring-beans-5.2.12.RELEASE.jar:5.2.12.RELEASE]
	at org.springframework.beans.factory.support.ConstructorResolver.instantiate(ConstructorResolver.java:652) ~[spring-beans-5.2.12.RELEASE.jar:5.2.12.RELEASE]
	... 103 common frames omitted
Caused by: java.lang.NoSuchMethodError: 'org.springframework.plugin.core.PluginRegistry org.springframework.plugin.core.PluginRegistry.of(java.util.List)'
	at org.springframework.data.rest.webmvc.config.RepositoryRestMvcConfiguration.backendIdConverterRegistry(RepositoryRestMvcConfiguration.java:702) ~[spring-data-rest-webmvc-3.3.6.RELEASE.jar:3.3.6.RELEASE]
	at org.springframework.data.rest.webmvc.config.RepositoryRestMvcConfiguration$$EnhancerBySpringCGLIB$$bf465672.CGLIB$backendIdConverterRegistry$35(<generated>) ~[spring-data-rest-webmvc-3.3.6.RELEASE.jar:3.3.6.RELEASE]
	at org.springframework.data.rest.webmvc.config.RepositoryRestMvcConfiguration$$EnhancerBySpringCGLIB$$bf465672$$FastClassBySpringCGLIB$$e732fcc0.invoke(<generated>) ~[spring-data-rest-webmvc-3.3.6.RELEASE.jar:3.3.6.RELEASE]
	at org.springframework.cglib.proxy.MethodProxy.invokeSuper(MethodProxy.java:244) ~[spring-core-5.2.12.RELEASE.jar:5.2.12.RELEASE]
	at org.springframework.context.annotation.ConfigurationClassEnhancer$BeanMethodInterceptor.intercept(ConfigurationClassEnhancer.java:331) ~[spring-context-5.2.12.RELEASE.jar:5.2.12.RELEASE]
	at org.springframework.data.rest.webmvc.config.RepositoryRestMvcConfiguration$$EnhancerBySpringCGLIB$$bf465672.backendIdConverterRegistry(<generated>) ~[spring-data-rest-webmvc-3.3.6.RELEASE.jar:3.3.6.RELEASE]
	at java.base/jdk.internal.reflect.NativeMethodAccessorImpl.invoke0(Native Method) ~[na:na]
	at java.base/jdk.internal.reflect.NativeMethodAccessorImpl.invoke(NativeMethodAccessorImpl.java:62) ~[na:na]
	at java.base/jdk.internal.reflect.DelegatingMethodAccessorImpl.invoke(DelegatingMethodAccessorImpl.java:43) ~[na:na]
	at java.base/java.lang.reflect.Method.invoke(Method.java:566) ~[na:na]
	at org.springframework.beans.factory.support.SimpleInstantiationStrategy.instantiate(SimpleInstantiationStrategy.java:154) ~[spring-beans-5.2.12.RELEASE.jar:5.2.12.RELEASE]
	... 104 common frames omitted

]]></system-out>
  </testcase>
  <testcase name="testDeleteAddress" classname="repositories.AddressRepositoryTest" time="0">
    <error message="Failed to load ApplicationContext" type="java.lang.IllegalStateException">java.lang.IllegalStateException: Failed to load ApplicationContext
Caused by: org.springframework.beans.factory.UnsatisfiedDependencyException: Error creating bean with name 'repositoryEntityController' defined in URL [jar:file:/home/tmcnamara/.m2/repository/org/springframework/data/spring-data-rest-webmvc/3.3.6.RELEASE/spring-data-rest-webmvc-3.3.6.RELEASE.jar!/org/springframework/data/rest/webmvc/RepositoryEntityController.class]: Unsatisfied dependency expressed through constructor parameter 2; nested exception is org.springframework.beans.factory.BeanCreationException: Error creating bean with name 'entityLinks' defined in class path resource [org/springframework/data/rest/webmvc/config/RepositoryRestMvcConfiguration.class]: Bean instantiation via factory method failed; nested exception is org.springframework.beans.BeanInstantiationException: Failed to instantiate [org.springframework.data.rest.webmvc.support.RepositoryEntityLinks]: Factory method 'entityLinks' threw exception; nested exception is org.springframework.beans.factory.BeanCreationException: Error creating bean with name 'backendIdConverterRegistry' defined in class path resource [org/springframework/data/rest/webmvc/config/RepositoryRestMvcConfiguration.class]: Bean instantiation via factory method failed; nested exception is org.springframework.beans.BeanInstantiationException: Failed to instantiate [org.springframework.plugin.core.PluginRegistry]: Factory method 'backendIdConverterRegistry' threw exception; nested exception is java.lang.NoSuchMethodError: 'org.springframework.plugin.core.PluginRegistry org.springframework.plugin.core.PluginRegistry.of(java.util.List)'
Caused by: org.springframework.beans.factory.BeanCreationException: Error creating bean with name 'entityLinks' defined in class path resource [org/springframework/data/rest/webmvc/config/RepositoryRestMvcConfiguration.class]: Bean instantiation via factory method failed; nested exception is org.springframework.beans.BeanInstantiationException: Failed to instantiate [org.springframework.data.rest.webmvc.support.RepositoryEntityLinks]: Factory method 'entityLinks' threw exception; nested exception is org.springframework.beans.factory.BeanCreationException: Error creating bean with name 'backendIdConverterRegistry' defined in class path resource [org/springframework/data/rest/webmvc/config/RepositoryRestMvcConfiguration.class]: Bean instantiation via factory method failed; nested exception is org.springframework.beans.BeanInstantiationException: Failed to instantiate [org.springframework.plugin.core.PluginRegistry]: Factory method 'backendIdConverterRegistry' threw exception; nested exception is java.lang.NoSuchMethodError: 'org.springframework.plugin.core.PluginRegistry org.springframework.plugin.core.PluginRegistry.of(java.util.List)'
Caused by: org.springframework.beans.BeanInstantiationException: Failed to instantiate [org.springframework.data.rest.webmvc.support.RepositoryEntityLinks]: Factory method 'entityLinks' threw exception; nested exception is org.springframework.beans.factory.BeanCreationException: Error creating bean with name 'backendIdConverterRegistry' defined in class path resource [org/springframework/data/rest/webmvc/config/RepositoryRestMvcConfiguration.class]: Bean instantiation via factory method failed; nested exception is org.springframework.beans.BeanInstantiationException: Failed to instantiate [org.springframework.plugin.core.PluginRegistry]: Factory method 'backendIdConverterRegistry' threw exception; nested exception is java.lang.NoSuchMethodError: 'org.springframework.plugin.core.PluginRegistry org.springframework.plugin.core.PluginRegistry.of(java.util.List)'
Caused by: org.springframework.beans.factory.BeanCreationException: Error creating bean with name 'backendIdConverterRegistry' defined in class path resource [org/springframework/data/rest/webmvc/config/RepositoryRestMvcConfiguration.class]: Bean instantiation via factory method failed; nested exception is org.springframework.beans.BeanInstantiationException: Failed to instantiate [org.springframework.plugin.core.PluginRegistry]: Factory method 'backendIdConverterRegistry' threw exception; nested exception is java.lang.NoSuchMethodError: 'org.springframework.plugin.core.PluginRegistry org.springframework.plugin.core.PluginRegistry.of(java.util.List)'
Caused by: org.springframework.beans.BeanInstantiationException: Failed to instantiate [org.springframework.plugin.core.PluginRegistry]: Factory method 'backendIdConverterRegistry' threw exception; nested exception is java.lang.NoSuchMethodError: 'org.springframework.plugin.core.PluginRegistry org.springframework.plugin.core.PluginRegistry.of(java.util.List)'
Caused by: java.lang.NoSuchMethodError: 'org.springframework.plugin.core.PluginRegistry org.springframework.plugin.core.PluginRegistry.of(java.util.List)'
</error>
    <system-out><![CDATA[
  .   ____          _            __ _ _
 /\\ / ___'_ __ _ _(_)_ __  __ _ \ \ \ \
( ( )\___ | '_ | '_| | '_ \/ _` | \ \ \ \
 \\/  ___)| |_)| | | | | || (_| |  ) ) ) )
  '  |____| .__|_| |_|_| |_\__, | / / / /
 =========|_|==============|___/=/_/_/_/
 :: Spring Boot ::        (v2.3.8.RELEASE)

2021-02-11 11:09:23.136  INFO 736 --- [           main] repositories.AddressRepositoryTest       : Starting AddressRepositoryTest on tmcnamara-Latitude-E7470 with PID 736 (started by tmcnamara in /home/tmcnamara/IdeaProjects/com.astontech.hr)
2021-02-11 11:09:23.136  INFO 736 --- [           main] repositories.AddressRepositoryTest       : No active profile set, falling back to default profiles: default
2021-02-11 11:09:23.652  INFO 736 --- [           main] .s.d.r.c.RepositoryConfigurationDelegate : Bootstrapping Spring Data JPA repositories in DEFAULT mode.
2021-02-11 11:09:23.692  INFO 736 --- [           main] .s.d.r.c.RepositoryConfigurationDelegate : Finished Spring Data repository scanning in 38ms. Found 9 JPA repository interfaces.
2021-02-11 11:09:24.224  INFO 736 --- [           main] o.hibernate.jpa.internal.util.LogHelper  : HHH000204: Processing PersistenceUnitInfo [name: default]
2021-02-11 11:09:24.235  INFO 736 --- [           main] com.zaxxer.hikari.HikariDataSource       : HikariPool-2 - Starting...
2021-02-11 11:09:24.288  INFO 736 --- [           main] com.zaxxer.hikari.HikariDataSource       : HikariPool-2 - Start completed.
2021-02-11 11:09:24.289  INFO 736 --- [           main] org.hibernate.dialect.Dialect            : HHH000400: Using dialect: org.hibernate.dialect.MySQL57Dialect
2021-02-11 11:09:24.651  INFO 736 --- [           main] o.h.e.t.j.p.i.JtaPlatformInitiator       : HHH000490: Using JtaPlatform implementation: [org.hibernate.engine.transaction.jta.platform.internal.NoJtaPlatform]
2021-02-11 11:09:24.651  INFO 736 --- [           main] j.LocalContainerEntityManagerFactoryBean : Initialized JPA EntityManagerFactory for persistence unit 'default'
2021-02-11 11:09:24.976  WARN 736 --- [           main] o.s.w.c.s.GenericWebApplicationContext   : Exception encountered during context initialization - cancelling refresh attempt: org.springframework.beans.factory.UnsatisfiedDependencyException: Error creating bean with name 'repositoryEntityController' defined in URL [jar:file:/home/tmcnamara/.m2/repository/org/springframework/data/spring-data-rest-webmvc/3.3.6.RELEASE/spring-data-rest-webmvc-3.3.6.RELEASE.jar!/org/springframework/data/rest/webmvc/RepositoryEntityController.class]: Unsatisfied dependency expressed through constructor parameter 2; nested exception is org.springframework.beans.factory.BeanCreationException: Error creating bean with name 'entityLinks' defined in class path resource [org/springframework/data/rest/webmvc/config/RepositoryRestMvcConfiguration.class]: Bean instantiation via factory method failed; nested exception is org.springframework.beans.BeanInstantiationException: Failed to instantiate [org.springframework.data.rest.webmvc.support.RepositoryEntityLinks]: Factory method 'entityLinks' threw exception; nested exception is org.springframework.beans.factory.BeanCreationException: Error creating bean with name 'backendIdConverterRegistry' defined in class path resource [org/springframework/data/rest/webmvc/config/RepositoryRestMvcConfiguration.class]: Bean instantiation via factory method failed; nested exception is org.springframework.beans.BeanInstantiationException: Failed to instantiate [org.springframework.plugin.core.PluginRegistry]: Factory method 'backendIdConverterRegistry' threw exception; nested exception is java.lang.NoSuchMethodError: 'org.springframework.plugin.core.PluginRegistry org.springframework.plugin.core.PluginRegistry.of(java.util.List)'
2021-02-11 11:09:24.978  INFO 736 --- [           main] j.LocalContainerEntityManagerFactoryBean : Closing JPA EntityManagerFactory for persistence unit 'default'
2021-02-11 11:09:24.979  INFO 736 --- [           main] com.zaxxer.hikari.HikariDataSource       : HikariPool-2 - Shutdown initiated...
2021-02-11 11:09:25.019  INFO 736 --- [           main] com.zaxxer.hikari.HikariDataSource       : HikariPool-2 - Shutdown completed.
2021-02-11 11:09:25.029  INFO 736 --- [           main] ConditionEvaluationReportLoggingListener : 

Error starting ApplicationContext. To display the conditions report re-run your application with 'debug' enabled.
2021-02-11 11:09:25.031 ERROR 736 --- [           main] o.s.b.d.LoggingFailureAnalysisReporter   : 

***************************
APPLICATION FAILED TO START
***************************

Description:

An attempt was made to call a method that does not exist. The attempt was made from the following location:

    org.springframework.data.rest.webmvc.config.RepositoryRestMvcConfiguration.backendIdConverterRegistry(RepositoryRestMvcConfiguration.java:702)

The following method did not exist:

    'org.springframework.plugin.core.PluginRegistry org.springframework.plugin.core.PluginRegistry.of(java.util.List)'

The method's class, org.springframework.plugin.core.PluginRegistry, is available from the following locations:

    jar:file:/home/tmcnamara/.m2/repository/org/springframework/plugin/spring-plugin-core/1.2.0.RELEASE/spring-plugin-core-1.2.0.RELEASE.jar!/org/springframework/plugin/core/PluginRegistry.class

The class hierarchy was loaded from the following locations:

    org.springframework.plugin.core.PluginRegistry: file:/home/tmcnamara/.m2/repository/org/springframework/plugin/spring-plugin-core/1.2.0.RELEASE/spring-plugin-core-1.2.0.RELEASE.jar


Action:

Correct the classpath of your application so that it contains a single, compatible version of org.springframework.plugin.core.PluginRegistry

2021-02-11 11:09:25.039 ERROR 736 --- [           main] o.s.test.context.TestContextManager      : Caught exception while allowing TestExecutionListener [org.springframework.test.context.web.ServletTestExecutionListener@59d2400d] to prepare test instance [repositories.AddressRepositoryTest@1e3c4c12]

java.lang.IllegalStateException: Failed to load ApplicationContext
	at org.springframework.test.context.cache.DefaultCacheAwareContextLoaderDelegate.loadContext(DefaultCacheAwareContextLoaderDelegate.java:132) ~[spring-test-5.2.12.RELEASE.jar:5.2.12.RELEASE]
	at org.springframework.test.context.support.DefaultTestContext.getApplicationContext(DefaultTestContext.java:123) ~[spring-test-5.2.12.RELEASE.jar:5.2.12.RELEASE]
	at org.springframework.test.context.web.ServletTestExecutionListener.setUpRequestContextIfNecessary(ServletTestExecutionListener.java:190) ~[spring-test-5.2.12.RELEASE.jar:5.2.12.RELEASE]
	at org.springframework.test.context.web.ServletTestExecutionListener.prepareTestInstance(ServletTestExecutionListener.java:132) ~[spring-test-5.2.12.RELEASE.jar:5.2.12.RELEASE]
	at org.springframework.test.context.TestContextManager.prepareTestInstance(TestContextManager.java:244) ~[spring-test-5.2.12.RELEASE.jar:5.2.12.RELEASE]
	at org.springframework.test.context.junit4.SpringJUnit4ClassRunner.createTest(SpringJUnit4ClassRunner.java:227) ~[spring-test-5.2.12.RELEASE.jar:5.2.12.RELEASE]
	at org.springframework.test.context.junit4.SpringJUnit4ClassRunner$1.runReflectiveCall(SpringJUnit4ClassRunner.java:289) ~[spring-test-5.2.12.RELEASE.jar:5.2.12.RELEASE]
	at org.junit.internal.runners.model.ReflectiveCallable.run(ReflectiveCallable.java:12) ~[junit-4.13.1.jar:4.13.1]
	at org.springframework.test.context.junit4.SpringJUnit4ClassRunner.methodBlock(SpringJUnit4ClassRunner.java:291) ~[spring-test-5.2.12.RELEASE.jar:5.2.12.RELEASE]
	at org.springframework.test.context.junit4.SpringJUnit4ClassRunner.runChild(SpringJUnit4ClassRunner.java:246) ~[spring-test-5.2.12.RELEASE.jar:5.2.12.RELEASE]
	at org.springframework.test.context.junit4.SpringJUnit4ClassRunner.runChild(SpringJUnit4ClassRunner.java:97) ~[spring-test-5.2.12.RELEASE.jar:5.2.12.RELEASE]
	at org.junit.runners.ParentRunner$4.run(ParentRunner.java:331) ~[junit-4.13.1.jar:4.13.1]
	at org.junit.runners.ParentRunner$1.schedule(ParentRunner.java:79) ~[junit-4.13.1.jar:4.13.1]
	at org.junit.runners.ParentRunner.runChildren(ParentRunner.java:329) ~[junit-4.13.1.jar:4.13.1]
	at org.junit.runners.ParentRunner.access$100(ParentRunner.java:66) ~[junit-4.13.1.jar:4.13.1]
	at org.junit.runners.ParentRunner$2.evaluate(ParentRunner.java:293) ~[junit-4.13.1.jar:4.13.1]
	at org.springframework.test.context.junit4.statements.RunBeforeTestClassCallbacks.evaluate(RunBeforeTestClassCallbacks.java:61) ~[spring-test-5.2.12.RELEASE.jar:5.2.12.RELEASE]
	at org.springframework.test.context.junit4.statements.RunAfterTestClassCallbacks.evaluate(RunAfterTestClassCallbacks.java:70) ~[spring-test-5.2.12.RELEASE.jar:5.2.12.RELEASE]
	at org.junit.runners.ParentRunner$3.evaluate(ParentRunner.java:306) ~[junit-4.13.1.jar:4.13.1]
	at org.junit.runners.ParentRunner.run(ParentRunner.java:413) ~[junit-4.13.1.jar:4.13.1]
	at org.springframework.test.context.junit4.SpringJUnit4ClassRunner.run(SpringJUnit4ClassRunner.java:190) ~[spring-test-5.2.12.RELEASE.jar:5.2.12.RELEASE]
	at org.junit.runner.JUnitCore.run(JUnitCore.java:137) ~[junit-4.13.1.jar:4.13.1]
	at org.junit.runner.JUnitCore.run(JUnitCore.java:115) ~[junit-4.13.1.jar:4.13.1]
	at org.junit.vintage.engine.execution.RunnerExecutor.execute(RunnerExecutor.java:43) ~[junit-vintage-engine-5.6.3.jar:5.6.3]
	at java.base/java.util.stream.ForEachOps$ForEachOp$OfRef.accept(ForEachOps.java:183) ~[na:na]
	at java.base/java.util.stream.ReferencePipeline$3$1.accept(ReferencePipeline.java:195) ~[na:na]
	at java.base/java.util.Iterator.forEachRemaining(Iterator.java:133) ~[na:na]
	at java.base/java.util.Spliterators$IteratorSpliterator.forEachRemaining(Spliterators.java:1801) ~[na:na]
	at java.base/java.util.stream.AbstractPipeline.copyInto(AbstractPipeline.java:484) ~[na:na]
	at java.base/java.util.stream.AbstractPipeline.wrapAndCopyInto(AbstractPipeline.java:474) ~[na:na]
	at java.base/java.util.stream.ForEachOps$ForEachOp.evaluateSequential(ForEachOps.java:150) ~[na:na]
	at java.base/java.util.stream.ForEachOps$ForEachOp$OfRef.evaluateSequential(ForEachOps.java:173) ~[na:na]
	at java.base/java.util.stream.AbstractPipeline.evaluate(AbstractPipeline.java:234) ~[na:na]
	at java.base/java.util.stream.ReferencePipeline.forEach(ReferencePipeline.java:497) ~[na:na]
	at org.junit.vintage.engine.VintageTestEngine.executeAllChildren(VintageTestEngine.java:82) ~[junit-vintage-engine-5.6.3.jar:5.6.3]
	at org.junit.vintage.engine.VintageTestEngine.execute(VintageTestEngine.java:73) ~[junit-vintage-engine-5.6.3.jar:5.6.3]
	at org.junit.platform.launcher.core.DefaultLauncher.execute(DefaultLauncher.java:220) ~[junit-platform-launcher-1.3.1.jar:1.3.1]
	at org.junit.platform.launcher.core.DefaultLauncher.lambda$execute$6(DefaultLauncher.java:188) ~[junit-platform-launcher-1.3.1.jar:1.3.1]
	at org.junit.platform.launcher.core.DefaultLauncher.withInterceptedStreams(DefaultLauncher.java:202) ~[junit-platform-launcher-1.3.1.jar:1.3.1]
	at org.junit.platform.launcher.core.DefaultLauncher.execute(DefaultLauncher.java:181) ~[junit-platform-launcher-1.3.1.jar:1.3.1]
	at org.junit.platform.launcher.core.DefaultLauncher.execute(DefaultLauncher.java:128) ~[junit-platform-launcher-1.3.1.jar:1.3.1]
	at org.apache.maven.surefire.junitplatform.JUnitPlatformProvider.invokeAllTests(JUnitPlatformProvider.java:150) ~[surefire-junit-platform-2.22.2.jar:2.22.2]
	at org.apache.maven.surefire.junitplatform.JUnitPlatformProvider.invoke(JUnitPlatformProvider.java:124) ~[surefire-junit-platform-2.22.2.jar:2.22.2]
	at org.apache.maven.surefire.booter.ForkedBooter.invokeProviderInSameClassLoader(ForkedBooter.java:384) ~[surefire-booter-2.22.2.jar:2.22.2]
	at org.apache.maven.surefire.booter.ForkedBooter.runSuitesInProcess(ForkedBooter.java:345) ~[surefire-booter-2.22.2.jar:2.22.2]
	at org.apache.maven.surefire.booter.ForkedBooter.execute(ForkedBooter.java:126) ~[surefire-booter-2.22.2.jar:2.22.2]
	at org.apache.maven.surefire.booter.ForkedBooter.main(ForkedBooter.java:418) ~[surefire-booter-2.22.2.jar:2.22.2]
Caused by: org.springframework.beans.factory.UnsatisfiedDependencyException: Error creating bean with name 'repositoryEntityController' defined in URL [jar:file:/home/tmcnamara/.m2/repository/org/springframework/data/spring-data-rest-webmvc/3.3.6.RELEASE/spring-data-rest-webmvc-3.3.6.RELEASE.jar!/org/springframework/data/rest/webmvc/RepositoryEntityController.class]: Unsatisfied dependency expressed through constructor parameter 2; nested exception is org.springframework.beans.factory.BeanCreationException: Error creating bean with name 'entityLinks' defined in class path resource [org/springframework/data/rest/webmvc/config/RepositoryRestMvcConfiguration.class]: Bean instantiation via factory method failed; nested exception is org.springframework.beans.BeanInstantiationException: Failed to instantiate [org.springframework.data.rest.webmvc.support.RepositoryEntityLinks]: Factory method 'entityLinks' threw exception; nested exception is org.springframework.beans.factory.BeanCreationException: Error creating bean with name 'backendIdConverterRegistry' defined in class path resource [org/springframework/data/rest/webmvc/config/RepositoryRestMvcConfiguration.class]: Bean instantiation via factory method failed; nested exception is org.springframework.beans.BeanInstantiationException: Failed to instantiate [org.springframework.plugin.core.PluginRegistry]: Factory method 'backendIdConverterRegistry' threw exception; nested exception is java.lang.NoSuchMethodError: 'org.springframework.plugin.core.PluginRegistry org.springframework.plugin.core.PluginRegistry.of(java.util.List)'
	at org.springframework.beans.factory.support.ConstructorResolver.createArgumentArray(ConstructorResolver.java:799) ~[spring-beans-5.2.12.RELEASE.jar:5.2.12.RELEASE]
	at org.springframework.beans.factory.support.ConstructorResolver.autowireConstructor(ConstructorResolver.java:228) ~[spring-beans-5.2.12.RELEASE.jar:5.2.12.RELEASE]
	at org.springframework.beans.factory.support.AbstractAutowireCapableBeanFactory.autowireConstructor(AbstractAutowireCapableBeanFactory.java:1356) ~[spring-beans-5.2.12.RELEASE.jar:5.2.12.RELEASE]
	at org.springframework.beans.factory.support.AbstractAutowireCapableBeanFactory.createBeanInstance(AbstractAutowireCapableBeanFactory.java:1203) ~[spring-beans-5.2.12.RELEASE.jar:5.2.12.RELEASE]
	at org.springframework.beans.factory.support.AbstractAutowireCapableBeanFactory.doCreateBean(AbstractAutowireCapableBeanFactory.java:556) ~[spring-beans-5.2.12.RELEASE.jar:5.2.12.RELEASE]
	at org.springframework.beans.factory.support.AbstractAutowireCapableBeanFactory.createBean(AbstractAutowireCapableBeanFactory.java:516) ~[spring-beans-5.2.12.RELEASE.jar:5.2.12.RELEASE]
	at org.springframework.beans.factory.support.AbstractBeanFactory.lambda$doGetBean$0(AbstractBeanFactory.java:324) ~[spring-beans-5.2.12.RELEASE.jar:5.2.12.RELEASE]
	at org.springframework.beans.factory.support.DefaultSingletonBeanRegistry.getSingleton(DefaultSingletonBeanRegistry.java:234) ~[spring-beans-5.2.12.RELEASE.jar:5.2.12.RELEASE]
	at org.springframework.beans.factory.support.AbstractBeanFactory.doGetBean(AbstractBeanFactory.java:322) ~[spring-beans-5.2.12.RELEASE.jar:5.2.12.RELEASE]
	at org.springframework.beans.factory.support.AbstractBeanFactory.getBean(AbstractBeanFactory.java:202) ~[spring-beans-5.2.12.RELEASE.jar:5.2.12.RELEASE]
	at org.springframework.beans.factory.support.DefaultListableBeanFactory.preInstantiateSingletons(DefaultListableBeanFactory.java:897) ~[spring-beans-5.2.12.RELEASE.jar:5.2.12.RELEASE]
	at org.springframework.context.support.AbstractApplicationContext.finishBeanFactoryInitialization(AbstractApplicationContext.java:879) ~[spring-context-5.2.12.RELEASE.jar:5.2.12.RELEASE]
	at org.springframework.context.support.AbstractApplicationContext.refresh(AbstractApplicationContext.java:551) ~[spring-context-5.2.12.RELEASE.jar:5.2.12.RELEASE]
	at org.springframework.boot.SpringApplication.refresh(SpringApplication.java:758) ~[spring-boot-2.3.8.RELEASE.jar:2.3.8.RELEASE]
	at org.springframework.boot.SpringApplication.refresh(SpringApplication.java:750) ~[spring-boot-2.3.8.RELEASE.jar:2.3.8.RELEASE]
	at org.springframework.boot.SpringApplication.refreshContext(SpringApplication.java:405) ~[spring-boot-2.3.8.RELEASE.jar:2.3.8.RELEASE]
	at org.springframework.boot.SpringApplication.run(SpringApplication.java:315) ~[spring-boot-2.3.8.RELEASE.jar:2.3.8.RELEASE]
	at org.springframework.boot.test.context.SpringBootContextLoader.loadContext(SpringBootContextLoader.java:120) ~[spring-boot-test-2.3.8.RELEASE.jar:2.3.8.RELEASE]
	at org.springframework.test.context.cache.DefaultCacheAwareContextLoaderDelegate.loadContextInternal(DefaultCacheAwareContextLoaderDelegate.java:99) ~[spring-test-5.2.12.RELEASE.jar:5.2.12.RELEASE]
	at org.springframework.test.context.cache.DefaultCacheAwareContextLoaderDelegate.loadContext(DefaultCacheAwareContextLoaderDelegate.java:124) ~[spring-test-5.2.12.RELEASE.jar:5.2.12.RELEASE]
	... 46 common frames omitted
Caused by: org.springframework.beans.factory.BeanCreationException: Error creating bean with name 'entityLinks' defined in class path resource [org/springframework/data/rest/webmvc/config/RepositoryRestMvcConfiguration.class]: Bean instantiation via factory method failed; nested exception is org.springframework.beans.BeanInstantiationException: Failed to instantiate [org.springframework.data.rest.webmvc.support.RepositoryEntityLinks]: Factory method 'entityLinks' threw exception; nested exception is org.springframework.beans.factory.BeanCreationException: Error creating bean with name 'backendIdConverterRegistry' defined in class path resource [org/springframework/data/rest/webmvc/config/RepositoryRestMvcConfiguration.class]: Bean instantiation via factory method failed; nested exception is org.springframework.beans.BeanInstantiationException: Failed to instantiate [org.springframework.plugin.core.PluginRegistry]: Factory method 'backendIdConverterRegistry' threw exception; nested exception is java.lang.NoSuchMethodError: 'org.springframework.plugin.core.PluginRegistry org.springframework.plugin.core.PluginRegistry.of(java.util.List)'
	at org.springframework.beans.factory.support.ConstructorResolver.instantiate(ConstructorResolver.java:657) ~[spring-beans-5.2.12.RELEASE.jar:5.2.12.RELEASE]
	at org.springframework.beans.factory.support.ConstructorResolver.instantiateUsingFactoryMethod(ConstructorResolver.java:485) ~[spring-beans-5.2.12.RELEASE.jar:5.2.12.RELEASE]
	at org.springframework.beans.factory.support.AbstractAutowireCapableBeanFactory.instantiateUsingFactoryMethod(AbstractAutowireCapableBeanFactory.java:1336) ~[spring-beans-5.2.12.RELEASE.jar:5.2.12.RELEASE]
	at org.springframework.beans.factory.support.AbstractAutowireCapableBeanFactory.createBeanInstance(AbstractAutowireCapableBeanFactory.java:1176) ~[spring-beans-5.2.12.RELEASE.jar:5.2.12.RELEASE]
	at org.springframework.beans.factory.support.AbstractAutowireCapableBeanFactory.doCreateBean(AbstractAutowireCapableBeanFactory.java:556) ~[spring-beans-5.2.12.RELEASE.jar:5.2.12.RELEASE]
	at org.springframework.beans.factory.support.AbstractAutowireCapableBeanFactory.createBean(AbstractAutowireCapableBeanFactory.java:516) ~[spring-beans-5.2.12.RELEASE.jar:5.2.12.RELEASE]
	at org.springframework.beans.factory.support.AbstractBeanFactory.lambda$doGetBean$0(AbstractBeanFactory.java:324) ~[spring-beans-5.2.12.RELEASE.jar:5.2.12.RELEASE]
	at org.springframework.beans.factory.support.DefaultSingletonBeanRegistry.getSingleton(DefaultSingletonBeanRegistry.java:234) ~[spring-beans-5.2.12.RELEASE.jar:5.2.12.RELEASE]
	at org.springframework.beans.factory.support.AbstractBeanFactory.doGetBean(AbstractBeanFactory.java:322) ~[spring-beans-5.2.12.RELEASE.jar:5.2.12.RELEASE]
	at org.springframework.beans.factory.support.AbstractBeanFactory.getBean(AbstractBeanFactory.java:202) ~[spring-beans-5.2.12.RELEASE.jar:5.2.12.RELEASE]
	at org.springframework.beans.factory.config.DependencyDescriptor.resolveCandidate(DependencyDescriptor.java:276) ~[spring-beans-5.2.12.RELEASE.jar:5.2.12.RELEASE]
	at org.springframework.beans.factory.support.DefaultListableBeanFactory.doResolveDependency(DefaultListableBeanFactory.java:1307) ~[spring-beans-5.2.12.RELEASE.jar:5.2.12.RELEASE]
	at org.springframework.beans.factory.support.DefaultListableBeanFactory.resolveDependency(DefaultListableBeanFactory.java:1227) ~[spring-beans-5.2.12.RELEASE.jar:5.2.12.RELEASE]
	at org.springframework.beans.factory.support.ConstructorResolver.resolveAutowiredArgument(ConstructorResolver.java:886) ~[spring-beans-5.2.12.RELEASE.jar:5.2.12.RELEASE]
	at org.springframework.beans.factory.support.ConstructorResolver.createArgumentArray(ConstructorResolver.java:790) ~[spring-beans-5.2.12.RELEASE.jar:5.2.12.RELEASE]
	... 65 common frames omitted
Caused by: org.springframework.beans.BeanInstantiationException: Failed to instantiate [org.springframework.data.rest.webmvc.support.RepositoryEntityLinks]: Factory method 'entityLinks' threw exception; nested exception is org.springframework.beans.factory.BeanCreationException: Error creating bean with name 'backendIdConverterRegistry' defined in class path resource [org/springframework/data/rest/webmvc/config/RepositoryRestMvcConfiguration.class]: Bean instantiation via factory method failed; nested exception is org.springframework.beans.BeanInstantiationException: Failed to instantiate [org.springframework.plugin.core.PluginRegistry]: Factory method 'backendIdConverterRegistry' threw exception; nested exception is java.lang.NoSuchMethodError: 'org.springframework.plugin.core.PluginRegistry org.springframework.plugin.core.PluginRegistry.of(java.util.List)'
	at org.springframework.beans.factory.support.SimpleInstantiationStrategy.instantiate(SimpleInstantiationStrategy.java:185) ~[spring-beans-5.2.12.RELEASE.jar:5.2.12.RELEASE]
	at org.springframework.beans.factory.support.ConstructorResolver.instantiate(ConstructorResolver.java:652) ~[spring-beans-5.2.12.RELEASE.jar:5.2.12.RELEASE]
	... 79 common frames omitted
Caused by: org.springframework.beans.factory.BeanCreationException: Error creating bean with name 'backendIdConverterRegistry' defined in class path resource [org/springframework/data/rest/webmvc/config/RepositoryRestMvcConfiguration.class]: Bean instantiation via factory method failed; nested exception is org.springframework.beans.BeanInstantiationException: Failed to instantiate [org.springframework.plugin.core.PluginRegistry]: Factory method 'backendIdConverterRegistry' threw exception; nested exception is java.lang.NoSuchMethodError: 'org.springframework.plugin.core.PluginRegistry org.springframework.plugin.core.PluginRegistry.of(java.util.List)'
	at org.springframework.beans.factory.support.ConstructorResolver.instantiate(ConstructorResolver.java:657) ~[spring-beans-5.2.12.RELEASE.jar:5.2.12.RELEASE]
	at org.springframework.beans.factory.support.ConstructorResolver.instantiateUsingFactoryMethod(ConstructorResolver.java:485) ~[spring-beans-5.2.12.RELEASE.jar:5.2.12.RELEASE]
	at org.springframework.beans.factory.support.AbstractAutowireCapableBeanFactory.instantiateUsingFactoryMethod(AbstractAutowireCapableBeanFactory.java:1336) ~[spring-beans-5.2.12.RELEASE.jar:5.2.12.RELEASE]
	at org.springframework.beans.factory.support.AbstractAutowireCapableBeanFactory.createBeanInstance(AbstractAutowireCapableBeanFactory.java:1176) ~[spring-beans-5.2.12.RELEASE.jar:5.2.12.RELEASE]
	at org.springframework.beans.factory.support.AbstractAutowireCapableBeanFactory.doCreateBean(AbstractAutowireCapableBeanFactory.java:556) ~[spring-beans-5.2.12.RELEASE.jar:5.2.12.RELEASE]
	at org.springframework.beans.factory.support.AbstractAutowireCapableBeanFactory.createBean(AbstractAutowireCapableBeanFactory.java:516) ~[spring-beans-5.2.12.RELEASE.jar:5.2.12.RELEASE]
	at org.springframework.beans.factory.support.AbstractBeanFactory.lambda$doGetBean$0(AbstractBeanFactory.java:324) ~[spring-beans-5.2.12.RELEASE.jar:5.2.12.RELEASE]
	at org.springframework.beans.factory.support.DefaultSingletonBeanRegistry.getSingleton(DefaultSingletonBeanRegistry.java:234) ~[spring-beans-5.2.12.RELEASE.jar:5.2.12.RELEASE]
	at org.springframework.beans.factory.support.AbstractBeanFactory.doGetBean(AbstractBeanFactory.java:322) ~[spring-beans-5.2.12.RELEASE.jar:5.2.12.RELEASE]
	at org.springframework.beans.factory.support.AbstractBeanFactory.getBean(AbstractBeanFactory.java:202) ~[spring-beans-5.2.12.RELEASE.jar:5.2.12.RELEASE]
	at org.springframework.context.annotation.ConfigurationClassEnhancer$BeanMethodInterceptor.resolveBeanReference(ConfigurationClassEnhancer.java:362) ~[spring-context-5.2.12.RELEASE.jar:5.2.12.RELEASE]
	at org.springframework.context.annotation.ConfigurationClassEnhancer$BeanMethodInterceptor.intercept(ConfigurationClassEnhancer.java:334) ~[spring-context-5.2.12.RELEASE.jar:5.2.12.RELEASE]
	at org.springframework.data.rest.webmvc.config.RepositoryRestMvcConfiguration$$EnhancerBySpringCGLIB$$bf465672.backendIdConverterRegistry(<generated>) ~[spring-data-rest-webmvc-3.3.6.RELEASE.jar:3.3.6.RELEASE]
	at org.springframework.data.rest.webmvc.config.RepositoryRestMvcConfiguration.entityLinks(RepositoryRestMvcConfiguration.java:378) ~[spring-data-rest-webmvc-3.3.6.RELEASE.jar:3.3.6.RELEASE]
	at org.springframework.data.rest.webmvc.config.RepositoryRestMvcConfiguration$$EnhancerBySpringCGLIB$$bf465672.CGLIB$entityLinks$13(<generated>) ~[spring-data-rest-webmvc-3.3.6.RELEASE.jar:3.3.6.RELEASE]
	at org.springframework.data.rest.webmvc.config.RepositoryRestMvcConfiguration$$EnhancerBySpringCGLIB$$bf465672$$FastClassBySpringCGLIB$$e732fcc0.invoke(<generated>) ~[spring-data-rest-webmvc-3.3.6.RELEASE.jar:3.3.6.RELEASE]
	at org.springframework.cglib.proxy.MethodProxy.invokeSuper(MethodProxy.java:244) ~[spring-core-5.2.12.RELEASE.jar:5.2.12.RELEASE]
	at org.springframework.context.annotation.ConfigurationClassEnhancer$BeanMethodInterceptor.intercept(ConfigurationClassEnhancer.java:331) ~[spring-context-5.2.12.RELEASE.jar:5.2.12.RELEASE]
	at org.springframework.data.rest.webmvc.config.RepositoryRestMvcConfiguration$$EnhancerBySpringCGLIB$$bf465672.entityLinks(<generated>) ~[spring-data-rest-webmvc-3.3.6.RELEASE.jar:3.3.6.RELEASE]
	at java.base/jdk.internal.reflect.NativeMethodAccessorImpl.invoke0(Native Method) ~[na:na]
	at java.base/jdk.internal.reflect.NativeMethodAccessorImpl.invoke(NativeMethodAccessorImpl.java:62) ~[na:na]
	at java.base/jdk.internal.reflect.DelegatingMethodAccessorImpl.invoke(DelegatingMethodAccessorImpl.java:43) ~[na:na]
	at java.base/java.lang.reflect.Method.invoke(Method.java:566) ~[na:na]
	at org.springframework.beans.factory.support.SimpleInstantiationStrategy.instantiate(SimpleInstantiationStrategy.java:154) ~[spring-beans-5.2.12.RELEASE.jar:5.2.12.RELEASE]
	... 80 common frames omitted
Caused by: org.springframework.beans.BeanInstantiationException: Failed to instantiate [org.springframework.plugin.core.PluginRegistry]: Factory method 'backendIdConverterRegistry' threw exception; nested exception is java.lang.NoSuchMethodError: 'org.springframework.plugin.core.PluginRegistry org.springframework.plugin.core.PluginRegistry.of(java.util.List)'
	at org.springframework.beans.factory.support.SimpleInstantiationStrategy.instantiate(SimpleInstantiationStrategy.java:185) ~[spring-beans-5.2.12.RELEASE.jar:5.2.12.RELEASE]
	at org.springframework.beans.factory.support.ConstructorResolver.instantiate(ConstructorResolver.java:652) ~[spring-beans-5.2.12.RELEASE.jar:5.2.12.RELEASE]
	... 103 common frames omitted
Caused by: java.lang.NoSuchMethodError: 'org.springframework.plugin.core.PluginRegistry org.springframework.plugin.core.PluginRegistry.of(java.util.List)'
	at org.springframework.data.rest.webmvc.config.RepositoryRestMvcConfiguration.backendIdConverterRegistry(RepositoryRestMvcConfiguration.java:702) ~[spring-data-rest-webmvc-3.3.6.RELEASE.jar:3.3.6.RELEASE]
	at org.springframework.data.rest.webmvc.config.RepositoryRestMvcConfiguration$$EnhancerBySpringCGLIB$$bf465672.CGLIB$backendIdConverterRegistry$35(<generated>) ~[spring-data-rest-webmvc-3.3.6.RELEASE.jar:3.3.6.RELEASE]
	at org.springframework.data.rest.webmvc.config.RepositoryRestMvcConfiguration$$EnhancerBySpringCGLIB$$bf465672$$FastClassBySpringCGLIB$$e732fcc0.invoke(<generated>) ~[spring-data-rest-webmvc-3.3.6.RELEASE.jar:3.3.6.RELEASE]
	at org.springframework.cglib.proxy.MethodProxy.invokeSuper(MethodProxy.java:244) ~[spring-core-5.2.12.RELEASE.jar:5.2.12.RELEASE]
	at org.springframework.context.annotation.ConfigurationClassEnhancer$BeanMethodInterceptor.intercept(ConfigurationClassEnhancer.java:331) ~[spring-context-5.2.12.RELEASE.jar:5.2.12.RELEASE]
	at org.springframework.data.rest.webmvc.config.RepositoryRestMvcConfiguration$$EnhancerBySpringCGLIB$$bf465672.backendIdConverterRegistry(<generated>) ~[spring-data-rest-webmvc-3.3.6.RELEASE.jar:3.3.6.RELEASE]
	at java.base/jdk.internal.reflect.NativeMethodAccessorImpl.invoke0(Native Method) ~[na:na]
	at java.base/jdk.internal.reflect.NativeMethodAccessorImpl.invoke(NativeMethodAccessorImpl.java:62) ~[na:na]
	at java.base/jdk.internal.reflect.DelegatingMethodAccessorImpl.invoke(DelegatingMethodAccessorImpl.java:43) ~[na:na]
	at java.base/java.lang.reflect.Method.invoke(Method.java:566) ~[na:na]
	at org.springframework.beans.factory.support.SimpleInstantiationStrategy.instantiate(SimpleInstantiationStrategy.java:154) ~[spring-beans-5.2.12.RELEASE.jar:5.2.12.RELEASE]
	... 104 common frames omitted

]]></system-out>
  </testcase>
</testsuite>